
bounds:tensor([-1.], device='cuda:0')	db:15	Pt_max:31.62277603149414
model init: 
lambdas:{'pout': tensor([1.], device='cuda:0'), 'power': tensor([1.], device='cuda:0')},
vars:{'pout': tensor([0.], device='cuda:0'), 'power': tensor([0.], device='cuda:0')}

====================================================================================================
====================================================================================================
====================================================================================================

epoch:0
Traceback (most recent call last):
  File "g:\CINT\Data_model_drive_direct\HARQ_MSC\train\main.py", line 225, in <module>
    train()
  File "g:\CINT\Data_model_drive_direct\HARQ_MSC\train\main.py", line 129, in train
    pt = model_pd(Hx_dir={"Hx": x, 'edge_index': cinfo['tr']['edge_index']},
  File "F:\Miniconda\envs\HARQ_GCN\lib\site-packages\torch\nn\modules\module.py", line 1736, in _wrapped_call_impl
    return self._call_impl(*args, **kwargs)
  File "F:\Miniconda\envs\HARQ_GCN\lib\site-packages\torch\nn\modules\module.py", line 1747, in _call_impl
    return forward_call(*args, **kwargs)
  File "g:\CINT\Data_model_drive_direct\HARQ_MSC\train\model.py", line 101, in forward
    pt = self.model(**Hx_dir)  # 注意这里，去掉了 edge_weights_batch
  File "F:\Miniconda\envs\HARQ_GCN\lib\site-packages\torch\nn\modules\module.py", line 1736, in _wrapped_call_impl
    return self._call_impl(*args, **kwargs)
  File "F:\Miniconda\envs\HARQ_GCN\lib\site-packages\torch\nn\modules\module.py", line 1747, in _call_impl
    return forward_call(*args, **kwargs)
  File "g:\CINT\Data_model_drive_direct\HARQ_MSC\train\model.py", line 60, in forward
    pt = self.model(p_init, self._ei_batch).reshape(-1, self.size)
  File "F:\Miniconda\envs\HARQ_GCN\lib\site-packages\torch\nn\modules\module.py", line 1736, in _wrapped_call_impl
    return self._call_impl(*args, **kwargs)
  File "F:\Miniconda\envs\HARQ_GCN\lib\site-packages\torch\nn\modules\module.py", line 1747, in _call_impl
    return forward_call(*args, **kwargs)
TypeError: forward() missing 1 required positional argument: 'edge_weights'
