
bounds:-1.0	db:[10, 12, 14, 16, 18, 20, 22, 24]	Pt_max:1.0
model init: 
lambdas:{'pout': tensor([1.]), 'power': tensor([1.])},
vars:{'pout': tensor([0.]), 'power': tensor([0.])}

====================================================================================================

training epoch:0
 l_p: 0.371673047542572  l_d: -35.599796295166016  lagr: -35.22812271118164
====================================================================================================

training epoch:1
 l_p: 0.16520552337169647  l_d: -65.02665710449219  lagr: -64.8614501953125
====================================================================================================

training epoch:2
 l_p: 0.1259882152080536  l_d: -55.55976486206055  lagr: -55.43377685546875
====================================================================================================

training epoch:3
 l_p: 0.13188350200653076  l_d: -63.463584899902344  lagr: -63.331703186035156
====================================================================================================

training epoch:4
 l_p: 0.08311284333467484  l_d: -50.19815444946289  lagr: -50.11503982543945
====================================================================================================

training epoch:5
 l_p: 0.09234156459569931  l_d: -70.48213195800781  lagr: -70.3897933959961
====================================================================================================

training epoch:6
 l_p: 0.09018735587596893  l_d: -56.63546371459961  lagr: -56.5452766418457
====================================================================================================

training epoch:7
 l_p: 0.09554228186607361  l_d: -41.26827621459961  lagr: -41.172733306884766
====================================================================================================

training epoch:8
 l_p: 0.08549070358276367  l_d: -59.64862823486328  lagr: -59.56313705444336
====================================================================================================

training epoch:9
 l_p: 0.13857640326023102  l_d: -67.29371643066406  lagr: -67.15514373779297
====================================================================================================

training epoch:10
 l_p: 0.09188366681337357  l_d: -59.558250427246094  lagr: -59.466365814208984
====================================================================================================

training epoch:11
 l_p: 0.11943887919187546  l_d: -48.7741813659668  lagr: -48.65474319458008
====================================================================================================

training epoch:12
 l_p: 0.09494784474372864  l_d: -41.673851013183594  lagr: -41.57890319824219
====================================================================================================

training epoch:13
 l_p: 0.09119589626789093  l_d: -43.432315826416016  lagr: -43.341121673583984
====================================================================================================

training epoch:14
 l_p: 0.09079346060752869  l_d: -46.06599426269531  lagr: -45.97520065307617
====================================================================================================

training epoch:15
 l_p: 0.08919472992420197  l_d: -35.07619857788086  lagr: -34.987003326416016
====================================================================================================

training epoch:16
 l_p: 0.09380916506052017  l_d: -38.777347564697266  lagr: -38.683536529541016
====================================================================================================

training epoch:17
 l_p: 0.08959709852933884  l_d: -31.04695701599121  lagr: -30.957359313964844
====================================================================================================

training epoch:18
 l_p: 0.08486489206552505  l_d: -33.99608612060547  lagr: -33.91122055053711
====================================================================================================

training epoch:19
 l_p: 0.085446797311306  l_d: -31.913663864135742  lagr: -31.828216552734375
====================================================================================================

training epoch:20
 l_p: 0.08428844809532166  l_d: -23.735490798950195  lagr: -23.651203155517578
====================================================================================================

training epoch:21
 l_p: 0.12871314585208893  l_d: -19.478071212768555  lagr: -19.34935760498047
====================================================================================================

training epoch:22
 l_p: 0.08216231316328049  l_d: -18.971792221069336  lagr: -18.889629364013672
====================================================================================================

training epoch:23
 l_p: 0.08462405949831009  l_d: -17.75769805908203  lagr: -17.67307472229004
====================================================================================================

training epoch:24
 l_p: 0.08409149199724197  l_d: -13.881747245788574  lagr: -13.797656059265137
====================================================================================================

training epoch:25
 l_p: 0.08416547626256943  l_d: -10.097346305847168  lagr: -10.01318073272705
====================================================================================================

training epoch:26
 l_p: 0.10636191070079803  l_d: -8.104767799377441  lagr: -7.998405933380127
====================================================================================================

training epoch:27
 l_p: 0.08086273074150085  l_d: -5.336920738220215  lagr: -5.256058216094971
====================================================================================================

training epoch:28
 l_p: 0.07510221749544144  l_d: -2.5792524814605713  lagr: -2.504150152206421
====================================================================================================

training epoch:29
 l_p: 0.0816381648182869  l_d: -0.12372269481420517  lagr: -0.042084529995918274
====================================================================================================

training epoch:30
 l_p: 0.07915966957807541  l_d: 0.0  lagr: 0.07915966957807541
====================================================================================================

training epoch:31
 l_p: 0.07727129757404327  l_d: 0.0  lagr: 0.07727129757404327
====================================================================================================

training epoch:32
 l_p: 0.0745031088590622  l_d: 0.0  lagr: 0.0745031088590622
====================================================================================================

training epoch:33
 l_p: 0.07491245120763779  l_d: 0.0  lagr: 0.07491245120763779
====================================================================================================

training epoch:34
 l_p: 0.07147552073001862  l_d: 0.0  lagr: 0.07147552073001862
====================================================================================================

training epoch:35
 l_p: -0.05560256913304329  l_d: 0.0  lagr: -0.05560256913304329
====================================================================================================

training epoch:36
 l_p: 0.0709846243262291  l_d: 0.0  lagr: 0.0709846243262291
====================================================================================================

training epoch:37
 l_p: 0.06930679082870483  l_d: 0.0  lagr: 0.06930679082870483
====================================================================================================

training epoch:38
 l_p: 0.061019230633974075  l_d: 0.0  lagr: 0.061019230633974075
====================================================================================================

training epoch:39
 l_p: 0.06686703860759735  l_d: 0.0  lagr: 0.06686703860759735
====================================================================================================

training epoch:40
 l_p: 0.0681089460849762  l_d: 0.0  lagr: 0.0681089460849762
====================================================================================================

training epoch:41
 l_p: 0.06683426350355148  l_d: 0.0  lagr: 0.06683426350355148
====================================================================================================

training epoch:42
 l_p: 0.07319600880146027  l_d: 0.0  lagr: 0.07319600880146027
====================================================================================================

training epoch:43
 l_p: 0.06700508296489716  l_d: 0.0  lagr: 0.06700508296489716
====================================================================================================

training epoch:44
 l_p: 0.06798163801431656  l_d: 0.0  lagr: 0.06798163801431656
====================================================================================================

training epoch:45
 l_p: 0.06580987572669983  l_d: 0.0  lagr: 0.06580987572669983
====================================================================================================

training epoch:46
 l_p: 0.0659845620393753  l_d: 0.0  lagr: 0.0659845620393753
====================================================================================================

training epoch:47
 l_p: 0.06506824493408203  l_d: 0.0  lagr: 0.06506824493408203
====================================================================================================

training epoch:48
 l_p: 0.0655696913599968  l_d: 0.0  lagr: 0.0655696913599968
====================================================================================================

training epoch:49
 l_p: 0.06588441133499146  l_d: 0.0  lagr: 0.06588441133499146
====================================================================================================

training epoch:50
 l_p: 0.06634783744812012  l_d: 0.0  lagr: 0.06634783744812012
====================================================================================================

training epoch:51
 l_p: 0.06583746522665024  l_d: 0.0  lagr: 0.06583746522665024
====================================================================================================

training epoch:52
 l_p: 0.06570839136838913  l_d: 0.0  lagr: 0.06570839136838913
====================================================================================================

training epoch:53
 l_p: 0.06463997066020966  l_d: 0.0  lagr: 0.06463997066020966
====================================================================================================

training epoch:54
 l_p: 0.06517810374498367  l_d: 0.0  lagr: 0.06517810374498367
====================================================================================================

training epoch:55
 l_p: 0.0639331117272377  l_d: 0.0  lagr: 0.0639331117272377
====================================================================================================

training epoch:56
 l_p: 0.06486663967370987  l_d: 0.0  lagr: 0.06486663967370987
====================================================================================================

training epoch:57
 l_p: 0.06281128525733948  l_d: 0.0  lagr: 0.06281128525733948
====================================================================================================

training epoch:58
 l_p: 0.06791792064905167  l_d: 0.0  lagr: 0.06791792064905167
====================================================================================================

training epoch:59
 l_p: 0.06243734434247017  l_d: 0.0  lagr: 0.06243734434247017
====================================================================================================

training epoch:60
 l_p: 0.06306144595146179  l_d: 0.0  lagr: 0.06306144595146179
====================================================================================================

training epoch:61
 l_p: 0.06561698764562607  l_d: 0.0  lagr: 0.06561698764562607
====================================================================================================

training epoch:62
 l_p: 0.06312019377946854  l_d: 0.0  lagr: 0.06312019377946854
====================================================================================================

training epoch:63
 l_p: 0.06238173320889473  l_d: 0.0  lagr: 0.06238173320889473
====================================================================================================

training epoch:64
 l_p: 0.06165272369980812  l_d: 0.0  lagr: 0.06165272369980812
====================================================================================================

training epoch:65
 l_p: 0.06313343346118927  l_d: 0.0  lagr: 0.06313343346118927
====================================================================================================

training epoch:66
 l_p: 0.06317174434661865  l_d: 0.0  lagr: 0.06317174434661865
====================================================================================================

training epoch:67
 l_p: 0.06495526432991028  l_d: 0.0  lagr: 0.06495526432991028
====================================================================================================

training epoch:68
 l_p: 0.062291041016578674  l_d: 0.0  lagr: 0.062291041016578674
====================================================================================================

training epoch:69
 l_p: 0.06105731800198555  l_d: 0.0  lagr: 0.06105731800198555
====================================================================================================

training epoch:70
 l_p: 0.061877697706222534  l_d: 0.0  lagr: 0.061877697706222534
====================================================================================================

training epoch:71
 l_p: 0.06189979240298271  l_d: 0.0  lagr: 0.06189979240298271
====================================================================================================

training epoch:72
 l_p: 0.060846246778964996  l_d: 0.0  lagr: 0.060846246778964996
====================================================================================================

training epoch:73
 l_p: 0.06028342247009277  l_d: 0.0  lagr: 0.06028342247009277
====================================================================================================

training epoch:74
 l_p: 0.062331151217222214  l_d: 0.0  lagr: 0.062331151217222214
====================================================================================================

training epoch:75
 l_p: 0.06103602051734924  l_d: 0.0  lagr: 0.06103602051734924
====================================================================================================

training epoch:76
 l_p: 0.06091846898198128  l_d: 0.0  lagr: 0.06091846898198128
====================================================================================================

training epoch:77
 l_p: 0.060778290033340454  l_d: 0.0  lagr: 0.060778290033340454
====================================================================================================

training epoch:78
 l_p: 0.05965731292963028  l_d: 0.0  lagr: 0.05965731292963028
====================================================================================================

training epoch:79
 l_p: 0.060053806751966476  l_d: 0.0  lagr: 0.060053806751966476
====================================================================================================

training epoch:80
 l_p: 0.06053897738456726  l_d: 0.0  lagr: 0.06053897738456726
====================================================================================================

training epoch:81
 l_p: 0.0601700060069561  l_d: 0.0  lagr: 0.0601700060069561
====================================================================================================

training epoch:82
 l_p: 0.05983812361955643  l_d: 0.0  lagr: 0.05983812361955643
====================================================================================================

training epoch:83
 l_p: 0.05995546281337738  l_d: 0.0  lagr: 0.05995546281337738
====================================================================================================

training epoch:84
 l_p: 0.06097431480884552  l_d: 0.0  lagr: 0.06097431480884552
====================================================================================================

training epoch:85
 l_p: 0.0606934130191803  l_d: 0.0  lagr: 0.0606934130191803
====================================================================================================

training epoch:86
 l_p: 0.059896353632211685  l_d: 0.0  lagr: 0.059896353632211685
====================================================================================================

training epoch:87
 l_p: 0.05977418273687363  l_d: 0.0  lagr: 0.05977418273687363
====================================================================================================

training epoch:88
 l_p: 0.06036031246185303  l_d: 0.0  lagr: 0.06036031246185303
====================================================================================================

training epoch:89
 l_p: 0.05974220111966133  l_d: 0.0  lagr: 0.05974220111966133
====================================================================================================

training epoch:90
 l_p: 0.05958757549524307  l_d: 0.0  lagr: 0.05958757549524307
====================================================================================================

training epoch:91
 l_p: 0.05993114411830902  l_d: 0.0  lagr: 0.05993114411830902
====================================================================================================

training epoch:92
 l_p: 0.05844622477889061  l_d: 0.0  lagr: 0.05844622477889061
====================================================================================================

training epoch:93
 l_p: 0.059942036867141724  l_d: 0.0  lagr: 0.059942036867141724
====================================================================================================

training epoch:94
 l_p: 0.05964912846684456  l_d: 0.0  lagr: 0.05964912846684456
====================================================================================================

training epoch:95
 l_p: 0.060165420174598694  l_d: 0.0  lagr: 0.060165420174598694
====================================================================================================

training epoch:96
 l_p: 0.058870360255241394  l_d: 0.0  lagr: 0.058870360255241394
====================================================================================================

training epoch:97
 l_p: 0.06015365198254585  l_d: 0.0  lagr: 0.06015365198254585
====================================================================================================

training epoch:98
 l_p: 0.05891602113842964  l_d: 0.0  lagr: 0.05891602113842964
====================================================================================================

training epoch:99
 l_p: 0.05870199203491211  l_d: 0.0  lagr: 0.05870199203491211
====================================================================================================

training epoch:100
 l_p: 0.05971363186836243  l_d: 0.0  lagr: 0.05971363186836243
====================================================================================================

training epoch:101
 l_p: 0.05911646783351898  l_d: 0.0  lagr: 0.05911646783351898
====================================================================================================

training epoch:102
 l_p: 0.058999232947826385  l_d: 0.0  lagr: 0.058999232947826385
====================================================================================================

training epoch:103
 l_p: 0.05866742506623268  l_d: 0.0  lagr: 0.05866742506623268
====================================================================================================

training epoch:104
 l_p: 0.058488763868808746  l_d: 0.0  lagr: 0.058488763868808746
====================================================================================================

training epoch:105
 l_p: 0.05861172080039978  l_d: 0.0  lagr: 0.05861172080039978
====================================================================================================

training epoch:106
 l_p: 0.058468904346227646  l_d: 0.0  lagr: 0.058468904346227646
====================================================================================================

training epoch:107
 l_p: 0.05891288444399834  l_d: 0.0  lagr: 0.05891288444399834
====================================================================================================

training epoch:108
 l_p: 0.05927830561995506  l_d: 0.0  lagr: 0.05927830561995506
====================================================================================================

training epoch:109
 l_p: 0.059091806411743164  l_d: 0.0  lagr: 0.059091806411743164
====================================================================================================

training epoch:110
 l_p: 0.05885707214474678  l_d: 0.0  lagr: 0.05885707214474678
====================================================================================================

training epoch:111
 l_p: 0.05927241966128349  l_d: 0.0  lagr: 0.05927241966128349
====================================================================================================

training epoch:112
 l_p: 0.058310408145189285  l_d: 0.0  lagr: 0.058310408145189285
====================================================================================================

training epoch:113
 l_p: 0.05894048511981964  l_d: 0.0  lagr: 0.05894048511981964
====================================================================================================

training epoch:114
 l_p: 0.05816209688782692  l_d: 0.0  lagr: 0.05816209688782692
====================================================================================================

training epoch:115
 l_p: 0.061104703694581985  l_d: 0.0  lagr: 0.061104703694581985
====================================================================================================

training epoch:116
 l_p: 0.059669677168130875  l_d: 0.0  lagr: 0.059669677168130875
====================================================================================================

training epoch:117
 l_p: 0.059080809354782104  l_d: 0.0  lagr: 0.059080809354782104
====================================================================================================

training epoch:118
 l_p: 0.06391991674900055  l_d: 0.0  lagr: 0.06391991674900055
====================================================================================================

training epoch:119
 l_p: 0.058736056089401245  l_d: 0.0  lagr: 0.058736056089401245
====================================================================================================

training epoch:120
 l_p: 0.05870462581515312  l_d: 0.0  lagr: 0.05870462581515312
====================================================================================================

training epoch:121
 l_p: 0.05827835947275162  l_d: 0.0  lagr: 0.05827835947275162
====================================================================================================

training epoch:122
 l_p: 0.0582762211561203  l_d: 0.0  lagr: 0.0582762211561203
====================================================================================================

training epoch:123
 l_p: 0.058482665568590164  l_d: 0.0  lagr: 0.058482665568590164
====================================================================================================

training epoch:124
 l_p: 0.05828467383980751  l_d: 0.0  lagr: 0.05828467383980751
====================================================================================================

training epoch:125
 l_p: 0.058570243418216705  l_d: 0.0  lagr: 0.058570243418216705
====================================================================================================

training epoch:126
 l_p: 0.058145977556705475  l_d: 0.0  lagr: 0.058145977556705475
====================================================================================================

training epoch:127
 l_p: 0.05858003720641136  l_d: 0.0  lagr: 0.05858003720641136
====================================================================================================

training epoch:128
 l_p: 0.05817791074514389  l_d: 0.0  lagr: 0.05817791074514389
====================================================================================================

training epoch:129
 l_p: 0.05781996250152588  l_d: 0.0  lagr: 0.05781996250152588
====================================================================================================

training epoch:130
 l_p: 0.05852620676159859  l_d: 0.0  lagr: 0.05852620676159859
====================================================================================================

training epoch:131
 l_p: 0.058709293603897095  l_d: 0.0  lagr: 0.058709293603897095
====================================================================================================

training epoch:132
 l_p: 0.056896988302469254  l_d: 0.0  lagr: 0.056896988302469254
====================================================================================================

training epoch:133
 l_p: 0.05886250361800194  l_d: 0.0  lagr: 0.05886250361800194
====================================================================================================

training epoch:134
 l_p: 0.05837756767868996  l_d: 0.0  lagr: 0.05837756767868996
====================================================================================================

training epoch:135
 l_p: 0.058243393898010254  l_d: 0.0  lagr: 0.058243393898010254
====================================================================================================

training epoch:136
 l_p: 0.05952627211809158  l_d: 0.0  lagr: 0.05952627211809158
====================================================================================================

training epoch:137
 l_p: 0.057767122983932495  l_d: 0.0  lagr: 0.057767122983932495
====================================================================================================

training epoch:138
 l_p: 0.0584150068461895  l_d: 0.0  lagr: 0.0584150068461895
====================================================================================================

training epoch:139
 l_p: 0.05790603533387184  l_d: 0.0  lagr: 0.05790603533387184
====================================================================================================

training epoch:140
 l_p: 0.05869719386100769  l_d: 0.0  lagr: 0.05869719386100769
====================================================================================================

training epoch:141
 l_p: 0.05804261192679405  l_d: 0.0  lagr: 0.05804261192679405
====================================================================================================

training epoch:142
 l_p: 0.05834133177995682  l_d: 0.0  lagr: 0.05834133177995682
====================================================================================================

training epoch:143
 l_p: 0.057468242943286896  l_d: 0.0  lagr: 0.057468242943286896
====================================================================================================

training epoch:144
 l_p: 0.05726468190550804  l_d: 0.0  lagr: 0.05726468190550804
====================================================================================================

training epoch:145
 l_p: 0.057852279394865036  l_d: 0.0  lagr: 0.057852279394865036
====================================================================================================

training epoch:146
 l_p: 0.05794501677155495  l_d: 0.0  lagr: 0.05794501677155495
====================================================================================================

training epoch:147
 l_p: 0.057891346514225006  l_d: 0.0  lagr: 0.057891346514225006
====================================================================================================

training epoch:148
 l_p: 0.058597926050424576  l_d: 0.0  lagr: 0.058597926050424576
====================================================================================================

training epoch:149
 l_p: 0.05710703879594803  l_d: 0.0  lagr: 0.05710703879594803
====================================================================================================

training epoch:150
 l_p: 0.05784790217876434  l_d: 0.0  lagr: 0.05784790217876434
====================================================================================================

training epoch:151
 l_p: 0.057632993906736374  l_d: 0.0  lagr: 0.057632993906736374
====================================================================================================

training epoch:152
 l_p: 0.057977110147476196  l_d: 0.0  lagr: 0.057977110147476196
====================================================================================================

training epoch:153
 l_p: 0.057187363505363464  l_d: 0.0  lagr: 0.057187363505363464
====================================================================================================

training epoch:154
 l_p: 0.058104611933231354  l_d: 0.0  lagr: 0.058104611933231354
====================================================================================================

training epoch:155
 l_p: 0.05702740699052811  l_d: 0.0  lagr: 0.05702740699052811
====================================================================================================

training epoch:156
 l_p: 0.0576225183904171  l_d: 0.0  lagr: 0.0576225183904171
====================================================================================================

training epoch:157
 l_p: 0.05725858733057976  l_d: 0.0  lagr: 0.05725858733057976
====================================================================================================

training epoch:158
 l_p: 0.05745870992541313  l_d: 0.0  lagr: 0.05745870992541313
====================================================================================================

training epoch:159
 l_p: 0.05761566758155823  l_d: 0.0  lagr: 0.05761566758155823
====================================================================================================

training epoch:160
 l_p: 0.057400528341531754  l_d: 0.0  lagr: 0.057400528341531754
====================================================================================================

training epoch:161
 l_p: 0.05750288441777229  l_d: 0.0  lagr: 0.05750288441777229
====================================================================================================

training epoch:162
 l_p: 0.0566709004342556  l_d: 0.0  lagr: 0.0566709004342556
====================================================================================================

training epoch:163
 l_p: 0.05710301548242569  l_d: 0.0  lagr: 0.05710301548242569
====================================================================================================

training epoch:164
 l_p: 0.05725482478737831  l_d: 0.0  lagr: 0.05725482478737831
====================================================================================================

training epoch:165
 l_p: 0.057139042764902115  l_d: 0.0  lagr: 0.057139042764902115
====================================================================================================

training epoch:166
 l_p: 0.057415369898080826  l_d: 0.0  lagr: 0.057415369898080826
====================================================================================================

training epoch:167
 l_p: 0.057418230921030045  l_d: 0.0  lagr: 0.057418230921030045
====================================================================================================

training epoch:168
 l_p: 0.05727556347846985  l_d: 0.0  lagr: 0.05727556347846985
====================================================================================================

training epoch:169
 l_p: 0.05759160593152046  l_d: 0.0  lagr: 0.05759160593152046
====================================================================================================

training epoch:170
 l_p: 0.05762462317943573  l_d: 0.0  lagr: 0.05762462317943573
====================================================================================================

training epoch:171
 l_p: 0.05723128840327263  l_d: 0.0  lagr: 0.05723128840327263
====================================================================================================

training epoch:172
 l_p: 0.05734793841838837  l_d: 0.0  lagr: 0.05734793841838837
====================================================================================================

training epoch:173
 l_p: 0.0570671372115612  l_d: 0.0  lagr: 0.0570671372115612
====================================================================================================

training epoch:174
 l_p: 0.057853393256664276  l_d: 0.0  lagr: 0.057853393256664276
====================================================================================================

training epoch:175
 l_p: 0.05653524026274681  l_d: 0.0  lagr: 0.05653524026274681
====================================================================================================

training epoch:176
 l_p: 0.057499419897794724  l_d: 0.0  lagr: 0.057499419897794724
====================================================================================================

training epoch:177
 l_p: 0.056495003402233124  l_d: 0.0  lagr: 0.056495003402233124
====================================================================================================

training epoch:178
 l_p: 0.057822369039058685  l_d: 0.0  lagr: 0.057822369039058685
====================================================================================================

training epoch:179
 l_p: 0.057434264570474625  l_d: 0.0  lagr: 0.057434264570474625
====================================================================================================

training epoch:180
 l_p: 0.05640818551182747  l_d: 0.0  lagr: 0.05640818551182747
====================================================================================================

training epoch:181
 l_p: 0.05637860670685768  l_d: 0.0  lagr: 0.05637860670685768
====================================================================================================

training epoch:182
 l_p: 0.05708302557468414  l_d: 0.0  lagr: 0.05708302557468414
====================================================================================================

training epoch:183
 l_p: 0.05700035020709038  l_d: 0.0  lagr: 0.05700035020709038
====================================================================================================

training epoch:184
 l_p: 0.05656260624527931  l_d: 0.0  lagr: 0.05656260624527931
====================================================================================================

training epoch:185
 l_p: 0.056574974209070206  l_d: 0.0  lagr: 0.056574974209070206
====================================================================================================

training epoch:186
 l_p: 0.056509483605623245  l_d: 0.0  lagr: 0.056509483605623245
====================================================================================================

training epoch:187
 l_p: 0.05682551860809326  l_d: 0.0  lagr: 0.05682551860809326
====================================================================================================

training epoch:188
 l_p: 0.05639563500881195  l_d: 0.0  lagr: 0.05639563500881195
====================================================================================================

training epoch:189
 l_p: 0.05757846683263779  l_d: 0.0  lagr: 0.05757846683263779
====================================================================================================

training epoch:190
 l_p: 0.05696432292461395  l_d: 0.0  lagr: 0.05696432292461395
====================================================================================================

training epoch:191
 l_p: 0.05674072727560997  l_d: 0.0  lagr: 0.05674072727560997
====================================================================================================

training epoch:192
 l_p: 0.056404728442430496  l_d: 0.0  lagr: 0.056404728442430496
====================================================================================================

training epoch:193
 l_p: 0.05676497519016266  l_d: 0.0  lagr: 0.05676497519016266
====================================================================================================

training epoch:194
 l_p: 0.05721377208828926  l_d: 0.0  lagr: 0.05721377208828926
====================================================================================================

training epoch:195
 l_p: 0.056258633732795715  l_d: 0.0  lagr: 0.056258633732795715
====================================================================================================

training epoch:196
 l_p: 0.05591445788741112  l_d: 0.0  lagr: 0.05591445788741112
====================================================================================================

training epoch:197
 l_p: 0.056319016963243484  l_d: 0.0  lagr: 0.056319016963243484
====================================================================================================

training epoch:198
 l_p: 0.05593700334429741  l_d: 0.0  lagr: 0.05593700334429741
====================================================================================================

training epoch:199
 l_p: 0.05594700202345848  l_d: 0.0  lagr: 0.05594700202345848
中断概率数据已保存到: c:\Users\ghhg\Documents\CINT\Data_model_drive_direct--\train\models\HARQ-CC_NumK=5_pout_data_20250224_114748.csv
