
bounds:-1.0	db:[10, 12, 14, 16, 18, 20, 22, 24]	Pt_max:1.0
model init: 
lambdas:{'pout': tensor([1.]), 'power': tensor([1.])},
vars:{'pout': tensor([0.]), 'power': tensor([0.])}

====================================================================================================

training epoch:0
 l_p: -0.05370457097887993  l_d: 189.24295043945312  lagr: 189.18923950195312
====================================================================================================

training epoch:1
 l_p: -1.5445916652679443  l_d: -64.12708282470703  lagr: -65.67167663574219
====================================================================================================

training epoch:2
 l_p: 0.07135885953903198  l_d: -41.16493606567383  lagr: -41.09357833862305
====================================================================================================

training epoch:3
 l_p: 0.02918822318315506  l_d: -73.50747680664062  lagr: -73.47828674316406
====================================================================================================

training epoch:4
 l_p: 0.3140966594219208  l_d: -17.324602127075195  lagr: -17.01050567626953
====================================================================================================

training epoch:5
 l_p: 0.09506180137395859  l_d: -94.41596221923828  lagr: -94.3208999633789
====================================================================================================

training epoch:6
 l_p: 0.035042621195316315  l_d: -76.995361328125  lagr: -76.96031951904297
====================================================================================================

training epoch:7
 l_p: 0.09438195824623108  l_d: -56.30783462524414  lagr: -56.21345138549805
====================================================================================================

training epoch:8
 l_p: 0.08229297399520874  l_d: -82.26095581054688  lagr: -82.17866516113281
====================================================================================================

training epoch:9
 l_p: 0.07696539163589478  l_d: -97.69214630126953  lagr: -97.61518096923828
====================================================================================================

training epoch:10
 l_p: 0.09898488968610764  l_d: -91.3563003540039  lagr: -91.25731658935547
====================================================================================================

training epoch:11
 l_p: 0.0819769948720932  l_d: -67.40497589111328  lagr: -67.322998046875
====================================================================================================

training epoch:12
 l_p: 0.045738302171230316  l_d: -66.30733489990234  lagr: -66.2615966796875
====================================================================================================

training epoch:13
 l_p: 0.08447807282209396  l_d: -72.83258056640625  lagr: -72.74810028076172
====================================================================================================

training epoch:14
 l_p: 0.07960030436515808  l_d: -80.95268249511719  lagr: -80.87308502197266
====================================================================================================

training epoch:15
 l_p: 0.07927197962999344  l_d: -63.28425598144531  lagr: -63.20498275756836
====================================================================================================

training epoch:16
 l_p: 0.0926159918308258  l_d: -72.70436096191406  lagr: -72.61174774169922
====================================================================================================

training epoch:17
 l_p: 0.0797978863120079  l_d: -54.630516052246094  lagr: -54.550716400146484
====================================================================================================

training epoch:18
 l_p: 0.0881979838013649  l_d: -59.157920837402344  lagr: -59.06972122192383
====================================================================================================

training epoch:19
 l_p: 0.07818318158388138  l_d: -71.98914337158203  lagr: -71.91095733642578
====================================================================================================

training epoch:20
 l_p: 0.07723899185657501  l_d: -56.22824478149414  lagr: -56.151004791259766
====================================================================================================

training epoch:21
 l_p: 0.07709869742393494  l_d: -46.31898880004883  lagr: -46.24188995361328
====================================================================================================

training epoch:22
 l_p: 0.07614868879318237  l_d: -34.60609817504883  lagr: -34.52994918823242
====================================================================================================

training epoch:23
 l_p: 0.10372168570756912  l_d: -55.503787994384766  lagr: -55.40006637573242
====================================================================================================

training epoch:24
 l_p: 0.0821402370929718  l_d: -49.54345703125  lagr: -49.4613151550293
====================================================================================================

training epoch:25
 l_p: 0.08763772994279861  l_d: -42.015926361083984  lagr: -41.928287506103516
====================================================================================================

training epoch:26
 l_p: 0.08435538411140442  l_d: -39.75381088256836  lagr: -39.669456481933594
====================================================================================================

training epoch:27
 l_p: 0.07829063385725021  l_d: -40.08523941040039  lagr: -40.00695037841797
====================================================================================================

training epoch:28
 l_p: 0.06338420510292053  l_d: -26.694664001464844  lagr: -26.63127899169922
====================================================================================================

training epoch:29
 l_p: 0.07411601394414902  l_d: -25.582622528076172  lagr: -25.508506774902344
====================================================================================================

training epoch:30
 l_p: 0.07191867381334305  l_d: -35.05411911010742  lagr: -34.982200622558594
====================================================================================================

training epoch:31
 l_p: 0.09947886317968369  l_d: -34.8010368347168  lagr: -34.70155715942383
====================================================================================================

training epoch:32
 l_p: 0.0776217058300972  l_d: -35.4991455078125  lagr: -35.42152404785156
====================================================================================================

training epoch:33
 l_p: 0.08119542896747589  l_d: -23.047178268432617  lagr: -22.96598243713379
====================================================================================================

training epoch:34
 l_p: 0.07407183945178986  l_d: -24.491371154785156  lagr: -24.417299270629883
====================================================================================================

training epoch:35
 l_p: 0.06499158591032028  l_d: -13.542695999145508  lagr: -13.477704048156738
====================================================================================================

training epoch:36
 l_p: 0.06694912910461426  l_d: -24.756750106811523  lagr: -24.689800262451172
====================================================================================================

training epoch:37
 l_p: 0.08077433705329895  l_d: -22.46471405029297  lagr: -22.383939743041992
====================================================================================================

training epoch:38
 l_p: 0.08347151428461075  l_d: -17.249361038208008  lagr: -17.165889739990234
====================================================================================================

training epoch:39
 l_p: 0.07778449356555939  l_d: -18.920804977416992  lagr: -18.843021392822266
====================================================================================================

training epoch:40
 l_p: -0.054383646696805954  l_d: -14.401405334472656  lagr: -14.455788612365723
====================================================================================================

training epoch:41
 l_p: 0.07556836307048798  l_d: -12.542683601379395  lagr: -12.46711540222168
====================================================================================================

training epoch:42
 l_p: -0.15019673109054565  l_d: -9.280436515808105  lagr: -9.430633544921875
====================================================================================================

training epoch:43
 l_p: 0.06940668076276779  l_d: -7.637898921966553  lagr: -7.568492412567139
====================================================================================================

training epoch:44
 l_p: 0.0859181210398674  l_d: -5.2334089279174805  lagr: -5.147490978240967
====================================================================================================

training epoch:45
 l_p: 0.08237095177173615  l_d: -3.4044737815856934  lagr: -3.3221027851104736
====================================================================================================

training epoch:46
 l_p: 0.05780882015824318  l_d: -1.4342811107635498  lagr: -1.3764722347259521
====================================================================================================

training epoch:47
 l_p: 0.0730389952659607  l_d: 0.0  lagr: 0.0730389952659607
====================================================================================================

training epoch:48
 l_p: 0.07160790264606476  l_d: 0.0  lagr: 0.07160790264606476
====================================================================================================

training epoch:49
 l_p: 0.07094511389732361  l_d: 0.0  lagr: 0.07094511389732361
====================================================================================================

training epoch:50
 l_p: 0.06639806926250458  l_d: 0.0  lagr: 0.06639806926250458
====================================================================================================

training epoch:51
 l_p: 0.031158603727817535  l_d: 0.0  lagr: 0.031158603727817535
====================================================================================================

training epoch:52
 l_p: 0.06928582489490509  l_d: 0.0  lagr: 0.06928582489490509
====================================================================================================

training epoch:53
 l_p: 0.06691744178533554  l_d: 0.0  lagr: 0.06691744178533554
====================================================================================================

training epoch:54
 l_p: 0.06673457473516464  l_d: 0.0  lagr: 0.06673457473516464
====================================================================================================

training epoch:55
 l_p: 0.06725604087114334  l_d: 0.0  lagr: 0.06725604087114334
====================================================================================================

training epoch:56
 l_p: 0.06649339944124222  l_d: 0.0  lagr: 0.06649339944124222
====================================================================================================

training epoch:57
 l_p: 0.06426454335451126  l_d: 0.0  lagr: 0.06426454335451126
====================================================================================================

training epoch:58
 l_p: 0.06004180759191513  l_d: 0.0  lagr: 0.06004180759191513
====================================================================================================

training epoch:59
 l_p: 0.06374306976795197  l_d: 0.0  lagr: 0.06374306976795197
====================================================================================================

training epoch:60
 l_p: 0.06448149681091309  l_d: 0.0  lagr: 0.06448149681091309
====================================================================================================

training epoch:61
 l_p: 0.06190750002861023  l_d: 0.0  lagr: 0.06190750002861023
====================================================================================================

training epoch:62
 l_p: 0.04445617273449898  l_d: 0.0  lagr: 0.04445617273449898
====================================================================================================

training epoch:63
 l_p: 0.06440786272287369  l_d: 0.0  lagr: 0.06440786272287369
====================================================================================================

training epoch:64
 l_p: 0.06270996481180191  l_d: 0.0  lagr: 0.06270996481180191
====================================================================================================

training epoch:65
 l_p: 0.05883080139756203  l_d: 0.0  lagr: 0.05883080139756203
====================================================================================================

training epoch:66
 l_p: 0.06423468142747879  l_d: 0.0  lagr: 0.06423468142747879
====================================================================================================

training epoch:67
 l_p: 0.059954386204481125  l_d: 0.0  lagr: 0.059954386204481125
====================================================================================================

training epoch:68
 l_p: 0.06290280073881149  l_d: 0.0  lagr: 0.06290280073881149
====================================================================================================

training epoch:69
 l_p: 0.060805920511484146  l_d: 0.0  lagr: 0.060805920511484146
====================================================================================================

training epoch:70
 l_p: 0.061374492943286896  l_d: 0.0  lagr: 0.061374492943286896
====================================================================================================

training epoch:71
 l_p: 0.11173027753829956  l_d: 0.0  lagr: 0.11173027753829956
====================================================================================================

training epoch:72
 l_p: 0.05981956794857979  l_d: 0.0  lagr: 0.05981956794857979
====================================================================================================

training epoch:73
 l_p: 0.06177575886249542  l_d: 0.0  lagr: 0.06177575886249542
====================================================================================================

training epoch:74
 l_p: 0.061241861432790756  l_d: 0.0  lagr: 0.061241861432790756
====================================================================================================

training epoch:75
 l_p: 0.05986730754375458  l_d: 0.0  lagr: 0.05986730754375458
====================================================================================================

training epoch:76
 l_p: 0.05947233736515045  l_d: 0.0  lagr: 0.05947233736515045
====================================================================================================

training epoch:77
 l_p: 0.05956904590129852  l_d: 0.0  lagr: 0.05956904590129852
====================================================================================================

training epoch:78
 l_p: 0.05870828777551651  l_d: 0.0  lagr: 0.05870828777551651
====================================================================================================

training epoch:79
 l_p: 0.058870259672403336  l_d: 0.0  lagr: 0.058870259672403336
====================================================================================================

training epoch:80
 l_p: 0.05936889722943306  l_d: 0.0  lagr: 0.05936889722943306
====================================================================================================

training epoch:81
 l_p: 0.059035636484622955  l_d: 0.0  lagr: 0.059035636484622955
====================================================================================================

training epoch:82
 l_p: 0.05888834968209267  l_d: 0.0  lagr: 0.05888834968209267
====================================================================================================

training epoch:83
 l_p: 0.0587584525346756  l_d: 0.0  lagr: 0.0587584525346756
====================================================================================================

training epoch:84
 l_p: 0.05964592471718788  l_d: 0.0  lagr: 0.05964592471718788
====================================================================================================

training epoch:85
 l_p: 0.05364171043038368  l_d: 0.0  lagr: 0.05364171043038368
====================================================================================================

training epoch:86
 l_p: 0.05934106931090355  l_d: 0.0  lagr: 0.05934106931090355
====================================================================================================

training epoch:87
 l_p: 0.05826025828719139  l_d: 0.0  lagr: 0.05826025828719139
====================================================================================================

training epoch:88
 l_p: 0.058876994997262955  l_d: 0.0  lagr: 0.058876994997262955
====================================================================================================

training epoch:89
 l_p: 0.05804399400949478  l_d: 0.0  lagr: 0.05804399400949478
====================================================================================================

training epoch:90
 l_p: 0.058051805943250656  l_d: 0.0  lagr: 0.058051805943250656
====================================================================================================

training epoch:91
 l_p: 0.05938650667667389  l_d: 0.0  lagr: 0.05938650667667389
====================================================================================================

training epoch:92
 l_p: 0.056943926960229874  l_d: 0.0  lagr: 0.056943926960229874
====================================================================================================

training epoch:93
 l_p: 0.05841498449444771  l_d: 0.0  lagr: 0.05841498449444771
====================================================================================================

training epoch:94
 l_p: 0.05800576135516167  l_d: 0.0  lagr: 0.05800576135516167
====================================================================================================

training epoch:95
 l_p: 0.058477796614170074  l_d: 0.0  lagr: 0.058477796614170074
====================================================================================================

training epoch:96
 l_p: 0.057160962373018265  l_d: 0.0  lagr: 0.057160962373018265
====================================================================================================

training epoch:97
 l_p: 0.04843677207827568  l_d: 0.0  lagr: 0.04843677207827568
====================================================================================================

training epoch:98
 l_p: 0.05706055462360382  l_d: 0.0  lagr: 0.05706055462360382
====================================================================================================

training epoch:99
 l_p: 0.05697964131832123  l_d: 0.0  lagr: 0.05697964131832123
====================================================================================================

training epoch:100
 l_p: 0.05866030603647232  l_d: 0.0  lagr: 0.05866030603647232
====================================================================================================

training epoch:101
 l_p: 0.057663463056087494  l_d: 0.0  lagr: 0.057663463056087494
====================================================================================================

training epoch:102
 l_p: 0.057329848408699036  l_d: 0.0  lagr: 0.057329848408699036
====================================================================================================

training epoch:103
 l_p: 0.0574449822306633  l_d: 0.0  lagr: 0.0574449822306633
====================================================================================================

training epoch:104
 l_p: 0.056738756597042084  l_d: 0.0  lagr: 0.056738756597042084
====================================================================================================

training epoch:105
 l_p: 0.05700479447841644  l_d: 0.0  lagr: 0.05700479447841644
====================================================================================================

training epoch:106
 l_p: 0.05672745406627655  l_d: 0.0  lagr: 0.05672745406627655
====================================================================================================

training epoch:107
 l_p: 0.05723016709089279  l_d: 0.0  lagr: 0.05723016709089279
====================================================================================================

training epoch:108
 l_p: 0.05718690901994705  l_d: 0.0  lagr: 0.05718690901994705
====================================================================================================

training epoch:109
 l_p: 0.056822557002305984  l_d: 0.0  lagr: 0.056822557002305984
====================================================================================================

training epoch:110
 l_p: 0.05661611631512642  l_d: 0.0  lagr: 0.05661611631512642
====================================================================================================

training epoch:111
 l_p: 0.0569012314081192  l_d: 0.0  lagr: 0.0569012314081192
====================================================================================================

training epoch:112
 l_p: 0.05612930655479431  l_d: 0.0  lagr: 0.05612930655479431
====================================================================================================

training epoch:113
 l_p: 0.05663497373461723  l_d: 0.0  lagr: 0.05663497373461723
====================================================================================================

training epoch:114
 l_p: 0.05618679150938988  l_d: 0.0  lagr: 0.05618679150938988
====================================================================================================

training epoch:115
 l_p: 0.05339044705033302  l_d: 0.0  lagr: 0.05339044705033302
====================================================================================================

training epoch:116
 l_p: 0.057452235370874405  l_d: 0.0  lagr: 0.057452235370874405
====================================================================================================

training epoch:117
 l_p: 0.05675199627876282  l_d: 0.0  lagr: 0.05675199627876282
====================================================================================================

training epoch:118
 l_p: 0.05409635603427887  l_d: 0.0  lagr: 0.05409635603427887
====================================================================================================

training epoch:119
 l_p: 0.05648273974657059  l_d: 0.0  lagr: 0.05648273974657059
====================================================================================================

training epoch:120
 l_p: 0.056792911142110825  l_d: 0.0  lagr: 0.056792911142110825
====================================================================================================

training epoch:121
 l_p: 0.05617932975292206  l_d: 0.0  lagr: 0.05617932975292206
====================================================================================================

training epoch:122
 l_p: 0.05640692263841629  l_d: 0.0  lagr: 0.05640692263841629
====================================================================================================

training epoch:123
 l_p: 0.056409820914268494  l_d: 0.0  lagr: 0.056409820914268494
====================================================================================================

training epoch:124
 l_p: 0.05658634752035141  l_d: 0.0  lagr: 0.05658634752035141
====================================================================================================

training epoch:125
 l_p: 0.05776728689670563  l_d: 0.0  lagr: 0.05776728689670563
====================================================================================================

training epoch:126
 l_p: 0.05607754737138748  l_d: 0.0  lagr: 0.05607754737138748
====================================================================================================

training epoch:127
 l_p: 0.056408729404211044  l_d: 0.0  lagr: 0.056408729404211044
====================================================================================================

training epoch:128
 l_p: 0.05604292452335358  l_d: 0.0  lagr: 0.05604292452335358
====================================================================================================

training epoch:129
 l_p: 0.0557742640376091  l_d: 0.0  lagr: 0.0557742640376091
====================================================================================================

training epoch:130
 l_p: 0.05670942738652229  l_d: 0.0  lagr: 0.05670942738652229
====================================================================================================

training epoch:131
 l_p: 0.05720271170139313  l_d: 0.0  lagr: 0.05720271170139313
====================================================================================================

training epoch:132
 l_p: 0.055137041956186295  l_d: 0.0  lagr: 0.055137041956186295
====================================================================================================

training epoch:133
 l_p: 0.058253902941942215  l_d: 0.0  lagr: 0.058253902941942215
====================================================================================================

training epoch:134
 l_p: 0.056211721152067184  l_d: 0.0  lagr: 0.056211721152067184
====================================================================================================

training epoch:135
 l_p: 0.05610201507806778  l_d: 0.0  lagr: 0.05610201507806778
====================================================================================================

training epoch:136
 l_p: 0.060046471655368805  l_d: 0.0  lagr: 0.060046471655368805
====================================================================================================

training epoch:137
 l_p: 0.05562113597989082  l_d: 0.0  lagr: 0.05562113597989082
====================================================================================================

training epoch:138
 l_p: 0.05608797073364258  l_d: 0.0  lagr: 0.05608797073364258
====================================================================================================

training epoch:139
 l_p: 0.05577993392944336  l_d: 0.0  lagr: 0.05577993392944336
====================================================================================================

training epoch:140
 l_p: 0.056277357041835785  l_d: 0.0  lagr: 0.056277357041835785
====================================================================================================

training epoch:141
 l_p: 0.055873651057481766  l_d: 0.0  lagr: 0.055873651057481766
====================================================================================================

training epoch:142
 l_p: 0.056511662900447845  l_d: 0.0  lagr: 0.056511662900447845
====================================================================================================

training epoch:143
 l_p: 0.05540391430258751  l_d: 0.0  lagr: 0.05540391430258751
====================================================================================================

training epoch:144
 l_p: 0.0552641823887825  l_d: 0.0  lagr: 0.0552641823887825
====================================================================================================

training epoch:145
 l_p: 0.055640920996665955  l_d: 0.0  lagr: 0.055640920996665955
====================================================================================================

training epoch:146
 l_p: 0.05568797141313553  l_d: 0.0  lagr: 0.05568797141313553
====================================================================================================

training epoch:147
 l_p: 0.05578599497675896  l_d: 0.0  lagr: 0.05578599497675896
====================================================================================================

training epoch:148
 l_p: 0.05765286460518837  l_d: 0.0  lagr: 0.05765286460518837
====================================================================================================

training epoch:149
 l_p: 0.05502595752477646  l_d: 0.0  lagr: 0.05502595752477646
====================================================================================================

training epoch:150
 l_p: 0.05554098263382912  l_d: 0.0  lagr: 0.05554098263382912
====================================================================================================

training epoch:151
 l_p: 0.055399470031261444  l_d: 0.0  lagr: 0.055399470031261444
====================================================================================================

training epoch:152
 l_p: 0.05588323995471001  l_d: 0.0  lagr: 0.05588323995471001
====================================================================================================

training epoch:153
 l_p: 0.055102892220020294  l_d: 0.0  lagr: 0.055102892220020294
====================================================================================================

training epoch:154
 l_p: 0.056474894285202026  l_d: 0.0  lagr: 0.056474894285202026
====================================================================================================

training epoch:155
 l_p: 0.054982248693704605  l_d: 0.0  lagr: 0.054982248693704605
====================================================================================================

training epoch:156
 l_p: 0.055408310145139694  l_d: 0.0  lagr: 0.055408310145139694
====================================================================================================

training epoch:157
 l_p: 0.05518036335706711  l_d: 0.0  lagr: 0.05518036335706711
====================================================================================================

training epoch:158
 l_p: 0.0559583343565464  l_d: 0.0  lagr: 0.0559583343565464
====================================================================================================

training epoch:159
 l_p: 0.05542806163430214  l_d: 0.0  lagr: 0.05542806163430214
====================================================================================================

training epoch:160
 l_p: 0.0553446039557457  l_d: 0.0  lagr: 0.0553446039557457
====================================================================================================

training epoch:161
 l_p: 0.05540471151471138  l_d: 0.0  lagr: 0.05540471151471138
====================================================================================================

training epoch:162
 l_p: 0.05487934127449989  l_d: 0.0  lagr: 0.05487934127449989
====================================================================================================

training epoch:163
 l_p: 0.05509070307016373  l_d: 0.0  lagr: 0.05509070307016373
====================================================================================================

training epoch:164
 l_p: 0.05537979677319527  l_d: 0.0  lagr: 0.05537979677319527
====================================================================================================

training epoch:165
 l_p: 0.05512244999408722  l_d: 0.0  lagr: 0.05512244999408722
====================================================================================================

training epoch:166
 l_p: 0.05586590617895126  l_d: 0.0  lagr: 0.05586590617895126
====================================================================================================

training epoch:167
 l_p: 0.05654725432395935  l_d: 0.0  lagr: 0.05654725432395935
====================================================================================================

training epoch:168
 l_p: 0.055164795368909836  l_d: 0.0  lagr: 0.055164795368909836
====================================================================================================

training epoch:169
 l_p: 0.05597710609436035  l_d: 0.0  lagr: 0.05597710609436035
====================================================================================================

training epoch:170
 l_p: 0.05707774683833122  l_d: 0.0  lagr: 0.05707774683833122
====================================================================================================

training epoch:171
 l_p: 0.05514981225132942  l_d: 0.0  lagr: 0.05514981225132942
====================================================================================================

training epoch:172
 l_p: 0.05522085726261139  l_d: 0.0  lagr: 0.05522085726261139
====================================================================================================

training epoch:173
 l_p: 0.055133067071437836  l_d: 0.0  lagr: 0.055133067071437836
====================================================================================================

training epoch:174
 l_p: 0.05565302446484566  l_d: 0.0  lagr: 0.05565302446484566
====================================================================================================

training epoch:175
 l_p: 0.05465061590075493  l_d: 0.0  lagr: 0.05465061590075493
====================================================================================================

training epoch:176
 l_p: 0.055435117334127426  l_d: 0.0  lagr: 0.055435117334127426
====================================================================================================

training epoch:177
 l_p: 0.05452561005949974  l_d: 0.0  lagr: 0.05452561005949974
====================================================================================================

training epoch:178
 l_p: 0.05523701757192612  l_d: 0.0  lagr: 0.05523701757192612
====================================================================================================

training epoch:179
 l_p: 0.05496892333030701  l_d: 0.0  lagr: 0.05496892333030701
====================================================================================================

training epoch:180
 l_p: 0.05422607436776161  l_d: 0.0  lagr: 0.05422607436776161
====================================================================================================

training epoch:181
 l_p: 0.05423947423696518  l_d: 0.0  lagr: 0.05423947423696518
====================================================================================================

training epoch:182
 l_p: 0.05468938499689102  l_d: 0.0  lagr: 0.05468938499689102
====================================================================================================

training epoch:183
 l_p: 0.05464223772287369  l_d: 0.0  lagr: 0.05464223772287369
====================================================================================================

training epoch:184
 l_p: 0.05433313548564911  l_d: 0.0  lagr: 0.05433313548564911
====================================================================================================

training epoch:185
 l_p: 0.05434186011552811  l_d: 0.0  lagr: 0.05434186011552811
====================================================================================================

training epoch:186
 l_p: 0.05464998632669449  l_d: 0.0  lagr: 0.05464998632669449
====================================================================================================

training epoch:187
 l_p: 0.05509435757994652  l_d: 0.0  lagr: 0.05509435757994652
====================================================================================================

training epoch:188
 l_p: 0.05426832288503647  l_d: 0.0  lagr: 0.05426832288503647
====================================================================================================

training epoch:189
 l_p: 0.055381469428539276  l_d: 0.0  lagr: 0.055381469428539276
====================================================================================================

training epoch:190
 l_p: 0.054913073778152466  l_d: 0.0  lagr: 0.054913073778152466
====================================================================================================

training epoch:191
 l_p: 0.054503776133060455  l_d: 0.0  lagr: 0.054503776133060455
====================================================================================================

training epoch:192
 l_p: 0.054273467510938644  l_d: 0.0  lagr: 0.054273467510938644
====================================================================================================

training epoch:193
 l_p: 0.05456468090415001  l_d: 0.0  lagr: 0.05456468090415001
====================================================================================================

training epoch:194
 l_p: 0.05486467853188515  l_d: 0.0  lagr: 0.05486467853188515
====================================================================================================

training epoch:195
 l_p: 0.05422036722302437  l_d: 0.0  lagr: 0.05422036722302437
====================================================================================================

training epoch:196
 l_p: 0.05398726835846901  l_d: 0.0  lagr: 0.05398726835846901
====================================================================================================

training epoch:197
 l_p: 0.05425245314836502  l_d: 0.0  lagr: 0.05425245314836502
====================================================================================================

training epoch:198
 l_p: 0.05399942398071289  l_d: 0.0  lagr: 0.05399942398071289
====================================================================================================

training epoch:199
 l_p: 0.05400875583291054  l_d: 0.0  lagr: 0.05400875583291054
中断概率数据已保存到: c:\Users\ghhg\Documents\CINT\Data_model_drive_direct--\train\models\HARQ_NumK=5_pout_data_20250224_114303.csv
