
bounds:-1.0	db:[10, 12, 14, 16, 18, 20, 22, 24]	Pt_max:1.0
model init: 
lambdas:{'pout': tensor([1.]), 'power': tensor([1.])},
vars:{'pout': tensor([0.]), 'power': tensor([0.])}

====================================================================================================

training epoch:0
 l_p: 0.371673047542572  l_d: -35.599796295166016  lagr: -35.22812271118164
====================================================================================================

training epoch:1
 l_p: 0.12783002853393555  l_d: -74.13510131835938  lagr: -74.00727081298828
====================================================================================================

training epoch:2
 l_p: 0.10308544337749481  l_d: -67.70870971679688  lagr: -67.60562133789062
====================================================================================================

training epoch:3
 l_p: 0.09088516235351562  l_d: -81.2044906616211  lagr: -81.11360168457031
====================================================================================================

training epoch:4
 l_p: 0.10088669508695602  l_d: -70.57536315917969  lagr: -70.47447967529297
====================================================================================================

training epoch:5
 l_p: 0.07197142392396927  l_d: -54.65648651123047  lagr: -54.58451461791992
====================================================================================================

training epoch:6
 l_p: 0.09108194708824158  l_d: -16.779766082763672  lagr: -16.688684463500977
====================================================================================================

training epoch:7
 l_p: 0.05836711823940277  l_d: -62.63703918457031  lagr: -62.578670501708984
====================================================================================================

training epoch:8
 l_p: 0.10172098875045776  l_d: -53.633785247802734  lagr: -53.53206253051758
====================================================================================================

training epoch:9
 l_p: 0.08864130079746246  l_d: -73.04573822021484  lagr: -72.95709991455078
====================================================================================================

training epoch:10
 l_p: 0.09416715800762177  l_d: -50.21062469482422  lagr: -50.116458892822266
====================================================================================================

training epoch:11
 l_p: 0.0889403373003006  l_d: -50.04338073730469  lagr: -49.95444107055664
====================================================================================================

training epoch:12
 l_p: 0.09073653817176819  l_d: -54.954647064208984  lagr: -54.86391067504883
====================================================================================================

training epoch:13
 l_p: 0.09002899378538132  l_d: -45.25701904296875  lagr: -45.166988372802734
====================================================================================================

training epoch:14
 l_p: 0.0964985117316246  l_d: -48.798431396484375  lagr: -48.70193099975586
====================================================================================================

training epoch:15
 l_p: 0.09198147058486938  l_d: -36.55941390991211  lagr: -36.46743392944336
====================================================================================================

training epoch:16
 l_p: 0.09877224266529083  l_d: -41.285884857177734  lagr: -41.187110900878906
====================================================================================================

training epoch:17
 l_p: 0.08588149398565292  l_d: -31.623571395874023  lagr: -31.537689208984375
====================================================================================================

training epoch:18
 l_p: 0.08940598368644714  l_d: -23.899585723876953  lagr: -23.8101806640625
====================================================================================================

training epoch:19
 l_p: 0.09517500549554825  l_d: -23.74352264404297  lagr: -23.648347854614258
====================================================================================================

training epoch:20
 l_p: 0.1188441812992096  l_d: -22.714149475097656  lagr: -22.595304489135742
====================================================================================================

training epoch:21
 l_p: 0.08437281847000122  l_d: -27.61708641052246  lagr: -27.532712936401367
====================================================================================================

training epoch:22
 l_p: 0.0862669050693512  l_d: -16.801862716674805  lagr: -16.715595245361328
====================================================================================================

training epoch:23
 l_p: 0.08456816524267197  l_d: -18.40007209777832  lagr: -18.31550407409668
====================================================================================================

training epoch:24
 l_p: 0.08254598826169968  l_d: -12.115903854370117  lagr: -12.033357620239258
====================================================================================================

training epoch:25
 l_p: 0.08757182210683823  l_d: -9.191336631774902  lagr: -9.103764533996582
====================================================================================================

training epoch:26
 l_p: 0.08037661761045456  l_d: -8.653338432312012  lagr: -8.572961807250977
====================================================================================================

training epoch:27
 l_p: 0.07880006730556488  l_d: -6.48132848739624  lagr: -6.402528285980225
====================================================================================================

training epoch:28
 l_p: 0.07767672836780548  l_d: -3.15716814994812  lagr: -3.079491376876831
====================================================================================================

training epoch:29
 l_p: 0.07648876309394836  l_d: -0.6281977295875549  lagr: -0.5517089366912842
====================================================================================================

training epoch:30
 l_p: 0.07529661059379578  l_d: 0.0  lagr: 0.07529661059379578
====================================================================================================

training epoch:31
 l_p: 0.07950165867805481  l_d: 0.0  lagr: 0.07950165867805481
====================================================================================================

training epoch:32
 l_p: 0.15971457958221436  l_d: 0.0  lagr: 0.15971457958221436
====================================================================================================

training epoch:33
 l_p: 0.08513539284467697  l_d: 0.0  lagr: 0.08513539284467697
====================================================================================================

training epoch:34
 l_p: 0.08735673874616623  l_d: 0.0  lagr: 0.08735673874616623
====================================================================================================

training epoch:35
 l_p: 0.07061359286308289  l_d: 0.0  lagr: 0.07061359286308289
====================================================================================================

training epoch:36
 l_p: 0.0685509517788887  l_d: 0.0  lagr: 0.0685509517788887
====================================================================================================

training epoch:37
 l_p: 0.04464039206504822  l_d: 0.0  lagr: 0.04464039206504822
====================================================================================================

training epoch:38
 l_p: 0.07647054642438889  l_d: 0.0  lagr: 0.07647054642438889
====================================================================================================

training epoch:39
 l_p: 0.06742268800735474  l_d: 0.0  lagr: 0.06742268800735474
====================================================================================================

training epoch:40
 l_p: 0.06583196669816971  l_d: 0.0  lagr: 0.06583196669816971
====================================================================================================

training epoch:41
 l_p: 0.07347135245800018  l_d: 0.0  lagr: 0.07347135245800018
====================================================================================================

training epoch:42
 l_p: 0.07826492935419083  l_d: 0.0  lagr: 0.07826492935419083
====================================================================================================

training epoch:43
 l_p: 0.07045239955186844  l_d: 0.0  lagr: 0.07045239955186844
====================================================================================================

training epoch:44
 l_p: 0.06516822427511215  l_d: 0.0  lagr: 0.06516822427511215
====================================================================================================

training epoch:45
 l_p: 0.06513482332229614  l_d: 0.0  lagr: 0.06513482332229614
====================================================================================================

training epoch:46
 l_p: 0.0649046078324318  l_d: 0.0  lagr: 0.0649046078324318
====================================================================================================

training epoch:47
 l_p: 0.06420288234949112  l_d: 0.0  lagr: 0.06420288234949112
====================================================================================================

training epoch:48
 l_p: 0.06568865478038788  l_d: 0.0  lagr: 0.06568865478038788
====================================================================================================

training epoch:49
 l_p: 0.06385104358196259  l_d: 0.0  lagr: 0.06385104358196259
====================================================================================================

training epoch:50
 l_p: 0.06442801654338837  l_d: 0.0  lagr: 0.06442801654338837
====================================================================================================

training epoch:51
 l_p: 0.06548776477575302  l_d: 0.0  lagr: 0.06548776477575302
====================================================================================================

training epoch:52
 l_p: 0.06471932679414749  l_d: 0.0  lagr: 0.06471932679414749
====================================================================================================

training epoch:53
 l_p: 0.06313703209161758  l_d: 0.0  lagr: 0.06313703209161758
====================================================================================================

training epoch:54
 l_p: 0.06346950680017471  l_d: 0.0  lagr: 0.06346950680017471
====================================================================================================

training epoch:55
 l_p: 0.06875121593475342  l_d: 0.0  lagr: 0.06875121593475342
====================================================================================================

training epoch:56
 l_p: 0.06223465874791145  l_d: 0.0  lagr: 0.06223465874791145
====================================================================================================

training epoch:57
 l_p: 0.06425025314092636  l_d: 0.0  lagr: 0.06425025314092636
====================================================================================================

training epoch:58
 l_p: 0.06362994015216827  l_d: 0.0  lagr: 0.06362994015216827
====================================================================================================

training epoch:59
 l_p: 0.06243208050727844  l_d: 0.0  lagr: 0.06243208050727844
====================================================================================================

training epoch:60
 l_p: 0.06470450013875961  l_d: 0.0  lagr: 0.06470450013875961
====================================================================================================

training epoch:61
 l_p: 0.06306211650371552  l_d: 0.0  lagr: 0.06306211650371552
====================================================================================================

training epoch:62
 l_p: 0.06355418264865875  l_d: 0.0  lagr: 0.06355418264865875
====================================================================================================

training epoch:63
 l_p: 0.06648290902376175  l_d: 0.0  lagr: 0.06648290902376175
====================================================================================================

training epoch:64
 l_p: 0.06290910392999649  l_d: 0.0  lagr: 0.06290910392999649
====================================================================================================

training epoch:65
 l_p: 0.0676211565732956  l_d: 0.0  lagr: 0.0676211565732956
====================================================================================================

training epoch:66
 l_p: 0.06259063631296158  l_d: 0.0  lagr: 0.06259063631296158
====================================================================================================

training epoch:67
 l_p: 0.06321732699871063  l_d: 0.0  lagr: 0.06321732699871063
====================================================================================================

training epoch:68
 l_p: 0.06275487691164017  l_d: 0.0  lagr: 0.06275487691164017
====================================================================================================

training epoch:69
 l_p: 0.061514127999544144  l_d: 0.0  lagr: 0.061514127999544144
====================================================================================================

training epoch:70
 l_p: 0.06247909367084503  l_d: 0.0  lagr: 0.06247909367084503
====================================================================================================

training epoch:71
 l_p: 0.061595965176820755  l_d: 0.0  lagr: 0.061595965176820755
====================================================================================================

training epoch:72
 l_p: 0.06202128902077675  l_d: 0.0  lagr: 0.06202128902077675
====================================================================================================

training epoch:73
 l_p: 0.06153538078069687  l_d: 0.0  lagr: 0.06153538078069687
====================================================================================================

training epoch:74
 l_p: 0.062417708337306976  l_d: 0.0  lagr: 0.062417708337306976
====================================================================================================

training epoch:75
 l_p: 0.06121200695633888  l_d: 0.0  lagr: 0.06121200695633888
====================================================================================================

training epoch:76
 l_p: 0.06206069141626358  l_d: 0.0  lagr: 0.06206069141626358
====================================================================================================

training epoch:77
 l_p: 0.06071295589208603  l_d: 0.0  lagr: 0.06071295589208603
====================================================================================================

training epoch:78
 l_p: 0.061143387109041214  l_d: 0.0  lagr: 0.061143387109041214
====================================================================================================

training epoch:79
 l_p: 0.06096063554286957  l_d: 0.0  lagr: 0.06096063554286957
====================================================================================================

training epoch:80
 l_p: 0.06133253127336502  l_d: 0.0  lagr: 0.06133253127336502
====================================================================================================

training epoch:81
 l_p: 0.06081903353333473  l_d: 0.0  lagr: 0.06081903353333473
====================================================================================================

training epoch:82
 l_p: 0.06184845417737961  l_d: 0.0  lagr: 0.06184845417737961
====================================================================================================

training epoch:83
 l_p: 0.06088219955563545  l_d: 0.0  lagr: 0.06088219955563545
====================================================================================================

training epoch:84
 l_p: 0.06135125085711479  l_d: 0.0  lagr: 0.06135125085711479
====================================================================================================

training epoch:85
 l_p: 0.06012476608157158  l_d: 0.0  lagr: 0.06012476608157158
====================================================================================================

training epoch:86
 l_p: 0.06050115451216698  l_d: 0.0  lagr: 0.06050115451216698
