
bounds:-1.0	db:[10, 12, 14, 16, 18, 20, 22, 24]	Pt_max:1.0
model init: 
lambdas:{'pout': tensor([1.], device='cuda:0'), 'power': tensor([1.], device='cuda:0')},
vars:{'pout': tensor([0.], device='cuda:0'), 'power': tensor([0.], device='cuda:0')}

====================================================================================================

training epoch:0
 l_p: 0.3716731667518616  l_d: -35.599796295166016  lagr: -35.22812271118164
====================================================================================================

training epoch:1
 l_p: 0.12783004343509674  l_d: -74.13510131835938  lagr: -74.00727081298828
====================================================================================================

training epoch:2
 l_p: 0.10308543592691422  l_d: -67.70870971679688  lagr: -67.60562133789062
====================================================================================================

training epoch:3
 l_p: 0.09088516980409622  l_d: -81.2044906616211  lagr: -81.11360168457031
====================================================================================================

training epoch:4
 l_p: 0.10088668763637543  l_d: -70.57537078857422  lagr: -70.4744873046875
====================================================================================================

training epoch:5
 l_p: 0.07197140157222748  l_d: -54.6564826965332  lagr: -54.584510803222656
====================================================================================================

training epoch:6
 l_p: 0.09108193963766098  l_d: -16.779760360717773  lagr: -16.688678741455078
====================================================================================================

training epoch:7
 l_p: 0.05836689472198486  l_d: -62.63703155517578  lagr: -62.57866287231445
====================================================================================================

training epoch:8
 l_p: 0.10172094404697418  l_d: -53.633785247802734  lagr: -53.53206253051758
====================================================================================================

training epoch:9
 l_p: 0.08864130079746246  l_d: -73.04573822021484  lagr: -72.95709991455078
====================================================================================================

training epoch:10
 l_p: 0.09416715055704117  l_d: -50.21062469482422  lagr: -50.116458892822266
====================================================================================================

training epoch:11
 l_p: 0.08894032984972  l_d: -50.04338073730469  lagr: -49.95444107055664
====================================================================================================

training epoch:12
 l_p: 0.09073653817176819  l_d: -54.954647064208984  lagr: -54.86391067504883
====================================================================================================

training epoch:13
 l_p: 0.09002898633480072  l_d: -45.257015228271484  lagr: -45.16698455810547
====================================================================================================

training epoch:14
 l_p: 0.0964985191822052  l_d: -48.798431396484375  lagr: -48.70193099975586
====================================================================================================

training epoch:15
 l_p: 0.09198146313428879  l_d: -36.55941390991211  lagr: -36.46743392944336
====================================================================================================

training epoch:16
 l_p: 0.09877223521471024  l_d: -41.285884857177734  lagr: -41.187110900878906
====================================================================================================

training epoch:17
 l_p: 0.08588150143623352  l_d: -31.62356948852539  lagr: -31.537687301635742
====================================================================================================

training epoch:18
 l_p: 0.08940598368644714  l_d: -23.899585723876953  lagr: -23.8101806640625
====================================================================================================

training epoch:19
 l_p: 0.09517500549554825  l_d: -23.74352264404297  lagr: -23.648347854614258
====================================================================================================

training epoch:20
 l_p: 0.11884414404630661  l_d: -22.714149475097656  lagr: -22.595304489135742
====================================================================================================

training epoch:21
 l_p: 0.08437281101942062  l_d: -27.61708641052246  lagr: -27.532712936401367
====================================================================================================

training epoch:22
 l_p: 0.0862668976187706  l_d: -16.801862716674805  lagr: -16.715595245361328
====================================================================================================

training epoch:23
 l_p: 0.08456815779209137  l_d: -18.400074005126953  lagr: -18.315505981445312
====================================================================================================

training epoch:24
 l_p: 0.08254598081111908  l_d: -12.115904808044434  lagr: -12.033358573913574
====================================================================================================

training epoch:25
 l_p: 0.08757182955741882  l_d: -9.191337585449219  lagr: -9.103765487670898
====================================================================================================

training epoch:26
 l_p: 0.08037660270929337  l_d: -8.653338432312012  lagr: -8.572961807250977
====================================================================================================

training epoch:27
 l_p: 0.07880007475614548  l_d: -6.481329441070557  lagr: -6.402529239654541
====================================================================================================

training epoch:28
 l_p: 0.07767672836780548  l_d: -3.1571691036224365  lagr: -3.0794923305511475
====================================================================================================

training epoch:29
 l_p: 0.07648876309394836  l_d: -0.6281993389129639  lagr: -0.5517106056213379
====================================================================================================

training epoch:30
 l_p: 0.07529661059379578  l_d: 0.0  lagr: 0.07529661059379578
====================================================================================================

training epoch:31
 l_p: 0.07950164377689362  l_d: 0.0  lagr: 0.07950164377689362
====================================================================================================

training epoch:32
 l_p: 0.15971341729164124  l_d: 0.0  lagr: 0.15971341729164124
====================================================================================================

training epoch:33
 l_p: 0.08513522148132324  l_d: 0.0  lagr: 0.08513522148132324
====================================================================================================

training epoch:34
 l_p: 0.08735671639442444  l_d: 0.0  lagr: 0.08735671639442444
====================================================================================================

training epoch:35
 l_p: 0.07061360031366348  l_d: 0.0  lagr: 0.07061360031366348
====================================================================================================

training epoch:36
 l_p: 0.0685509592294693  l_d: 0.0  lagr: 0.0685509592294693
====================================================================================================

training epoch:37
 l_p: 0.044640351086854935  l_d: 0.0  lagr: 0.044640351086854935
====================================================================================================

training epoch:38
 l_p: 0.0764705240726471  l_d: 0.0  lagr: 0.0764705240726471
====================================================================================================

training epoch:39
 l_p: 0.06742268800735474  l_d: 0.0  lagr: 0.06742268800735474
====================================================================================================

training epoch:40
 l_p: 0.06583196669816971  l_d: 0.0  lagr: 0.06583196669816971
====================================================================================================

training epoch:41
 l_p: 0.07347134500741959  l_d: 0.0  lagr: 0.07347134500741959
====================================================================================================

training epoch:42
 l_p: 0.07826492935419083  l_d: 0.0  lagr: 0.07826492935419083
====================================================================================================

training epoch:43
 l_p: 0.07045239955186844  l_d: 0.0  lagr: 0.07045239955186844
====================================================================================================

training epoch:44
 l_p: 0.06516821682453156  l_d: 0.0  lagr: 0.06516821682453156
====================================================================================================

training epoch:45
 l_p: 0.06513481587171555  l_d: 0.0  lagr: 0.06513481587171555
====================================================================================================

training epoch:46
 l_p: 0.06490461528301239  l_d: 0.0  lagr: 0.06490461528301239
====================================================================================================

training epoch:47
 l_p: 0.06420288980007172  l_d: 0.0  lagr: 0.06420288980007172
====================================================================================================

training epoch:48
 l_p: 0.06568865478038788  l_d: 0.0  lagr: 0.06568865478038788
====================================================================================================

training epoch:49
 l_p: 0.06385104358196259  l_d: 0.0  lagr: 0.06385104358196259
====================================================================================================

training epoch:50
 l_p: 0.06442801654338837  l_d: 0.0  lagr: 0.06442801654338837
====================================================================================================

training epoch:51
 l_p: 0.06548777222633362  l_d: 0.0  lagr: 0.06548777222633362
====================================================================================================

training epoch:52
 l_p: 0.06471933424472809  l_d: 0.0  lagr: 0.06471933424472809
====================================================================================================

training epoch:53
 l_p: 0.06313703209161758  l_d: 0.0  lagr: 0.06313703209161758
====================================================================================================

training epoch:54
 l_p: 0.06346950680017471  l_d: 0.0  lagr: 0.06346950680017471
====================================================================================================

training epoch:55
 l_p: 0.06875121593475342  l_d: 0.0  lagr: 0.06875121593475342
====================================================================================================

training epoch:56
 l_p: 0.06223466247320175  l_d: 0.0  lagr: 0.06223466247320175
====================================================================================================

training epoch:57
 l_p: 0.06425026059150696  l_d: 0.0  lagr: 0.06425026059150696
====================================================================================================

training epoch:58
 l_p: 0.06362993270158768  l_d: 0.0  lagr: 0.06362993270158768
====================================================================================================

training epoch:59
 l_p: 0.06243208423256874  l_d: 0.0  lagr: 0.06243208423256874
====================================================================================================

training epoch:60
 l_p: 0.06470450013875961  l_d: 0.0  lagr: 0.06470450013875961
====================================================================================================

training epoch:61
 l_p: 0.06306210905313492  l_d: 0.0  lagr: 0.06306210905313492
====================================================================================================

training epoch:62
 l_p: 0.06355418264865875  l_d: 0.0  lagr: 0.06355418264865875
====================================================================================================

training epoch:63
 l_p: 0.06648291647434235  l_d: 0.0  lagr: 0.06648291647434235
====================================================================================================

training epoch:64
 l_p: 0.06290910392999649  l_d: 0.0  lagr: 0.06290910392999649
====================================================================================================

training epoch:65
 l_p: 0.0676211565732956  l_d: 0.0  lagr: 0.0676211565732956
====================================================================================================

training epoch:66
 l_p: 0.06259063631296158  l_d: 0.0  lagr: 0.06259063631296158
====================================================================================================

training epoch:67
 l_p: 0.06321732699871063  l_d: 0.0  lagr: 0.06321732699871063
====================================================================================================

training epoch:68
 l_p: 0.06275487691164017  l_d: 0.0  lagr: 0.06275487691164017
====================================================================================================

training epoch:69
 l_p: 0.061514127999544144  l_d: 0.0  lagr: 0.061514127999544144
====================================================================================================

training epoch:70
 l_p: 0.06247909367084503  l_d: 0.0  lagr: 0.06247909367084503
====================================================================================================

training epoch:71
 l_p: 0.06159596145153046  l_d: 0.0  lagr: 0.06159596145153046
====================================================================================================

training epoch:72
 l_p: 0.06202129274606705  l_d: 0.0  lagr: 0.06202129274606705
====================================================================================================

training epoch:73
 l_p: 0.06153538450598717  l_d: 0.0  lagr: 0.06153538450598717
====================================================================================================

training epoch:74
 l_p: 0.06241770461201668  l_d: 0.0  lagr: 0.06241770461201668
====================================================================================================

training epoch:75
 l_p: 0.061212003231048584  l_d: 0.0  lagr: 0.061212003231048584
====================================================================================================

training epoch:76
 l_p: 0.06206068769097328  l_d: 0.0  lagr: 0.06206068769097328
====================================================================================================

training epoch:77
 l_p: 0.06071295589208603  l_d: 0.0  lagr: 0.06071295589208603
====================================================================================================

training epoch:78
 l_p: 0.061143387109041214  l_d: 0.0  lagr: 0.061143387109041214
====================================================================================================

training epoch:79
 l_p: 0.06096063554286957  l_d: 0.0  lagr: 0.06096063554286957
====================================================================================================

training epoch:80
 l_p: 0.06133253127336502  l_d: 0.0  lagr: 0.06133253127336502
====================================================================================================

training epoch:81
 l_p: 0.06081903353333473  l_d: 0.0  lagr: 0.06081903353333473
====================================================================================================

training epoch:82
 l_p: 0.06184844672679901  l_d: 0.0  lagr: 0.06184844672679901
====================================================================================================

training epoch:83
 l_p: 0.06088220328092575  l_d: 0.0  lagr: 0.06088220328092575
====================================================================================================

training epoch:84
 l_p: 0.06135125085711479  l_d: 0.0  lagr: 0.06135125085711479
====================================================================================================

training epoch:85
 l_p: 0.06012476608157158  l_d: 0.0  lagr: 0.06012476608157158
====================================================================================================

training epoch:86
 l_p: 0.06050115451216698  l_d: 0.0  lagr: 0.06050115451216698
====================================================================================================

training epoch:87
 l_p: 0.06050220504403114  l_d: 0.0  lagr: 0.06050220504403114
====================================================================================================

training epoch:88
 l_p: 0.06368417292833328  l_d: 0.0  lagr: 0.06368417292833328
====================================================================================================

training epoch:89
 l_p: 0.060318753123283386  l_d: 0.0  lagr: 0.060318753123283386
====================================================================================================

training epoch:90
 l_p: 0.060476455837488174  l_d: 0.0  lagr: 0.060476455837488174
====================================================================================================

training epoch:91
 l_p: 0.06326094269752502  l_d: 0.0  lagr: 0.06326094269752502
====================================================================================================

training epoch:92
 l_p: 0.059263866394758224  l_d: 0.0  lagr: 0.059263866394758224
====================================================================================================

training epoch:93
 l_p: 0.05985502898693085  l_d: 0.0  lagr: 0.05985502898693085
====================================================================================================

training epoch:94
 l_p: 0.05986639857292175  l_d: 0.0  lagr: 0.05986639857292175
====================================================================================================

training epoch:95
 l_p: 0.060047704726457596  l_d: 0.0  lagr: 0.060047704726457596
====================================================================================================

training epoch:96
 l_p: 0.06128619238734245  l_d: 0.0  lagr: 0.06128619238734245
====================================================================================================

training epoch:97
 l_p: 0.0599416047334671  l_d: 0.0  lagr: 0.0599416047334671
====================================================================================================

training epoch:98
 l_p: 0.059768568724393845  l_d: 0.0  lagr: 0.059768568724393845
====================================================================================================

training epoch:99
 l_p: 0.059789709746837616  l_d: 0.0  lagr: 0.059789709746837616
====================================================================================================

training epoch:100
 l_p: 0.06186267361044884  l_d: 0.0  lagr: 0.06186267361044884
====================================================================================================

training epoch:101
 l_p: 0.059739094227552414  l_d: 0.0  lagr: 0.059739094227552414
====================================================================================================

training epoch:102
 l_p: 0.05929635465145111  l_d: 0.0  lagr: 0.05929635465145111
====================================================================================================

training epoch:103
 l_p: 0.059697993099689484  l_d: 0.0  lagr: 0.059697993099689484
====================================================================================================

training epoch:104
 l_p: 0.059849727898836136  l_d: 0.0  lagr: 0.059849727898836136
====================================================================================================

training epoch:105
 l_p: 0.05977726727724075  l_d: 0.0  lagr: 0.05977726727724075
====================================================================================================

training epoch:106
 l_p: 0.0588027648627758  l_d: 0.0  lagr: 0.0588027648627758
====================================================================================================

training epoch:107
 l_p: 0.05923567712306976  l_d: 0.0  lagr: 0.05923567712306976
====================================================================================================

training epoch:108
 l_p: 0.06085069105029106  l_d: 0.0  lagr: 0.06085069105029106
====================================================================================================

training epoch:109
 l_p: 0.05841166898608208  l_d: 0.0  lagr: 0.05841166898608208
====================================================================================================

training epoch:110
 l_p: 0.05914989858865738  l_d: 0.0  lagr: 0.05914989858865738
====================================================================================================

training epoch:111
 l_p: 0.05964294821023941  l_d: 0.0  lagr: 0.05964294821023941
====================================================================================================

training epoch:112
 l_p: 0.05876969173550606  l_d: 0.0  lagr: 0.05876969173550606
====================================================================================================

training epoch:113
 l_p: 0.059421565383672714  l_d: 0.0  lagr: 0.059421565383672714
====================================================================================================

training epoch:114
 l_p: 0.06057453155517578  l_d: 0.0  lagr: 0.06057453155517578
====================================================================================================

training epoch:115
 l_p: 0.05859231948852539  l_d: 0.0  lagr: 0.05859231948852539
====================================================================================================

training epoch:116
 l_p: 0.05843044072389603  l_d: 0.0  lagr: 0.05843044072389603
====================================================================================================

training epoch:117
 l_p: 0.05867774784564972  l_d: 0.0  lagr: 0.05867774784564972
====================================================================================================

training epoch:118
 l_p: 0.05870484188199043  l_d: 0.0  lagr: 0.05870484188199043
====================================================================================================

training epoch:119
 l_p: 0.06017647683620453  l_d: 0.0  lagr: 0.06017647683620453
====================================================================================================

training epoch:120
 l_p: 0.05850673466920853  l_d: 0.0  lagr: 0.05850673466920853
====================================================================================================

training epoch:121
 l_p: 0.05900191515684128  l_d: 0.0  lagr: 0.05900191515684128
====================================================================================================

training epoch:122
 l_p: 0.05944913625717163  l_d: 0.0  lagr: 0.05944913625717163
====================================================================================================

training epoch:123
 l_p: 0.0587460920214653  l_d: 0.0  lagr: 0.0587460920214653
====================================================================================================

training epoch:124
 l_p: 0.05993915721774101  l_d: 0.0  lagr: 0.05993915721774101
====================================================================================================

training epoch:125
 l_p: 0.05860074982047081  l_d: 0.0  lagr: 0.05860074982047081
====================================================================================================

training epoch:126
 l_p: 0.05904035270214081  l_d: 0.0  lagr: 0.05904035270214081
====================================================================================================

training epoch:127
 l_p: 0.05892201140522957  l_d: 0.0  lagr: 0.05892201140522957
====================================================================================================

training epoch:128
 l_p: 0.05828854441642761  l_d: 0.0  lagr: 0.05828854441642761
====================================================================================================

training epoch:129
 l_p: 0.05805737525224686  l_d: 0.0  lagr: 0.05805737525224686
====================================================================================================

training epoch:130
 l_p: 0.057994671165943146  l_d: 0.0  lagr: 0.057994671165943146
====================================================================================================

training epoch:131
 l_p: 0.05949874594807625  l_d: 0.0  lagr: 0.05949874594807625
====================================================================================================

training epoch:132
 l_p: 0.05922098085284233  l_d: 0.0  lagr: 0.05922098085284233
====================================================================================================

training epoch:133
 l_p: 0.05820353329181671  l_d: 0.0  lagr: 0.05820353329181671
====================================================================================================

training epoch:134
 l_p: 0.058105338364839554  l_d: 0.0  lagr: 0.058105338364839554
====================================================================================================

training epoch:135
 l_p: 0.058479297906160355  l_d: 0.0  lagr: 0.058479297906160355
====================================================================================================

training epoch:136
 l_p: 0.05828428268432617  l_d: 0.0  lagr: 0.05828428268432617
====================================================================================================

training epoch:137
 l_p: 0.058237407356500626  l_d: 0.0  lagr: 0.058237407356500626
====================================================================================================

training epoch:138
 l_p: 0.05881541967391968  l_d: 0.0  lagr: 0.05881541967391968
====================================================================================================

training epoch:139
 l_p: 0.05776675045490265  l_d: 0.0  lagr: 0.05776675045490265
====================================================================================================

training epoch:140
 l_p: 0.058012597262859344  l_d: 0.0  lagr: 0.058012597262859344
====================================================================================================

training epoch:141
 l_p: 0.058328043669462204  l_d: 0.0  lagr: 0.058328043669462204
====================================================================================================

training epoch:142
 l_p: 0.05859414488077164  l_d: 0.0  lagr: 0.05859414488077164
====================================================================================================

training epoch:143
 l_p: 0.05736108496785164  l_d: 0.0  lagr: 0.05736108496785164
====================================================================================================

training epoch:144
 l_p: 0.05820081755518913  l_d: 0.0  lagr: 0.05820081755518913
====================================================================================================

training epoch:145
 l_p: 0.0580107644200325  l_d: 0.0  lagr: 0.0580107644200325
====================================================================================================

training epoch:146
 l_p: 0.05786658078432083  l_d: 0.0  lagr: 0.05786658078432083
====================================================================================================

training epoch:147
 l_p: 0.05720994994044304  l_d: 0.0  lagr: 0.05720994994044304
====================================================================================================

training epoch:148
 l_p: 0.05739307403564453  l_d: 0.0  lagr: 0.05739307403564453
====================================================================================================

training epoch:149
 l_p: 0.058008067309856415  l_d: 0.0  lagr: 0.058008067309856415
====================================================================================================

training epoch:150
 l_p: 0.05783326178789139  l_d: 0.0  lagr: 0.05783326178789139
====================================================================================================

training epoch:151
 l_p: 0.05700292810797691  l_d: 0.0  lagr: 0.05700292810797691
====================================================================================================

training epoch:152
 l_p: 0.05853424593806267  l_d: 0.0  lagr: 0.05853424593806267
====================================================================================================

training epoch:153
 l_p: 0.057576682418584824  l_d: 0.0  lagr: 0.057576682418584824
====================================================================================================

training epoch:154
 l_p: 0.058344993740320206  l_d: 0.0  lagr: 0.058344993740320206
====================================================================================================

training epoch:155
 l_p: 0.05790494754910469  l_d: 0.0  lagr: 0.05790494754910469
====================================================================================================

training epoch:156
 l_p: 0.05774470046162605  l_d: 0.0  lagr: 0.05774470046162605
====================================================================================================

training epoch:157
 l_p: 0.05792437493801117  l_d: 0.0  lagr: 0.05792437493801117
====================================================================================================

training epoch:158
 l_p: 0.0573972687125206  l_d: 0.0  lagr: 0.0573972687125206
====================================================================================================

training epoch:159
 l_p: 0.05881170928478241  l_d: 0.0  lagr: 0.05881170928478241
====================================================================================================

training epoch:160
 l_p: 0.05760573223233223  l_d: 0.0  lagr: 0.05760573223233223
====================================================================================================

training epoch:161
 l_p: 0.057620953768491745  l_d: 0.0  lagr: 0.057620953768491745
====================================================================================================

training epoch:162
 l_p: 0.05672379210591316  l_d: 0.0  lagr: 0.05672379210591316
====================================================================================================

training epoch:163
 l_p: 0.05844840779900551  l_d: 0.0  lagr: 0.05844840779900551
====================================================================================================

training epoch:164
 l_p: 0.05797398462891579  l_d: 0.0  lagr: 0.05797398462891579
====================================================================================================

training epoch:165
 l_p: 0.05741923302412033  l_d: 0.0  lagr: 0.05741923302412033
====================================================================================================

training epoch:166
 l_p: 0.05761747062206268  l_d: 0.0  lagr: 0.05761747062206268
====================================================================================================

training epoch:167
 l_p: 0.057875581085681915  l_d: 0.0  lagr: 0.057875581085681915
====================================================================================================

training epoch:168
 l_p: 0.05782928317785263  l_d: 0.0  lagr: 0.05782928317785263
====================================================================================================

training epoch:169
 l_p: 0.05696360766887665  l_d: 0.0  lagr: 0.05696360766887665
====================================================================================================

training epoch:170
 l_p: 0.057795990258455276  l_d: 0.0  lagr: 0.057795990258455276
====================================================================================================

training epoch:171
 l_p: 0.05683933198451996  l_d: 0.0  lagr: 0.05683933198451996
====================================================================================================

training epoch:172
 l_p: 0.05725128576159477  l_d: 0.0  lagr: 0.05725128576159477
====================================================================================================

training epoch:173
 l_p: 0.05665302276611328  l_d: 0.0  lagr: 0.05665302276611328
====================================================================================================

training epoch:174
 l_p: 0.056554947048425674  l_d: 0.0  lagr: 0.056554947048425674
====================================================================================================

training epoch:175
 l_p: 0.056948237121105194  l_d: 0.0  lagr: 0.056948237121105194
====================================================================================================

training epoch:176
 l_p: 0.056885890662670135  l_d: 0.0  lagr: 0.056885890662670135
====================================================================================================

training epoch:177
 l_p: 0.05756872892379761  l_d: 0.0  lagr: 0.05756872892379761
====================================================================================================

training epoch:178
 l_p: 0.05654715746641159  l_d: 0.0  lagr: 0.05654715746641159
====================================================================================================

training epoch:179
 l_p: 0.057131096720695496  l_d: 0.0  lagr: 0.057131096720695496
====================================================================================================

training epoch:180
 l_p: 0.05699567124247551  l_d: 0.0  lagr: 0.05699567124247551
====================================================================================================

training epoch:181
 l_p: 0.05659098923206329  l_d: 0.0  lagr: 0.05659098923206329
====================================================================================================

training epoch:182
 l_p: 0.05675086751580238  l_d: 0.0  lagr: 0.05675086751580238
====================================================================================================

training epoch:183
 l_p: 0.056259363889694214  l_d: 0.0  lagr: 0.056259363889694214
====================================================================================================

training epoch:184
 l_p: 0.05770111829042435  l_d: 0.0  lagr: 0.05770111829042435
====================================================================================================

training epoch:185
 l_p: 0.05710288882255554  l_d: 0.0  lagr: 0.05710288882255554
====================================================================================================

training epoch:186
 l_p: 0.056757159531116486  l_d: 0.0  lagr: 0.056757159531116486
====================================================================================================

training epoch:187
 l_p: 0.0561799556016922  l_d: 0.0  lagr: 0.0561799556016922
====================================================================================================

training epoch:188
 l_p: 0.056645024567842484  l_d: 0.0  lagr: 0.056645024567842484
====================================================================================================

training epoch:189
 l_p: 0.05744488537311554  l_d: 0.0  lagr: 0.05744488537311554
====================================================================================================

training epoch:190
 l_p: 0.05790194496512413  l_d: 0.0  lagr: 0.05790194496512413
====================================================================================================

training epoch:191
 l_p: 0.05691402778029442  l_d: 0.0  lagr: 0.05691402778029442
====================================================================================================

training epoch:192
 l_p: 0.057519521564245224  l_d: 0.0  lagr: 0.057519521564245224
====================================================================================================

training epoch:193
 l_p: 0.05622592195868492  l_d: 0.0  lagr: 0.05622592195868492
====================================================================================================

training epoch:194
 l_p: 0.057091087102890015  l_d: 0.0  lagr: 0.057091087102890015
====================================================================================================

training epoch:195
 l_p: 0.0565824918448925  l_d: 0.0  lagr: 0.0565824918448925
====================================================================================================

training epoch:196
 l_p: 0.05669966712594032  l_d: 0.0  lagr: 0.05669966712594032
====================================================================================================

training epoch:197
 l_p: 0.056187622249126434  l_d: 0.0  lagr: 0.056187622249126434
====================================================================================================

training epoch:198
 l_p: 0.05621883273124695  l_d: 0.0  lagr: 0.05621883273124695
====================================================================================================

training epoch:199
 l_p: 0.056807491928339005  l_d: 0.0  lagr: 0.056807491928339005
中断概率数据已保存到: g:\CINT\Data_model_drive_direct\HARQ_MSC\train\models\HARQ-CC_NumK=5_pout_data_20250224_010755.csv
