
bounds:-1.0	db:[10, 12, 14, 16, 18, 20, 22, 24]	Pt_max:1.0
model init: 
lambdas:{'pout': tensor([1.]), 'power': tensor([1.])},
vars:{'pout': tensor([0.]), 'power': tensor([0.])}

====================================================================================================

training epoch:0
 l_p: 0.371673047542572  l_d: -35.599796295166016  lagr: -35.22812271118164
====================================================================================================

training epoch:1
 l_p: 0.12783002853393555  l_d: -74.13510131835938  lagr: -74.00727081298828
====================================================================================================

training epoch:2
 l_p: 0.10308544337749481  l_d: -67.70870971679688  lagr: -67.60562133789062
====================================================================================================

training epoch:3
 l_p: 0.09088516235351562  l_d: -81.2044906616211  lagr: -81.11360168457031
====================================================================================================

training epoch:4
 l_p: 0.10088669508695602  l_d: -70.57536315917969  lagr: -70.47447967529297
====================================================================================================

training epoch:5
 l_p: 0.07197142392396927  l_d: -54.65648651123047  lagr: -54.58451461791992
====================================================================================================

training epoch:6
 l_p: 0.09108194708824158  l_d: -16.779766082763672  lagr: -16.688684463500977
====================================================================================================

training epoch:7
 l_p: 0.05836711823940277  l_d: -62.63703918457031  lagr: -62.578670501708984
====================================================================================================

training epoch:8
 l_p: 0.10172098875045776  l_d: -53.633785247802734  lagr: -53.53206253051758
====================================================================================================

training epoch:9
 l_p: 0.08864130079746246  l_d: -73.04573822021484  lagr: -72.95709991455078
====================================================================================================

training epoch:10
 l_p: 0.09416715800762177  l_d: -50.21062469482422  lagr: -50.116458892822266
====================================================================================================

training epoch:11
 l_p: 0.0889403373003006  l_d: -50.04338073730469  lagr: -49.95444107055664
====================================================================================================

training epoch:12
 l_p: 0.09073653817176819  l_d: -54.954647064208984  lagr: -54.86391067504883
====================================================================================================

training epoch:13
 l_p: 0.09002899378538132  l_d: -45.25701904296875  lagr: -45.166988372802734
====================================================================================================

training epoch:14
 l_p: 0.0964985117316246  l_d: -48.798431396484375  lagr: -48.70193099975586
====================================================================================================

training epoch:15
 l_p: 0.09198147058486938  l_d: -36.55941390991211  lagr: -36.46743392944336
====================================================================================================

training epoch:16
 l_p: 0.09877224266529083  l_d: -41.285884857177734  lagr: -41.187110900878906
====================================================================================================

training epoch:17
 l_p: 0.08588149398565292  l_d: -31.623571395874023  lagr: -31.537689208984375
====================================================================================================

training epoch:18
 l_p: 0.08940598368644714  l_d: -23.899585723876953  lagr: -23.8101806640625
====================================================================================================

training epoch:19
 l_p: 0.09517500549554825  l_d: -23.74352264404297  lagr: -23.648347854614258
====================================================================================================

training epoch:20
 l_p: 0.1188441812992096  l_d: -22.714149475097656  lagr: -22.595304489135742
====================================================================================================

training epoch:21
 l_p: 0.08437281847000122  l_d: -27.61708641052246  lagr: -27.532712936401367
====================================================================================================

training epoch:22
 l_p: 0.0862669050693512  l_d: -16.801862716674805  lagr: -16.715595245361328
====================================================================================================

training epoch:23
 l_p: 0.08456816524267197  l_d: -18.40007209777832  lagr: -18.31550407409668
====================================================================================================

training epoch:24
 l_p: 0.08254598826169968  l_d: -12.115903854370117  lagr: -12.033357620239258
====================================================================================================

training epoch:25
 l_p: 0.08757182210683823  l_d: -9.191336631774902  lagr: -9.103764533996582
====================================================================================================

training epoch:26
 l_p: 0.08037661761045456  l_d: -8.653338432312012  lagr: -8.572961807250977
====================================================================================================

training epoch:27
 l_p: 0.07880006730556488  l_d: -6.48132848739624  lagr: -6.402528285980225
====================================================================================================

training epoch:28
 l_p: 0.07767672836780548  l_d: -3.15716814994812  lagr: -3.079491376876831
====================================================================================================

training epoch:29
 l_p: 0.07648876309394836  l_d: -0.6281977295875549  lagr: -0.5517089366912842
====================================================================================================

training epoch:30
 l_p: 0.07529661059379578  l_d: 0.0  lagr: 0.07529661059379578
====================================================================================================

training epoch:31
 l_p: 0.07950165867805481  l_d: 0.0  lagr: 0.07950165867805481
====================================================================================================

training epoch:32
 l_p: 0.15971457958221436  l_d: 0.0  lagr: 0.15971457958221436
====================================================================================================

training epoch:33
 l_p: 0.08513539284467697  l_d: 0.0  lagr: 0.08513539284467697
====================================================================================================

training epoch:34
 l_p: 0.08735673874616623  l_d: 0.0  lagr: 0.08735673874616623
====================================================================================================

training epoch:35
 l_p: 0.07061359286308289  l_d: 0.0  lagr: 0.07061359286308289
====================================================================================================

training epoch:36
 l_p: 0.0685509517788887  l_d: 0.0  lagr: 0.0685509517788887
====================================================================================================

training epoch:37
 l_p: 0.04464039206504822  l_d: 0.0  lagr: 0.04464039206504822
====================================================================================================

training epoch:38
 l_p: 0.07647054642438889  l_d: 0.0  lagr: 0.07647054642438889
====================================================================================================

training epoch:39
 l_p: 0.06742268800735474  l_d: 0.0  lagr: 0.06742268800735474
====================================================================================================

training epoch:40
 l_p: 0.06583196669816971  l_d: 0.0  lagr: 0.06583196669816971
====================================================================================================

training epoch:41
 l_p: 0.07347135245800018  l_d: 0.0  lagr: 0.07347135245800018
====================================================================================================

training epoch:42
 l_p: 0.07826492935419083  l_d: 0.0  lagr: 0.07826492935419083
====================================================================================================

training epoch:43
 l_p: 0.07045239955186844  l_d: 0.0  lagr: 0.07045239955186844
====================================================================================================

training epoch:44
 l_p: 0.06516822427511215  l_d: 0.0  lagr: 0.06516822427511215
====================================================================================================

training epoch:45
 l_p: 0.06513482332229614  l_d: 0.0  lagr: 0.06513482332229614
====================================================================================================

training epoch:46
 l_p: 0.0649046078324318  l_d: 0.0  lagr: 0.0649046078324318
====================================================================================================

training epoch:47
 l_p: 0.06420288234949112  l_d: 0.0  lagr: 0.06420288234949112
====================================================================================================

training epoch:48
 l_p: 0.06568865478038788  l_d: 0.0  lagr: 0.06568865478038788
====================================================================================================

training epoch:49
 l_p: 0.06385104358196259  l_d: 0.0  lagr: 0.06385104358196259
====================================================================================================

training epoch:50
 l_p: 0.06442801654338837  l_d: 0.0  lagr: 0.06442801654338837
====================================================================================================

training epoch:51
 l_p: 0.06548776477575302  l_d: 0.0  lagr: 0.06548776477575302
====================================================================================================

training epoch:52
 l_p: 0.06471932679414749  l_d: 0.0  lagr: 0.06471932679414749
====================================================================================================

training epoch:53
 l_p: 0.06313703209161758  l_d: 0.0  lagr: 0.06313703209161758
====================================================================================================

training epoch:54
 l_p: 0.06346950680017471  l_d: 0.0  lagr: 0.06346950680017471
====================================================================================================

training epoch:55
 l_p: 0.06875121593475342  l_d: 0.0  lagr: 0.06875121593475342
====================================================================================================

training epoch:56
 l_p: 0.06223465874791145  l_d: 0.0  lagr: 0.06223465874791145
====================================================================================================

training epoch:57
 l_p: 0.06425025314092636  l_d: 0.0  lagr: 0.06425025314092636
====================================================================================================

training epoch:58
 l_p: 0.06362994015216827  l_d: 0.0  lagr: 0.06362994015216827
====================================================================================================

training epoch:59
 l_p: 0.06243208050727844  l_d: 0.0  lagr: 0.06243208050727844
====================================================================================================

training epoch:60
 l_p: 0.06470450013875961  l_d: 0.0  lagr: 0.06470450013875961
====================================================================================================

training epoch:61
 l_p: 0.06306211650371552  l_d: 0.0  lagr: 0.06306211650371552
====================================================================================================

training epoch:62
 l_p: 0.06355418264865875  l_d: 0.0  lagr: 0.06355418264865875
====================================================================================================

training epoch:63
 l_p: 0.06648290902376175  l_d: 0.0  lagr: 0.06648290902376175
====================================================================================================

training epoch:64
 l_p: 0.06290910392999649  l_d: 0.0  lagr: 0.06290910392999649
====================================================================================================

training epoch:65
 l_p: 0.0676211565732956  l_d: 0.0  lagr: 0.0676211565732956
====================================================================================================

training epoch:66
 l_p: 0.06259063631296158  l_d: 0.0  lagr: 0.06259063631296158
====================================================================================================

training epoch:67
 l_p: 0.06321732699871063  l_d: 0.0  lagr: 0.06321732699871063
====================================================================================================

training epoch:68
 l_p: 0.06275487691164017  l_d: 0.0  lagr: 0.06275487691164017
====================================================================================================

training epoch:69
 l_p: 0.061514127999544144  l_d: 0.0  lagr: 0.061514127999544144
====================================================================================================

training epoch:70
 l_p: 0.06247909367084503  l_d: 0.0  lagr: 0.06247909367084503
====================================================================================================

training epoch:71
 l_p: 0.061595965176820755  l_d: 0.0  lagr: 0.061595965176820755
====================================================================================================

training epoch:72
 l_p: 0.06202128902077675  l_d: 0.0  lagr: 0.06202128902077675
====================================================================================================

training epoch:73
 l_p: 0.06153538078069687  l_d: 0.0  lagr: 0.06153538078069687
====================================================================================================

training epoch:74
 l_p: 0.062417708337306976  l_d: 0.0  lagr: 0.062417708337306976
====================================================================================================

training epoch:75
 l_p: 0.06121200695633888  l_d: 0.0  lagr: 0.06121200695633888
====================================================================================================

training epoch:76
 l_p: 0.06206069141626358  l_d: 0.0  lagr: 0.06206069141626358
====================================================================================================

training epoch:77
 l_p: 0.06071295589208603  l_d: 0.0  lagr: 0.06071295589208603
====================================================================================================

training epoch:78
 l_p: 0.061143387109041214  l_d: 0.0  lagr: 0.061143387109041214
====================================================================================================

training epoch:79
 l_p: 0.06096063554286957  l_d: 0.0  lagr: 0.06096063554286957
====================================================================================================

training epoch:80
 l_p: 0.06133253127336502  l_d: 0.0  lagr: 0.06133253127336502
====================================================================================================

training epoch:81
 l_p: 0.06081903353333473  l_d: 0.0  lagr: 0.06081903353333473
====================================================================================================

training epoch:82
 l_p: 0.06184845417737961  l_d: 0.0  lagr: 0.06184845417737961
====================================================================================================

training epoch:83
 l_p: 0.06088219955563545  l_d: 0.0  lagr: 0.06088219955563545
====================================================================================================

training epoch:84
 l_p: 0.06135125085711479  l_d: 0.0  lagr: 0.06135125085711479
====================================================================================================

training epoch:85
 l_p: 0.06012476608157158  l_d: 0.0  lagr: 0.06012476608157158
====================================================================================================

training epoch:86
 l_p: 0.06050115451216698  l_d: 0.0  lagr: 0.06050115451216698
====================================================================================================

training epoch:87
 l_p: 0.060502201318740845  l_d: 0.0  lagr: 0.060502201318740845
====================================================================================================

training epoch:88
 l_p: 0.06368418037891388  l_d: 0.0  lagr: 0.06368418037891388
====================================================================================================

training epoch:89
 l_p: 0.060318756848573685  l_d: 0.0  lagr: 0.060318756848573685
====================================================================================================

training epoch:90
 l_p: 0.060476452112197876  l_d: 0.0  lagr: 0.060476452112197876
====================================================================================================

training epoch:91
 l_p: 0.06326094269752502  l_d: 0.0  lagr: 0.06326094269752502
====================================================================================================

training epoch:92
 l_p: 0.05926387012004852  l_d: 0.0  lagr: 0.05926387012004852
====================================================================================================

training epoch:93
 l_p: 0.059855032712221146  l_d: 0.0  lagr: 0.059855032712221146
====================================================================================================

training epoch:94
 l_p: 0.059866394847631454  l_d: 0.0  lagr: 0.059866394847631454
====================================================================================================

training epoch:95
 l_p: 0.0600477010011673  l_d: 0.0  lagr: 0.0600477010011673
====================================================================================================

training epoch:96
 l_p: 0.06128619238734245  l_d: 0.0  lagr: 0.06128619238734245
====================================================================================================

training epoch:97
 l_p: 0.0599416047334671  l_d: 0.0  lagr: 0.0599416047334671
====================================================================================================

training epoch:98
 l_p: 0.05976857617497444  l_d: 0.0  lagr: 0.05976857617497444
====================================================================================================

training epoch:99
 l_p: 0.05978970602154732  l_d: 0.0  lagr: 0.05978970602154732
====================================================================================================

training epoch:100
 l_p: 0.06186266988515854  l_d: 0.0  lagr: 0.06186266988515854
====================================================================================================

training epoch:101
 l_p: 0.059739090502262115  l_d: 0.0  lagr: 0.059739090502262115
====================================================================================================

training epoch:102
 l_p: 0.059296347200870514  l_d: 0.0  lagr: 0.059296347200870514
====================================================================================================

training epoch:103
 l_p: 0.05969799682497978  l_d: 0.0  lagr: 0.05969799682497978
====================================================================================================

training epoch:104
 l_p: 0.059849727898836136  l_d: 0.0  lagr: 0.059849727898836136
====================================================================================================

training epoch:105
 l_p: 0.059777263551950455  l_d: 0.0  lagr: 0.059777263551950455
====================================================================================================

training epoch:106
 l_p: 0.058802761137485504  l_d: 0.0  lagr: 0.058802761137485504
====================================================================================================

training epoch:107
 l_p: 0.05923568084836006  l_d: 0.0  lagr: 0.05923568084836006
====================================================================================================

training epoch:108
 l_p: 0.06085068732500076  l_d: 0.0  lagr: 0.06085068732500076
====================================================================================================

training epoch:109
 l_p: 0.05841166898608208  l_d: 0.0  lagr: 0.05841166898608208
====================================================================================================

training epoch:110
 l_p: 0.05914989858865738  l_d: 0.0  lagr: 0.05914989858865738
====================================================================================================

training epoch:111
 l_p: 0.05964295566082001  l_d: 0.0  lagr: 0.05964295566082001
====================================================================================================

training epoch:112
 l_p: 0.05876969173550606  l_d: 0.0  lagr: 0.05876969173550606
====================================================================================================

training epoch:113
 l_p: 0.05942155793309212  l_d: 0.0  lagr: 0.05942155793309212
====================================================================================================

training epoch:114
 l_p: 0.060574520379304886  l_d: 0.0  lagr: 0.060574520379304886
====================================================================================================

training epoch:115
 l_p: 0.05859232321381569  l_d: 0.0  lagr: 0.05859232321381569
====================================================================================================

training epoch:116
 l_p: 0.058430444449186325  l_d: 0.0  lagr: 0.058430444449186325
====================================================================================================

training epoch:117
 l_p: 0.05867774412035942  l_d: 0.0  lagr: 0.05867774412035942
====================================================================================================

training epoch:118
 l_p: 0.05870484188199043  l_d: 0.0  lagr: 0.05870484188199043
====================================================================================================

training epoch:119
 l_p: 0.06017647683620453  l_d: 0.0  lagr: 0.06017647683620453
====================================================================================================

training epoch:120
 l_p: 0.058506738394498825  l_d: 0.0  lagr: 0.058506738394498825
====================================================================================================

training epoch:121
 l_p: 0.05900191143155098  l_d: 0.0  lagr: 0.05900191143155098
====================================================================================================

training epoch:122
 l_p: 0.05944913998246193  l_d: 0.0  lagr: 0.05944913998246193
====================================================================================================

training epoch:123
 l_p: 0.0587460957467556  l_d: 0.0  lagr: 0.0587460957467556
====================================================================================================

training epoch:124
 l_p: 0.05993916466832161  l_d: 0.0  lagr: 0.05993916466832161
====================================================================================================

training epoch:125
 l_p: 0.05860074609518051  l_d: 0.0  lagr: 0.05860074609518051
====================================================================================================

training epoch:126
 l_p: 0.05904035642743111  l_d: 0.0  lagr: 0.05904035642743111
====================================================================================================

training epoch:127
 l_p: 0.05892201513051987  l_d: 0.0  lagr: 0.05892201513051987
====================================================================================================

training epoch:128
 l_p: 0.058288540691137314  l_d: 0.0  lagr: 0.058288540691137314
====================================================================================================

training epoch:129
 l_p: 0.05805737152695656  l_d: 0.0  lagr: 0.05805737152695656
====================================================================================================

training epoch:130
 l_p: 0.05799466744065285  l_d: 0.0  lagr: 0.05799466744065285
====================================================================================================

training epoch:131
 l_p: 0.059498753398656845  l_d: 0.0  lagr: 0.059498753398656845
====================================================================================================

training epoch:132
 l_p: 0.05922098085284233  l_d: 0.0  lagr: 0.05922098085284233
====================================================================================================

training epoch:133
 l_p: 0.05820353329181671  l_d: 0.0  lagr: 0.05820353329181671
====================================================================================================

training epoch:134
 l_p: 0.05810534581542015  l_d: 0.0  lagr: 0.05810534581542015
====================================================================================================

training epoch:135
 l_p: 0.058479294180870056  l_d: 0.0  lagr: 0.058479294180870056
====================================================================================================

training epoch:136
 l_p: 0.058284271508455276  l_d: 0.0  lagr: 0.058284271508455276
====================================================================================================

training epoch:137
 l_p: 0.058237411081790924  l_d: 0.0  lagr: 0.058237411081790924
====================================================================================================

training epoch:138
 l_p: 0.058815427124500275  l_d: 0.0  lagr: 0.058815427124500275
====================================================================================================

training epoch:139
 l_p: 0.05776675045490265  l_d: 0.0  lagr: 0.05776675045490265
====================================================================================================

training epoch:140
 l_p: 0.05801260098814964  l_d: 0.0  lagr: 0.05801260098814964
====================================================================================================

training epoch:141
 l_p: 0.0583280473947525  l_d: 0.0  lagr: 0.0583280473947525
====================================================================================================

training epoch:142
 l_p: 0.05859414115548134  l_d: 0.0  lagr: 0.05859414115548134
====================================================================================================

training epoch:143
 l_p: 0.05736108869314194  l_d: 0.0  lagr: 0.05736108869314194
====================================================================================================

training epoch:144
 l_p: 0.05820081755518913  l_d: 0.0  lagr: 0.05820081755518913
====================================================================================================

training epoch:145
 l_p: 0.0580107606947422  l_d: 0.0  lagr: 0.0580107606947422
====================================================================================================

training epoch:146
 l_p: 0.05786658450961113  l_d: 0.0  lagr: 0.05786658450961113
====================================================================================================

training epoch:147
 l_p: 0.05720994621515274  l_d: 0.0  lagr: 0.05720994621515274
====================================================================================================

training epoch:148
 l_p: 0.05739307403564453  l_d: 0.0  lagr: 0.05739307403564453
====================================================================================================

training epoch:149
 l_p: 0.05800807103514671  l_d: 0.0  lagr: 0.05800807103514671
====================================================================================================

training epoch:150
 l_p: 0.05783325806260109  l_d: 0.0  lagr: 0.05783325806260109
====================================================================================================

training epoch:151
 l_p: 0.05700293183326721  l_d: 0.0  lagr: 0.05700293183326721
====================================================================================================

training epoch:152
 l_p: 0.05853424593806267  l_d: 0.0  lagr: 0.05853424593806267
====================================================================================================

training epoch:153
 l_p: 0.05757668986916542  l_d: 0.0  lagr: 0.05757668986916542
====================================================================================================

training epoch:154
 l_p: 0.058344993740320206  l_d: 0.0  lagr: 0.058344993740320206
====================================================================================================

training epoch:155
 l_p: 0.05790494382381439  l_d: 0.0  lagr: 0.05790494382381439
====================================================================================================

training epoch:156
 l_p: 0.057744696736335754  l_d: 0.0  lagr: 0.057744696736335754
====================================================================================================

training epoch:157
 l_p: 0.05792437866330147  l_d: 0.0  lagr: 0.05792437866330147
====================================================================================================

training epoch:158
 l_p: 0.0573972687125206  l_d: 0.0  lagr: 0.0573972687125206
====================================================================================================

training epoch:159
 l_p: 0.05881171301007271  l_d: 0.0  lagr: 0.05881171301007271
====================================================================================================

training epoch:160
 l_p: 0.05760573223233223  l_d: 0.0  lagr: 0.05760573223233223
====================================================================================================

training epoch:161
 l_p: 0.05762095004320145  l_d: 0.0  lagr: 0.05762095004320145
====================================================================================================

training epoch:162
 l_p: 0.056723788380622864  l_d: 0.0  lagr: 0.056723788380622864
====================================================================================================

training epoch:163
 l_p: 0.05844840407371521  l_d: 0.0  lagr: 0.05844840407371521
====================================================================================================

training epoch:164
 l_p: 0.05797397717833519  l_d: 0.0  lagr: 0.05797397717833519
====================================================================================================

training epoch:165
 l_p: 0.05741923302412033  l_d: 0.0  lagr: 0.05741923302412033
====================================================================================================

training epoch:166
 l_p: 0.05761747807264328  l_d: 0.0  lagr: 0.05761747807264328
====================================================================================================

training epoch:167
 l_p: 0.057875581085681915  l_d: 0.0  lagr: 0.057875581085681915
====================================================================================================

training epoch:168
 l_p: 0.05782927945256233  l_d: 0.0  lagr: 0.05782927945256233
====================================================================================================

training epoch:169
 l_p: 0.056963615119457245  l_d: 0.0  lagr: 0.056963615119457245
====================================================================================================

training epoch:170
 l_p: 0.057795990258455276  l_d: 0.0  lagr: 0.057795990258455276
====================================================================================================

training epoch:171
 l_p: 0.05683932825922966  l_d: 0.0  lagr: 0.05683932825922966
====================================================================================================

training epoch:172
 l_p: 0.05725128576159477  l_d: 0.0  lagr: 0.05725128576159477
====================================================================================================

training epoch:173
 l_p: 0.05665302649140358  l_d: 0.0  lagr: 0.05665302649140358
====================================================================================================

training epoch:174
 l_p: 0.05655495077371597  l_d: 0.0  lagr: 0.05655495077371597
====================================================================================================

training epoch:175
 l_p: 0.056948233395814896  l_d: 0.0  lagr: 0.056948233395814896
====================================================================================================

training epoch:176
 l_p: 0.056885890662670135  l_d: 0.0  lagr: 0.056885890662670135
====================================================================================================

training epoch:177
 l_p: 0.057568736374378204  l_d: 0.0  lagr: 0.057568736374378204
====================================================================================================

training epoch:178
 l_p: 0.05654715374112129  l_d: 0.0  lagr: 0.05654715374112129
====================================================================================================

training epoch:179
 l_p: 0.057131100445985794  l_d: 0.0  lagr: 0.057131100445985794
====================================================================================================

training epoch:180
 l_p: 0.05699567496776581  l_d: 0.0  lagr: 0.05699567496776581
====================================================================================================

training epoch:181
 l_p: 0.05659098923206329  l_d: 0.0  lagr: 0.05659098923206329
====================================================================================================

training epoch:182
 l_p: 0.056750863790512085  l_d: 0.0  lagr: 0.056750863790512085
====================================================================================================

training epoch:183
 l_p: 0.056259363889694214  l_d: 0.0  lagr: 0.056259363889694214
====================================================================================================

training epoch:184
 l_p: 0.057701122015714645  l_d: 0.0  lagr: 0.057701122015714645
====================================================================================================

training epoch:185
 l_p: 0.057102885097265244  l_d: 0.0  lagr: 0.057102885097265244
====================================================================================================

training epoch:186
 l_p: 0.056757163256406784  l_d: 0.0  lagr: 0.056757163256406784
====================================================================================================

training epoch:187
 l_p: 0.0561799518764019  l_d: 0.0  lagr: 0.0561799518764019
====================================================================================================

training epoch:188
 l_p: 0.056645020842552185  l_d: 0.0  lagr: 0.056645020842552185
====================================================================================================

training epoch:189
 l_p: 0.05744488164782524  l_d: 0.0  lagr: 0.05744488164782524
====================================================================================================

training epoch:190
 l_p: 0.05790194496512413  l_d: 0.0  lagr: 0.05790194496512413
====================================================================================================

training epoch:191
 l_p: 0.05691402405500412  l_d: 0.0  lagr: 0.05691402405500412
====================================================================================================

training epoch:192
 l_p: 0.057519517838954926  l_d: 0.0  lagr: 0.057519517838954926
====================================================================================================

training epoch:193
 l_p: 0.05622591823339462  l_d: 0.0  lagr: 0.05622591823339462
====================================================================================================

training epoch:194
 l_p: 0.057091083377599716  l_d: 0.0  lagr: 0.057091083377599716
====================================================================================================

training epoch:195
 l_p: 0.0565824881196022  l_d: 0.0  lagr: 0.0565824881196022
====================================================================================================

training epoch:196
 l_p: 0.05669967830181122  l_d: 0.0  lagr: 0.05669967830181122
====================================================================================================

training epoch:197
 l_p: 0.05618762969970703  l_d: 0.0  lagr: 0.05618762969970703
====================================================================================================

training epoch:198
 l_p: 0.05621883273124695  l_d: 0.0  lagr: 0.05621883273124695
====================================================================================================

training epoch:199
 l_p: 0.0568074993789196  l_d: 0.0  lagr: 0.0568074993789196
中断概率数据已保存到: c:\Users\ghhg\Documents\CINT\Data_model_drive_direct--\train\models\HARQ-CC_NumK=5_pout_data_20250224_112849.csv
