
bounds:-1.0	db:[10, 12, 14, 16, 18, 20, 22, 24]	Pt_max:1.0
model init: 
lambdas:{'pout': tensor([1.]), 'power': tensor([1.])},
vars:{'pout': tensor([0.]), 'power': tensor([0.])}

====================================================================================================

training epoch:0
 l_p: 0.109736368060112  l_d: -50.58830261230469  lagr: -50.47856521606445
====================================================================================================

training epoch:1
 l_p: 0.14287163317203522  l_d: -74.76483154296875  lagr: -74.62196350097656
====================================================================================================

training epoch:2
 l_p: 0.1496761441230774  l_d: -73.56022644042969  lagr: -73.41055297851562
====================================================================================================

training epoch:3
 l_p: 0.09050945937633514  l_d: -81.00556182861328  lagr: -80.91505432128906
====================================================================================================

training epoch:4
 l_p: 0.17140106856822968  l_d: -70.3333969116211  lagr: -70.16199493408203
====================================================================================================

training epoch:5
 l_p: 0.11098644882440567  l_d: -62.105587005615234  lagr: -61.99460220336914
====================================================================================================

training epoch:6
 l_p: 0.11618492752313614  l_d: -43.55821228027344  lagr: -43.4420280456543
====================================================================================================

training epoch:7
 l_p: 0.119198739528656  l_d: -61.720035552978516  lagr: -61.60083770751953
====================================================================================================

training epoch:8
 l_p: 0.11072951555252075  l_d: -54.48558044433594  lagr: -54.37485122680664
====================================================================================================

training epoch:9
 l_p: 0.13550685346126556  l_d: -69.77584838867188  lagr: -69.64034271240234
====================================================================================================

training epoch:10
 l_p: 0.12165877223014832  l_d: -47.69168472290039  lagr: -47.57002639770508
====================================================================================================

training epoch:11
 l_p: 0.10759104788303375  l_d: -51.95408248901367  lagr: -51.846492767333984
====================================================================================================

training epoch:12
 l_p: 0.10304563492536545  l_d: -51.34629440307617  lagr: -51.243247985839844
====================================================================================================

training epoch:13
 l_p: 0.10820286720991135  l_d: -41.84198760986328  lagr: -41.73378372192383
====================================================================================================

training epoch:14
 l_p: 0.12009763717651367  l_d: -44.697845458984375  lagr: -44.5777473449707
====================================================================================================

training epoch:15
 l_p: 0.10922485589981079  l_d: -35.86323547363281  lagr: -35.75400924682617
====================================================================================================

training epoch:16
 l_p: 0.09314312040805817  l_d: -37.232322692871094  lagr: -37.13917922973633
====================================================================================================

training epoch:17
 l_p: 0.10172124207019806  l_d: -28.027183532714844  lagr: -27.92546272277832
====================================================================================================

training epoch:18
 l_p: 0.10137207061052322  l_d: -20.866043090820312  lagr: -20.764671325683594
====================================================================================================

training epoch:19
 l_p: 0.09930919855833054  l_d: -20.42267608642578  lagr: -20.323366165161133
====================================================================================================

training epoch:20
 l_p: 0.08021573722362518  l_d: -19.111713409423828  lagr: -19.031497955322266
====================================================================================================

training epoch:21
 l_p: 0.08908796310424805  l_d: -21.981603622436523  lagr: -21.892515182495117
====================================================================================================

training epoch:22
 l_p: 0.08803772181272507  l_d: -13.076035499572754  lagr: -12.987998008728027
====================================================================================================

training epoch:23
 l_p: 0.08224796503782272  l_d: -13.453412055969238  lagr: -13.371164321899414
====================================================================================================

training epoch:24
 l_p: 0.07908695191144943  l_d: -8.408428192138672  lagr: -8.329340934753418
====================================================================================================

training epoch:25
 l_p: 0.07560183107852936  l_d: -5.872509956359863  lagr: -5.796907901763916
====================================================================================================

training epoch:26
 l_p: 0.07034271210432053  l_d: -4.431711196899414  lagr: -4.361368656158447
====================================================================================================

training epoch:27
 l_p: 0.06570708751678467  l_d: -2.13128399848938  lagr: -2.0655770301818848
====================================================================================================

training epoch:28
 l_p: 0.06274783611297607  l_d: -1.747377872467041  lagr: -1.684630036354065
====================================================================================================

training epoch:29
 l_p: 0.05878492817282677  l_d: -1.8443185091018677  lagr: -1.7855335474014282
====================================================================================================

training epoch:30
 l_p: 0.05774510279297829  l_d: -1.762770414352417  lagr: -1.705025315284729
====================================================================================================

training epoch:31
 l_p: 0.05661504343152046  l_d: -1.6885461807250977  lagr: -1.631931185722351
====================================================================================================

training epoch:32
 l_p: 0.056616149842739105  l_d: -1.5078301429748535  lagr: -1.4512139558792114
====================================================================================================

training epoch:33
 l_p: 0.054897669702768326  l_d: -1.421834111213684  lagr: -1.366936445236206
====================================================================================================

training epoch:34
 l_p: 0.05511188879609108  l_d: -1.1890040636062622  lagr: -1.1338921785354614
====================================================================================================

training epoch:35
 l_p: 0.054143115878105164  l_d: -1.0573443174362183  lagr: -1.0032012462615967
====================================================================================================

training epoch:36
 l_p: 0.053894929587841034  l_d: -0.8211032152175903  lagr: -0.7672082781791687
====================================================================================================

training epoch:37
 l_p: 0.05388547107577324  l_d: -0.5705347657203674  lagr: -0.5166493058204651
====================================================================================================

training epoch:38
 l_p: 0.053866613656282425  l_d: -0.3311972916126251  lagr: -0.2773306667804718
====================================================================================================

training epoch:39
 l_p: 0.05386359244585037  l_d: -0.08171160519123077  lagr: -0.0278480127453804
====================================================================================================

training epoch:40
 l_p: 0.05314764380455017  l_d: 0.0  lagr: 0.05314764380455017
====================================================================================================

training epoch:41
 l_p: 0.05332600697875023  l_d: 0.0  lagr: 0.05332600697875023
====================================================================================================

training epoch:42
 l_p: 0.05387888476252556  l_d: 0.0  lagr: 0.05387888476252556
====================================================================================================

training epoch:43
 l_p: 0.05345763638615608  l_d: 0.0  lagr: 0.05345763638615608
====================================================================================================

training epoch:44
 l_p: 0.0535963773727417  l_d: 0.0  lagr: 0.0535963773727417
====================================================================================================

training epoch:45
 l_p: 0.053440142422914505  l_d: 0.0  lagr: 0.053440142422914505
====================================================================================================

training epoch:46
 l_p: 0.053759947419166565  l_d: 0.0  lagr: 0.053759947419166565
====================================================================================================

training epoch:47
 l_p: 0.05331284925341606  l_d: 0.0  lagr: 0.05331284925341606
====================================================================================================

training epoch:48
 l_p: 0.054122425615787506  l_d: 0.0  lagr: 0.054122425615787506
====================================================================================================

training epoch:49
 l_p: 0.05326514318585396  l_d: 0.0  lagr: 0.05326514318585396
====================================================================================================

training epoch:50
 l_p: 0.0531904473900795  l_d: 0.0  lagr: 0.0531904473900795
====================================================================================================

training epoch:51
 l_p: 0.05423755571246147  l_d: 0.0  lagr: 0.05423755571246147
====================================================================================================

training epoch:52
 l_p: 0.05404214560985565  l_d: 0.0  lagr: 0.05404214560985565
====================================================================================================

training epoch:53
 l_p: 0.05340850353240967  l_d: 0.0  lagr: 0.05340850353240967
====================================================================================================

training epoch:54
 l_p: 0.05349382013082504  l_d: 0.0  lagr: 0.05349382013082504
====================================================================================================

training epoch:55
 l_p: 0.0536109060049057  l_d: 0.0  lagr: 0.0536109060049057
====================================================================================================

training epoch:56
 l_p: 0.0530814602971077  l_d: 0.0  lagr: 0.0530814602971077
====================================================================================================

training epoch:57
 l_p: 0.05410447716712952  l_d: 0.0  lagr: 0.05410447716712952
====================================================================================================

training epoch:58
 l_p: 0.05363789200782776  l_d: 0.0  lagr: 0.05363789200782776
====================================================================================================

training epoch:59
 l_p: 0.05313771218061447  l_d: 0.0  lagr: 0.05313771218061447
====================================================================================================

training epoch:60
 l_p: 0.053922537714242935  l_d: 0.0  lagr: 0.053922537714242935
====================================================================================================

training epoch:61
 l_p: 0.053946804255247116  l_d: 0.0  lagr: 0.053946804255247116
====================================================================================================

training epoch:62
 l_p: 0.053684335201978683  l_d: 0.0  lagr: 0.053684335201978683
====================================================================================================

training epoch:63
 l_p: 0.05364188551902771  l_d: 0.0  lagr: 0.05364188551902771
====================================================================================================

training epoch:64
 l_p: 0.05342864617705345  l_d: 0.0  lagr: 0.05342864617705345
====================================================================================================

training epoch:65
 l_p: 0.05386478453874588  l_d: 0.0  lagr: 0.05386478453874588
====================================================================================================

training epoch:66
 l_p: 0.05328905209898949  l_d: 0.0  lagr: 0.05328905209898949
====================================================================================================

training epoch:67
 l_p: 0.053544625639915466  l_d: 0.0  lagr: 0.053544625639915466
====================================================================================================

training epoch:68
 l_p: 0.05386318266391754  l_d: 0.0  lagr: 0.05386318266391754
====================================================================================================

training epoch:69
 l_p: 0.05329595506191254  l_d: 0.0  lagr: 0.05329595506191254
====================================================================================================

training epoch:70
 l_p: 0.0538535937666893  l_d: 0.0  lagr: 0.0538535937666893
====================================================================================================

training epoch:71
 l_p: 0.05323575809597969  l_d: 0.0  lagr: 0.05323575809597969
====================================================================================================

training epoch:72
 l_p: 0.05367960408329964  l_d: 0.0  lagr: 0.05367960408329964
====================================================================================================

training epoch:73
 l_p: 0.0535426028072834  l_d: 0.0  lagr: 0.0535426028072834
====================================================================================================

training epoch:74
 l_p: 0.053197674453258514  l_d: 0.0  lagr: 0.053197674453258514
====================================================================================================

training epoch:75
 l_p: 0.05351143330335617  l_d: 0.0  lagr: 0.05351143330335617
====================================================================================================

training epoch:76
 l_p: 0.053190916776657104  l_d: 0.0  lagr: 0.053190916776657104
====================================================================================================

training epoch:77
 l_p: 0.05327475070953369  l_d: 0.0  lagr: 0.05327475070953369
====================================================================================================

training epoch:78
 l_p: 0.053506601601839066  l_d: 0.0  lagr: 0.053506601601839066
====================================================================================================

training epoch:79
 l_p: 0.05346250906586647  l_d: 0.0  lagr: 0.05346250906586647
====================================================================================================

training epoch:80
 l_p: 0.053723543882369995  l_d: 0.0  lagr: 0.053723543882369995
====================================================================================================

training epoch:81
 l_p: 0.0534878745675087  l_d: 0.0  lagr: 0.0534878745675087
====================================================================================================

training epoch:82
 l_p: 0.05393821746110916  l_d: 0.0  lagr: 0.05393821746110916
====================================================================================================

training epoch:83
 l_p: 0.05352344363927841  l_d: 0.0  lagr: 0.05352344363927841
====================================================================================================

training epoch:84
 l_p: 0.05387270078063011  l_d: 0.0  lagr: 0.05387270078063011
====================================================================================================

training epoch:85
 l_p: 0.05333138629794121  l_d: 0.0  lagr: 0.05333138629794121
====================================================================================================

training epoch:86
 l_p: 0.053482867777347565  l_d: 0.0  lagr: 0.053482867777347565
====================================================================================================

training epoch:87
 l_p: 0.05363239347934723  l_d: 0.0  lagr: 0.05363239347934723
====================================================================================================

training epoch:88
 l_p: 0.053677573800086975  l_d: 0.0  lagr: 0.053677573800086975
====================================================================================================

training epoch:89
 l_p: 0.05350688099861145  l_d: 0.0  lagr: 0.05350688099861145
====================================================================================================

training epoch:90
 l_p: 0.05373146012425423  l_d: 0.0  lagr: 0.05373146012425423
====================================================================================================

training epoch:91
 l_p: 0.05418751761317253  l_d: 0.0  lagr: 0.05418751761317253
====================================================================================================

training epoch:92
 l_p: 0.0530695803463459  l_d: 0.0  lagr: 0.0530695803463459
====================================================================================================

training epoch:93
 l_p: 0.05334186553955078  l_d: 0.0  lagr: 0.05334186553955078
====================================================================================================

training epoch:94
 l_p: 0.05354185402393341  l_d: 0.0  lagr: 0.05354185402393341
====================================================================================================

training epoch:95
 l_p: 0.05307000130414963  l_d: 0.0  lagr: 0.05307000130414963
====================================================================================================

training epoch:96
 l_p: 0.05349704250693321  l_d: 0.0  lagr: 0.05349704250693321
====================================================================================================

training epoch:97
 l_p: 0.053628358989953995  l_d: 0.0  lagr: 0.053628358989953995
====================================================================================================

training epoch:98
 l_p: 0.05351890251040459  l_d: 0.0  lagr: 0.05351890251040459
====================================================================================================

training epoch:99
 l_p: 0.0534687377512455  l_d: 0.0  lagr: 0.0534687377512455
====================================================================================================

training epoch:100
 l_p: 0.05371371656656265  l_d: 0.0  lagr: 0.05371371656656265
====================================================================================================

training epoch:101
 l_p: 0.053492072969675064  l_d: 0.0  lagr: 0.053492072969675064
====================================================================================================

training epoch:102
 l_p: 0.05328012630343437  l_d: 0.0  lagr: 0.05328012630343437
====================================================================================================

training epoch:103
 l_p: 0.05359523743391037  l_d: 0.0  lagr: 0.05359523743391037
====================================================================================================

training epoch:104
 l_p: 0.05361035466194153  l_d: 0.0  lagr: 0.05361035466194153
====================================================================================================

training epoch:105
 l_p: 0.05367147549986839  l_d: 0.0  lagr: 0.05367147549986839
====================================================================================================

training epoch:106
 l_p: 0.05315724015235901  l_d: 0.0  lagr: 0.05315724015235901
====================================================================================================

training epoch:107
 l_p: 0.05334697663784027  l_d: 0.0  lagr: 0.05334697663784027
====================================================================================================

training epoch:108
 l_p: 0.05395111069083214  l_d: 0.0  lagr: 0.05395111069083214
====================================================================================================

training epoch:109
 l_p: 0.05291285365819931  l_d: 0.0  lagr: 0.05291285365819931
====================================================================================================

training epoch:110
 l_p: 0.05321735888719559  l_d: 0.0  lagr: 0.05321735888719559
====================================================================================================

training epoch:111
 l_p: 0.05355805531144142  l_d: 0.0  lagr: 0.05355805531144142
====================================================================================================

training epoch:112
 l_p: 0.05313091352581978  l_d: 0.0  lagr: 0.05313091352581978
====================================================================================================

training epoch:113
 l_p: 0.05349540710449219  l_d: 0.0  lagr: 0.05349540710449219
====================================================================================================

training epoch:114
 l_p: 0.05345733463764191  l_d: 0.0  lagr: 0.05345733463764191
====================================================================================================

training epoch:115
 l_p: 0.05319212004542351  l_d: 0.0  lagr: 0.05319212004542351
====================================================================================================

training epoch:116
 l_p: 0.05305785685777664  l_d: 0.0  lagr: 0.05305785685777664
====================================================================================================

training epoch:117
 l_p: 0.05327238887548447  l_d: 0.0  lagr: 0.05327238887548447
====================================================================================================

training epoch:118
 l_p: 0.05328576639294624  l_d: 0.0  lagr: 0.05328576639294624
====================================================================================================

training epoch:119
 l_p: 0.05394652485847473  l_d: 0.0  lagr: 0.05394652485847473
====================================================================================================

training epoch:120
 l_p: 0.05310467258095741  l_d: 0.0  lagr: 0.05310467258095741
====================================================================================================

training epoch:121
 l_p: 0.053296275436878204  l_d: 0.0  lagr: 0.053296275436878204
====================================================================================================

training epoch:122
 l_p: 0.05384327471256256  l_d: 0.0  lagr: 0.05384327471256256
====================================================================================================

training epoch:123
 l_p: 0.05330182984471321  l_d: 0.0  lagr: 0.05330182984471321
====================================================================================================

training epoch:124
 l_p: 0.0533149428665638  l_d: 0.0  lagr: 0.0533149428665638
====================================================================================================

training epoch:125
 l_p: 0.053335677832365036  l_d: 0.0  lagr: 0.053335677832365036
====================================================================================================

training epoch:126
 l_p: 0.053526900708675385  l_d: 0.0  lagr: 0.053526900708675385
====================================================================================================

training epoch:127
 l_p: 0.0535273440182209  l_d: 0.0  lagr: 0.0535273440182209
====================================================================================================

training epoch:128
 l_p: 0.053104594349861145  l_d: 0.0  lagr: 0.053104594349861145
====================================================================================================

training epoch:129
 l_p: 0.053071942180395126  l_d: 0.0  lagr: 0.053071942180395126
====================================================================================================

training epoch:130
 l_p: 0.05300351604819298  l_d: 0.0  lagr: 0.05300351604819298
====================================================================================================

training epoch:131
 l_p: 0.053827010095119476  l_d: 0.0  lagr: 0.053827010095119476
====================================================================================================

training epoch:132
 l_p: 0.05386703833937645  l_d: 0.0  lagr: 0.05386703833937645
====================================================================================================

training epoch:133
 l_p: 0.053226739168167114  l_d: 0.0  lagr: 0.053226739168167114
====================================================================================================

training epoch:134
 l_p: 0.05303486809134483  l_d: 0.0  lagr: 0.05303486809134483
====================================================================================================

training epoch:135
 l_p: 0.05321699008345604  l_d: 0.0  lagr: 0.05321699008345604
====================================================================================================

training epoch:136
 l_p: 0.053242407739162445  l_d: 0.0  lagr: 0.053242407739162445
====================================================================================================

training epoch:137
 l_p: 0.05324053764343262  l_d: 0.0  lagr: 0.05324053764343262
====================================================================================================

training epoch:138
 l_p: 0.05370622128248215  l_d: 0.0  lagr: 0.05370622128248215
====================================================================================================

training epoch:139
 l_p: 0.05297660827636719  l_d: 0.0  lagr: 0.05297660827636719
====================================================================================================

training epoch:140
 l_p: 0.05310701206326485  l_d: 0.0  lagr: 0.05310701206326485
====================================================================================================

training epoch:141
 l_p: 0.053356532007455826  l_d: 0.0  lagr: 0.053356532007455826
====================================================================================================

training epoch:142
 l_p: 0.05359479412436485  l_d: 0.0  lagr: 0.05359479412436485
====================================================================================================

training epoch:143
 l_p: 0.05286046862602234  l_d: 0.0  lagr: 0.05286046862602234
====================================================================================================

training epoch:144
 l_p: 0.05330194532871246  l_d: 0.0  lagr: 0.05330194532871246
====================================================================================================

training epoch:145
 l_p: 0.05322425812482834  l_d: 0.0  lagr: 0.05322425812482834
====================================================================================================

training epoch:146
 l_p: 0.05319864675402641  l_d: 0.0  lagr: 0.05319864675402641
====================================================================================================

training epoch:147
 l_p: 0.05283355712890625  l_d: 0.0  lagr: 0.05283355712890625
====================================================================================================

training epoch:148
 l_p: 0.05290302634239197  l_d: 0.0  lagr: 0.05290302634239197
====================================================================================================

training epoch:149
 l_p: 0.05328918620944023  l_d: 0.0  lagr: 0.05328918620944023
====================================================================================================

training epoch:150
 l_p: 0.05322180688381195  l_d: 0.0  lagr: 0.05322180688381195
====================================================================================================

training epoch:151
 l_p: 0.0526810847222805  l_d: 0.0  lagr: 0.0526810847222805
====================================================================================================

training epoch:152
 l_p: 0.05361795052886009  l_d: 0.0  lagr: 0.05361795052886009
====================================================================================================

training epoch:153
 l_p: 0.053136296570301056  l_d: 0.0  lagr: 0.053136296570301056
====================================================================================================

training epoch:154
 l_p: 0.05360482260584831  l_d: 0.0  lagr: 0.05360482260584831
====================================================================================================

training epoch:155
 l_p: 0.05337677150964737  l_d: 0.0  lagr: 0.05337677150964737
====================================================================================================

training epoch:156
 l_p: 0.05338228866457939  l_d: -0.0008722728816792369  lagr: 0.05251001566648483
====================================================================================================

training epoch:157
 l_p: 0.053473297506570816  l_d: 0.0  lagr: 0.053473297506570816
====================================================================================================

training epoch:158
 l_p: 0.053042106330394745  l_d: 0.0  lagr: 0.053042106330394745
====================================================================================================

training epoch:159
 l_p: 0.05335426330566406  l_d: 0.0  lagr: 0.05335426330566406
====================================================================================================

training epoch:160
 l_p: 0.05320171266794205  l_d: 0.0  lagr: 0.05320171266794205
====================================================================================================

training epoch:161
 l_p: 0.05332289636135101  l_d: 0.0  lagr: 0.05332289636135101
====================================================================================================

training epoch:162
 l_p: 0.05276303365826607  l_d: 0.0  lagr: 0.05276303365826607
====================================================================================================

training epoch:163
 l_p: 0.05347433686256409  l_d: 0.0  lagr: 0.05347433686256409
====================================================================================================

training epoch:164
 l_p: 0.05326316878199577  l_d: 0.0  lagr: 0.05326316878199577
====================================================================================================

training epoch:165
 l_p: 0.05328868702054024  l_d: 0.0  lagr: 0.05328868702054024
====================================================================================================

training epoch:166
 l_p: 0.05330708622932434  l_d: 0.0  lagr: 0.05330708622932434
====================================================================================================

training epoch:167
 l_p: 0.053395021706819534  l_d: 0.0  lagr: 0.053395021706819534
====================================================================================================

training epoch:168
 l_p: 0.05333537235856056  l_d: 0.0  lagr: 0.05333537235856056
====================================================================================================

training epoch:169
 l_p: 0.052898507565259933  l_d: 0.0  lagr: 0.052898507565259933
====================================================================================================

training epoch:170
 l_p: 0.053559962660074234  l_d: 0.0  lagr: 0.053559962660074234
====================================================================================================

training epoch:171
 l_p: 0.05291719734668732  l_d: 0.0  lagr: 0.05291719734668732
====================================================================================================

training epoch:172
 l_p: 0.053293392062187195  l_d: -0.00046478791045956314  lagr: 0.052828602492809296
====================================================================================================

training epoch:173
 l_p: 0.052757665514945984  l_d: 0.0  lagr: 0.052757665514945984
====================================================================================================

training epoch:174
 l_p: 0.052845049649477005  l_d: 0.0  lagr: 0.052845049649477005
====================================================================================================

training epoch:175
 l_p: 0.053168535232543945  l_d: 0.0  lagr: 0.053168535232543945
====================================================================================================

training epoch:176
 l_p: 0.05305264890193939  l_d: 0.0  lagr: 0.05305264890193939
====================================================================================================

training epoch:177
 l_p: 0.05343177169561386  l_d: 0.0  lagr: 0.05343177169561386
====================================================================================================

training epoch:178
 l_p: 0.052874933928251266  l_d: 0.0  lagr: 0.052874933928251266
====================================================================================================

training epoch:179
 l_p: 0.05330851674079895  l_d: 1.3086084436508827e-05  lagr: 0.05332160368561745
====================================================================================================

training epoch:180
 l_p: 0.05324499309062958  l_d: 0.0  lagr: 0.05324499309062958
====================================================================================================

training epoch:181
 l_p: 0.052961792796850204  l_d: 0.0  lagr: 0.052961792796850204
====================================================================================================

training epoch:182
 l_p: 0.0531432144343853  l_d: 0.0  lagr: 0.0531432144343853
====================================================================================================

training epoch:183
 l_p: 0.05273677408695221  l_d: 0.0  lagr: 0.05273677408695221
====================================================================================================

training epoch:184
 l_p: 0.053375400602817535  l_d: 0.0  lagr: 0.053375400602817535
====================================================================================================

training epoch:185
 l_p: 0.05314047262072563  l_d: 0.0  lagr: 0.05314047262072563
====================================================================================================

training epoch:186
 l_p: 0.05309390649199486  l_d: 0.0  lagr: 0.05309390649199486
====================================================================================================

training epoch:187
 l_p: 0.05286493897438049  l_d: -0.0007541265804320574  lagr: 0.052110813558101654
====================================================================================================

training epoch:188
 l_p: 0.053107962012290955  l_d: 0.0  lagr: 0.053107962012290955
====================================================================================================

training epoch:189
 l_p: 0.05377358943223953  l_d: 0.0  lagr: 0.05377358943223953
====================================================================================================

training epoch:190
 l_p: 0.053417496383190155  l_d: -0.00024080128059722483  lagr: 0.05317669361829758
====================================================================================================

training epoch:191
 l_p: 0.053431056439876556  l_d: 0.0  lagr: 0.053431056439876556
====================================================================================================

training epoch:192
 l_p: 0.053417839109897614  l_d: 0.0  lagr: 0.053417839109897614
====================================================================================================

training epoch:193
 l_p: 0.05295220762491226  l_d: 0.0  lagr: 0.05295220762491226
====================================================================================================

training epoch:194
 l_p: 0.05361774563789368  l_d: 0.0  lagr: 0.05361774563789368
====================================================================================================

training epoch:195
 l_p: 0.053116388618946075  l_d: 0.0  lagr: 0.053116388618946075
====================================================================================================

training epoch:196
 l_p: 0.05337543785572052  l_d: 0.0  lagr: 0.05337543785572052
====================================================================================================

training epoch:197
 l_p: 0.05281393975019455  l_d: 0.0  lagr: 0.05281393975019455
====================================================================================================

training epoch:198
 l_p: 0.053024157881736755  l_d: -0.0006220570649020374  lagr: 0.05240210145711899
====================================================================================================

training epoch:199
 l_p: 0.05316343158483505  l_d: 0.0  lagr: 0.05316343158483505
