
bounds:-1.0	db:[10, 12, 14, 16, 18, 20, 22, 24]	Pt_max:1.0
model init: 
lambdas:{'pout': tensor([1.], device='cuda:0'), 'power': tensor([1.], device='cuda:0')},
vars:{'pout': tensor([0.], device='cuda:0'), 'power': tensor([0.], device='cuda:0')}

====================================================================================================

training epoch:0
 l_p: 0.29807722568511963  l_d: -49.808250427246094  lagr: -49.51017379760742
====================================================================================================

training epoch:1
 l_p: 0.12751895189285278  l_d: -76.62455749511719  lagr: -76.49703979492188
====================================================================================================

training epoch:2
 l_p: 0.09759251028299332  l_d: -73.61346435546875  lagr: -73.515869140625
====================================================================================================

training epoch:3
 l_p: 0.09644577652215958  l_d: -82.41633605957031  lagr: -82.31989288330078
====================================================================================================

training epoch:4
 l_p: 0.1035054549574852  l_d: -71.73981475830078  lagr: -71.63630676269531
====================================================================================================

training epoch:5
 l_p: 0.10768219083547592  l_d: -60.40324783325195  lagr: -60.29556655883789
====================================================================================================

training epoch:6
 l_p: 0.09259789437055588  l_d: -38.221839904785156  lagr: -38.129241943359375
====================================================================================================

training epoch:7
 l_p: 0.08974292874336243  l_d: -62.273048400878906  lagr: -62.18330383300781
====================================================================================================

training epoch:8
 l_p: 0.43500685691833496  l_d: -54.90214157104492  lagr: -54.46713638305664
====================================================================================================

training epoch:9
 l_p: 0.09949811547994614  l_d: -71.54119110107422  lagr: -71.44169616699219
====================================================================================================

training epoch:10
 l_p: 0.10127581655979156  l_d: -49.15667724609375  lagr: -49.05540084838867
====================================================================================================

training epoch:11
 l_p: 0.0907733291387558  l_d: -51.699440002441406  lagr: -51.608665466308594
====================================================================================================

training epoch:12
 l_p: 0.09482044726610184  l_d: -52.848182678222656  lagr: -52.753360748291016
====================================================================================================

training epoch:13
 l_p: 0.09852069616317749  l_d: -43.26096725463867  lagr: -43.162445068359375
====================================================================================================

training epoch:14
 l_p: 0.10171671956777573  l_d: -46.18582534790039  lagr: -46.084110260009766
====================================================================================================

training epoch:15
 l_p: 0.09144279360771179  l_d: -36.26607894897461  lagr: -36.17463684082031
====================================================================================================

training epoch:16
 l_p: 0.09716473519802094  l_d: -38.498470306396484  lagr: -38.40130615234375
====================================================================================================

training epoch:17
 l_p: 0.09421171247959137  l_d: -29.075332641601562  lagr: -28.981121063232422
====================================================================================================

training epoch:18
 l_p: 0.09801007807254791  l_d: -21.678720474243164  lagr: -21.58070945739746
====================================================================================================

training epoch:19
 l_p: 0.10071078687906265  l_d: -21.199047088623047  lagr: -21.098337173461914
====================================================================================================

training epoch:20
 l_p: 0.09822515398263931  l_d: -19.824575424194336  lagr: -19.726350784301758
====================================================================================================

training epoch:21
 l_p: 0.09295225143432617  l_d: -23.069250106811523  lagr: -22.97629737854004
====================================================================================================

training epoch:22
 l_p: 0.09507466852664948  l_d: -13.557829856872559  lagr: -13.46275520324707
====================================================================================================

training epoch:23
 l_p: 0.09371526539325714  l_d: -14.05748462677002  lagr: -13.96376895904541
====================================================================================================

training epoch:24
 l_p: 0.09091673046350479  l_d: -8.508360862731934  lagr: -8.417444229125977
====================================================================================================

training epoch:25
 l_p: 0.09360659122467041  l_d: -5.6705322265625  lagr: -5.576925754547119
====================================================================================================

training epoch:26
 l_p: 0.09084637463092804  l_d: -4.11300802230835  lagr: -4.022161483764648
====================================================================================================

training epoch:27
 l_p: 0.08938702195882797  l_d: -1.4751759767532349  lagr: -1.385788917541504
====================================================================================================

training epoch:28
 l_p: 0.08534415066242218  l_d: 0.0  lagr: 0.08534415066242218
====================================================================================================

training epoch:29
 l_p: 0.08139146864414215  l_d: 0.0  lagr: 0.08139146864414215
====================================================================================================

training epoch:30
 l_p: 0.07837192714214325  l_d: 0.0  lagr: 0.07837192714214325
====================================================================================================

training epoch:31
 l_p: 0.07953519374132156  l_d: 0.0  lagr: 0.07953519374132156
====================================================================================================

training epoch:32
 l_p: 0.08141008019447327  l_d: 0.0  lagr: 0.08141008019447327
====================================================================================================

training epoch:33
 l_p: 0.08257703483104706  l_d: 0.0  lagr: 0.08257703483104706
====================================================================================================

training epoch:34
 l_p: 0.07724759727716446  l_d: 0.0  lagr: 0.07724759727716446
====================================================================================================

training epoch:35
 l_p: 0.07346300780773163  l_d: 0.0  lagr: 0.07346300780773163
====================================================================================================

training epoch:36
 l_p: 0.07209796458482742  l_d: 0.0  lagr: 0.07209796458482742
====================================================================================================

training epoch:37
 l_p: 0.07831181585788727  l_d: 0.0  lagr: 0.07831181585788727
====================================================================================================

training epoch:38
 l_p: 0.0748990848660469  l_d: 0.0  lagr: 0.0748990848660469
====================================================================================================

training epoch:39
 l_p: 0.07170428335666656  l_d: 0.0  lagr: 0.07170428335666656
====================================================================================================

training epoch:40
 l_p: 0.07023310661315918  l_d: 0.0  lagr: 0.07023310661315918
====================================================================================================

training epoch:41
 l_p: 0.07330271601676941  l_d: 0.0  lagr: 0.07330271601676941
====================================================================================================

training epoch:42
 l_p: 0.07523146271705627  l_d: 0.0  lagr: 0.07523146271705627
====================================================================================================

training epoch:43
 l_p: 0.07290136069059372  l_d: 0.0  lagr: 0.07290136069059372
====================================================================================================

training epoch:44
 l_p: 0.0703984722495079  l_d: 0.0  lagr: 0.0703984722495079
====================================================================================================

training epoch:45
 l_p: 0.07017606496810913  l_d: 0.0  lagr: 0.07017606496810913
====================================================================================================

training epoch:46
 l_p: 0.06998182088136673  l_d: 0.0  lagr: 0.06998182088136673
====================================================================================================

training epoch:47
 l_p: 0.06895110756158829  l_d: 0.0  lagr: 0.06895110756158829
====================================================================================================

training epoch:48
 l_p: 0.07077952474355698  l_d: 0.0  lagr: 0.07077952474355698
====================================================================================================

training epoch:49
 l_p: 0.06807475537061691  l_d: 0.0  lagr: 0.06807475537061691
====================================================================================================

training epoch:50
 l_p: 0.06797487288713455  l_d: 0.0  lagr: 0.06797487288713455
====================================================================================================

training epoch:51
 l_p: 0.06956171989440918  l_d: 0.0  lagr: 0.06956171989440918
====================================================================================================

training epoch:52
 l_p: 0.06875765323638916  l_d: 0.0  lagr: 0.06875765323638916
====================================================================================================

training epoch:53
 l_p: 0.06683935225009918  l_d: 0.0  lagr: 0.06683935225009918
====================================================================================================

training epoch:54
 l_p: 0.06704721599817276  l_d: 0.0  lagr: 0.06704721599817276
====================================================================================================

training epoch:55
 l_p: 0.0695585161447525  l_d: 0.0  lagr: 0.0695585161447525
====================================================================================================

training epoch:56
 l_p: 0.06548415124416351  l_d: 0.0  lagr: 0.06548415124416351
====================================================================================================

training epoch:57
 l_p: 0.06795039027929306  l_d: 0.0  lagr: 0.06795039027929306
====================================================================================================

training epoch:58
 l_p: 0.0670107901096344  l_d: 0.0  lagr: 0.0670107901096344
====================================================================================================

training epoch:59
 l_p: 0.06558628380298615  l_d: 0.0  lagr: 0.06558628380298615
====================================================================================================

training epoch:60
 l_p: 0.06790792942047119  l_d: 0.0  lagr: 0.06790792942047119
====================================================================================================

training epoch:61
 l_p: 0.0667184516787529  l_d: 0.0  lagr: 0.0667184516787529
====================================================================================================

training epoch:62
 l_p: 0.06687598675489426  l_d: 0.0  lagr: 0.06687598675489426
====================================================================================================

training epoch:63
 l_p: 0.06780494004487991  l_d: 0.0  lagr: 0.06780494004487991
====================================================================================================

training epoch:64
 l_p: 0.0658281072974205  l_d: 0.0  lagr: 0.0658281072974205
====================================================================================================

training epoch:65
 l_p: 0.06869048625230789  l_d: 0.0  lagr: 0.06869048625230789
====================================================================================================

training epoch:66
 l_p: 0.06543563306331635  l_d: 0.0  lagr: 0.06543563306331635
====================================================================================================

training epoch:67
 l_p: 0.06593368202447891  l_d: 0.0  lagr: 0.06593368202447891
====================================================================================================

training epoch:68
 l_p: 0.06597001105546951  l_d: 0.0  lagr: 0.06597001105546951
====================================================================================================

training epoch:69
 l_p: 0.06447795778512955  l_d: 0.0  lagr: 0.06447795778512955
====================================================================================================

training epoch:70
 l_p: 0.06568145006895065  l_d: 0.0  lagr: 0.06568145006895065
====================================================================================================

training epoch:71
 l_p: 0.06430289149284363  l_d: 0.0  lagr: 0.06430289149284363
====================================================================================================

training epoch:72
 l_p: 0.06508385390043259  l_d: 0.0  lagr: 0.06508385390043259
====================================================================================================

training epoch:73
 l_p: 0.06457842886447906  l_d: 0.0  lagr: 0.06457842886447906
====================================================================================================

training epoch:74
 l_p: 0.06457052379846573  l_d: 0.0  lagr: 0.06457052379846573
====================================================================================================

training epoch:75
 l_p: 0.06419550627470016  l_d: 0.0  lagr: 0.06419550627470016
====================================================================================================

training epoch:76
 l_p: 0.06442709267139435  l_d: 0.0  lagr: 0.06442709267139435
====================================================================================================

training epoch:77
 l_p: 0.06349747627973557  l_d: 0.0  lagr: 0.06349747627973557
====================================================================================================

training epoch:78
 l_p: 0.0639735609292984  l_d: 0.0  lagr: 0.0639735609292984
====================================================================================================

training epoch:79
 l_p: 0.06394568830728531  l_d: 0.0  lagr: 0.06394568830728531
====================================================================================================

training epoch:80
 l_p: 0.06457328051328659  l_d: 0.0  lagr: 0.06457328051328659
====================================================================================================

training epoch:81
 l_p: 0.06386302411556244  l_d: 0.0  lagr: 0.06386302411556244
====================================================================================================

training epoch:82
 l_p: 0.06512660533189774  l_d: 0.0  lagr: 0.06512660533189774
====================================================================================================

training epoch:83
 l_p: 0.0638422891497612  l_d: 0.0  lagr: 0.0638422891497612
====================================================================================================

training epoch:84
 l_p: 0.06457933038473129  l_d: 0.0  lagr: 0.06457933038473129
====================================================================================================

training epoch:85
 l_p: 0.06304118782281876  l_d: 0.0  lagr: 0.06304118782281876
====================================================================================================

training epoch:86
 l_p: 0.06342519819736481  l_d: 0.0  lagr: 0.06342519819736481
====================================================================================================

training epoch:87
 l_p: 0.06355796009302139  l_d: 0.0  lagr: 0.06355796009302139
====================================================================================================

training epoch:88
 l_p: 0.06504713743925095  l_d: 0.0  lagr: 0.06504713743925095
====================================================================================================

training epoch:89
 l_p: 0.06315871328115463  l_d: 0.0  lagr: 0.06315871328115463
====================================================================================================

training epoch:90
 l_p: 0.06343767046928406  l_d: 0.0  lagr: 0.06343767046928406
====================================================================================================

training epoch:91
 l_p: 0.06573385000228882  l_d: 0.0  lagr: 0.06573385000228882
====================================================================================================

training epoch:92
 l_p: 0.06176724284887314  l_d: 0.0  lagr: 0.06176724284887314
====================================================================================================

training epoch:93
 l_p: 0.062397222965955734  l_d: 0.0  lagr: 0.062397222965955734
====================================================================================================

training epoch:94
 l_p: 0.06257255375385284  l_d: 0.0  lagr: 0.06257255375385284
====================================================================================================

training epoch:95
 l_p: 0.06211492419242859  l_d: 0.0  lagr: 0.06211492419242859
====================================================================================================

training epoch:96
 l_p: 0.06323917955160141  l_d: 0.0  lagr: 0.06323917955160141
====================================================================================================

training epoch:97
 l_p: 0.06259887665510178  l_d: 0.0  lagr: 0.06259887665510178
====================================================================================================

training epoch:98
 l_p: 0.06235551834106445  l_d: 0.0  lagr: 0.06235551834106445
====================================================================================================

training epoch:99
 l_p: 0.0622069425880909  l_d: 0.0  lagr: 0.0622069425880909
====================================================================================================

training epoch:100
 l_p: 0.06377296894788742  l_d: 0.0  lagr: 0.06377296894788742
====================================================================================================

training epoch:101
 l_p: 0.062114689499139786  l_d: 0.0  lagr: 0.062114689499139786
====================================================================================================

training epoch:102
 l_p: 0.06156756356358528  l_d: 0.0  lagr: 0.06156756356358528
====================================================================================================

training epoch:103
 l_p: 0.0621035173535347  l_d: 0.0  lagr: 0.0621035173535347
====================================================================================================

training epoch:104
 l_p: 0.062234748154878616  l_d: 0.0  lagr: 0.062234748154878616
====================================================================================================

training epoch:105
 l_p: 0.06213287264108658  l_d: 0.0  lagr: 0.06213287264108658
====================================================================================================

training epoch:106
 l_p: 0.060874927788972855  l_d: 0.0  lagr: 0.060874927788972855
====================================================================================================

training epoch:107
 l_p: 0.06136484816670418  l_d: 0.0  lagr: 0.06136484816670418
====================================================================================================

training epoch:108
 l_p: 0.06305393576622009  l_d: 0.0  lagr: 0.06305393576622009
====================================================================================================

training epoch:109
 l_p: 0.06024567410349846  l_d: 0.0  lagr: 0.06024567410349846
====================================================================================================

training epoch:110
 l_p: 0.061058156192302704  l_d: 0.0  lagr: 0.061058156192302704
====================================================================================================

training epoch:111
 l_p: 0.061714619398117065  l_d: 0.0  lagr: 0.061714619398117065
====================================================================================================

training epoch:112
 l_p: 0.06060124561190605  l_d: 0.0  lagr: 0.06060124561190605
====================================================================================================

training epoch:113
 l_p: 0.0614253506064415  l_d: 0.0  lagr: 0.0614253506064415
====================================================================================================

training epoch:114
 l_p: 0.061967018991708755  l_d: 0.0  lagr: 0.061967018991708755
====================================================================================================

training epoch:115
 l_p: 0.06041201576590538  l_d: 0.0  lagr: 0.06041201576590538
====================================================================================================

training epoch:116
 l_p: 0.0601416751742363  l_d: 0.0  lagr: 0.0601416751742363
====================================================================================================

training epoch:117
 l_p: 0.06047980114817619  l_d: 0.0  lagr: 0.06047980114817619
====================================================================================================

training epoch:118
 l_p: 0.060455042868852615  l_d: 0.0  lagr: 0.060455042868852615
====================================================================================================

training epoch:119
 l_p: 0.06210467219352722  l_d: 0.0  lagr: 0.06210467219352722
====================================================================================================

training epoch:120
 l_p: 0.06008001044392586  l_d: 0.0  lagr: 0.06008001044392586
====================================================================================================

training epoch:121
 l_p: 0.06059350445866585  l_d: 0.0  lagr: 0.06059350445866585
====================================================================================================

training epoch:122
 l_p: 0.06143619492650032  l_d: 0.0  lagr: 0.06143619492650032
====================================================================================================

training epoch:123
 l_p: 0.060340289026498795  l_d: 0.0  lagr: 0.060340289026498795
====================================================================================================

training epoch:124
 l_p: 0.060937125235795975  l_d: 0.0  lagr: 0.060937125235795975
====================================================================================================

training epoch:125
 l_p: 0.060217227786779404  l_d: 0.0  lagr: 0.060217227786779404
====================================================================================================

training epoch:126
 l_p: 0.060686059296131134  l_d: 0.0  lagr: 0.060686059296131134
====================================================================================================

training epoch:127
 l_p: 0.06060729920864105  l_d: 0.0  lagr: 0.06060729920864105
====================================================================================================

training epoch:128
 l_p: 0.059634577482938766  l_d: 0.0  lagr: 0.059634577482938766
====================================================================================================

training epoch:129
 l_p: 0.059483908116817474  l_d: 0.0  lagr: 0.059483908116817474
====================================================================================================

training epoch:130
 l_p: 0.059325527399778366  l_d: 0.0  lagr: 0.059325527399778366
====================================================================================================

training epoch:131
 l_p: 0.06110342964529991  l_d: 0.0  lagr: 0.06110342964529991
====================================================================================================

training epoch:132
 l_p: 0.06095251068472862  l_d: 0.0  lagr: 0.06095251068472862
====================================================================================================

training epoch:133
 l_p: 0.05961349233984947  l_d: 0.0  lagr: 0.05961349233984947
====================================================================================================

training epoch:134
 l_p: 0.059316568076610565  l_d: 0.0  lagr: 0.059316568076610565
====================================================================================================

training epoch:135
 l_p: 0.059652507305145264  l_d: 0.0  lagr: 0.059652507305145264
====================================================================================================

training epoch:136
 l_p: 0.05956782028079033  l_d: 0.0  lagr: 0.05956782028079033
====================================================================================================

training epoch:137
 l_p: 0.05949791148304939  l_d: 0.0  lagr: 0.05949791148304939
====================================================================================================

training epoch:138
 l_p: 0.06028594821691513  l_d: 0.0  lagr: 0.06028594821691513
====================================================================================================

training epoch:139
 l_p: 0.05885539576411247  l_d: 0.0  lagr: 0.05885539576411247
====================================================================================================

training epoch:140
 l_p: 0.05913097783923149  l_d: 0.0  lagr: 0.05913097783923149
====================================================================================================

training epoch:141
 l_p: 0.05958717316389084  l_d: 0.0  lagr: 0.05958717316389084
====================================================================================================

training epoch:142
 l_p: 0.05995997413992882  l_d: 0.0  lagr: 0.05995997413992882
====================================================================================================

training epoch:143
 l_p: 0.05834111198782921  l_d: 0.0  lagr: 0.05834111198782921
====================================================================================================

training epoch:144
 l_p: 0.05933830142021179  l_d: 0.0  lagr: 0.05933830142021179
====================================================================================================

training epoch:145
 l_p: 0.05910273268818855  l_d: 0.0  lagr: 0.05910273268818855
====================================================================================================

training epoch:146
 l_p: 0.05894186347723007  l_d: 0.0  lagr: 0.05894186347723007
====================================================================================================

training epoch:147
 l_p: 0.05812694504857063  l_d: 0.0  lagr: 0.05812694504857063
====================================================================================================

training epoch:148
 l_p: 0.058329105377197266  l_d: 0.0  lagr: 0.058329105377197266
====================================================================================================

training epoch:149
 l_p: 0.05906324088573456  l_d: 0.0  lagr: 0.05906324088573456
====================================================================================================

training epoch:150
 l_p: 0.0588797852396965  l_d: 0.0  lagr: 0.0588797852396965
====================================================================================================

training epoch:151
 l_p: 0.05777640640735626  l_d: 0.0  lagr: 0.05777640640735626
====================================================================================================

training epoch:152
 l_p: 0.059641316533088684  l_d: 0.0  lagr: 0.059641316533088684
====================================================================================================

training epoch:153
 l_p: 0.05854562669992447  l_d: 0.0  lagr: 0.05854562669992447
====================================================================================================

training epoch:154
 l_p: 0.05946037173271179  l_d: 0.0  lagr: 0.05946037173271179
====================================================================================================

training epoch:155
 l_p: 0.05893789976835251  l_d: 0.0  lagr: 0.05893789976835251
====================================================================================================

training epoch:156
 l_p: 0.058776166290044785  l_d: 0.0  lagr: 0.058776166290044785
====================================================================================================

training epoch:157
 l_p: 0.058974508196115494  l_d: 0.0  lagr: 0.058974508196115494
====================================================================================================

training epoch:158
 l_p: 0.05818546190857887  l_d: 0.0  lagr: 0.05818546190857887
====================================================================================================

training epoch:159
 l_p: 0.059219539165496826  l_d: 0.0  lagr: 0.059219539165496826
====================================================================================================

training epoch:160
 l_p: 0.05843561887741089  l_d: 0.0  lagr: 0.05843561887741089
====================================================================================================

training epoch:161
 l_p: 0.058532606810331345  l_d: 0.0  lagr: 0.058532606810331345
====================================================================================================

training epoch:162
 l_p: 0.05740583315491676  l_d: 0.0  lagr: 0.05740583315491676
====================================================================================================

training epoch:163
 l_p: 0.05906762555241585  l_d: 0.0  lagr: 0.05906762555241585
====================================================================================================

training epoch:164
 l_p: 0.05858456343412399  l_d: 0.0  lagr: 0.05858456343412399
====================================================================================================

training epoch:165
 l_p: 0.05827637389302254  l_d: 0.0  lagr: 0.05827637389302254
====================================================================================================

training epoch:166
 l_p: 0.05840164050459862  l_d: 0.0  lagr: 0.05840164050459862
====================================================================================================

training epoch:167
 l_p: 0.058586206287145615  l_d: 0.0  lagr: 0.058586206287145615
====================================================================================================

training epoch:168
 l_p: 0.058450307697057724  l_d: 0.0  lagr: 0.058450307697057724
====================================================================================================

training epoch:169
 l_p: 0.05748671293258667  l_d: 0.0  lagr: 0.05748671293258667
====================================================================================================

training epoch:170
 l_p: 0.05865224823355675  l_d: 0.0  lagr: 0.05865224823355675
====================================================================================================

training epoch:171
 l_p: 0.05739550292491913  l_d: 0.0  lagr: 0.05739550292491913
====================================================================================================

training epoch:172
 l_p: 0.057996004819869995  l_d: 0.0  lagr: 0.057996004819869995
====================================================================================================

training epoch:173
 l_p: 0.057094283401966095  l_d: 0.0  lagr: 0.057094283401966095
====================================================================================================

training epoch:174
 l_p: 0.05709629878401756  l_d: 0.0  lagr: 0.05709629878401756
====================================================================================================

training epoch:175
 l_p: 0.057593390345573425  l_d: 0.0  lagr: 0.057593390345573425
====================================================================================================

training epoch:176
 l_p: 0.057462215423583984  l_d: 0.0  lagr: 0.057462215423583984
====================================================================================================

training epoch:177
 l_p: 0.05819283053278923  l_d: 0.0  lagr: 0.05819283053278923
====================================================================================================

training epoch:178
 l_p: 0.05702805519104004  l_d: 0.0  lagr: 0.05702805519104004
====================================================================================================

training epoch:179
 l_p: 0.05777911841869354  l_d: 0.0  lagr: 0.05777911841869354
====================================================================================================

training epoch:180
 l_p: 0.057589318603277206  l_d: 0.0  lagr: 0.057589318603277206
====================================================================================================

training epoch:181
 l_p: 0.057082708925008774  l_d: 0.0  lagr: 0.057082708925008774
====================================================================================================

training epoch:182
 l_p: 0.05729793757200241  l_d: 0.0  lagr: 0.05729793757200241
====================================================================================================

training epoch:183
 l_p: 0.05657809600234032  l_d: 0.0  lagr: 0.05657809600234032
====================================================================================================

training epoch:184
 l_p: 0.05792853236198425  l_d: 0.0  lagr: 0.05792853236198425
====================================================================================================

training epoch:185
 l_p: 0.05740560218691826  l_d: 0.0  lagr: 0.05740560218691826
====================================================================================================

training epoch:186
 l_p: 0.05717699974775314  l_d: 0.0  lagr: 0.05717699974775314
====================================================================================================

training epoch:187
 l_p: 0.056588925421237946  l_d: 0.0  lagr: 0.056588925421237946
====================================================================================================

training epoch:188
 l_p: 0.05705128610134125  l_d: 0.0  lagr: 0.05705128610134125
====================================================================================================

training epoch:189
 l_p: 0.05811451002955437  l_d: 0.0  lagr: 0.05811451002955437
====================================================================================================

training epoch:190
 l_p: 0.057802386581897736  l_d: 0.0  lagr: 0.057802386581897736
====================================================================================================

training epoch:191
 l_p: 0.05742008984088898  l_d: 0.0  lagr: 0.05742008984088898
====================================================================================================

training epoch:192
 l_p: 0.057675931602716446  l_d: 0.0  lagr: 0.057675931602716446
====================================================================================================

training epoch:193
 l_p: 0.05654832720756531  l_d: 0.0  lagr: 0.05654832720756531
====================================================================================================

training epoch:194
 l_p: 0.05763453245162964  l_d: 0.0  lagr: 0.05763453245162964
====================================================================================================

training epoch:195
 l_p: 0.05686909705400467  l_d: 0.0  lagr: 0.05686909705400467
====================================================================================================

training epoch:196
 l_p: 0.05714768171310425  l_d: 0.0  lagr: 0.05714768171310425
====================================================================================================

training epoch:197
 l_p: 0.0563366673886776  l_d: 0.0  lagr: 0.0563366673886776
====================================================================================================

training epoch:198
 l_p: 0.05653754249215126  l_d: 0.0  lagr: 0.05653754249215126
====================================================================================================

training epoch:199
 l_p: 0.05687584728002548  l_d: 0.0  lagr: 0.05687584728002548
中断概率数据已保存到: g:\CINT\Data_model_drive_direct\HARQ_MSC\train\models\HARQ-IR_NumK=5_pout_data_20250224_011351.csv
