
bounds:-1.0	db:[10, 12, 14, 16, 18, 20, 22, 24]	Pt_max:1.0
model init: 
lambdas:{'pout': tensor([1.]), 'power': tensor([1.])},
vars:{'pout': tensor([0.]), 'power': tensor([0.])}

====================================================================================================

training epoch:0
 l_p: 0.2980773448944092  l_d: -49.80824661254883  lagr: -49.510169982910156
====================================================================================================

training epoch:1
 l_p: 0.1316777914762497  l_d: -67.09777069091797  lagr: -66.96609497070312
====================================================================================================

training epoch:2
 l_p: 0.12980963289737701  l_d: -58.16132736206055  lagr: -58.031517028808594
====================================================================================================

training epoch:3
 l_p: 0.10708971321582794  l_d: -65.20963287353516  lagr: -65.10254669189453
====================================================================================================

training epoch:4
 l_p: 0.06653458625078201  l_d: -54.157691955566406  lagr: -54.091156005859375
====================================================================================================

training epoch:5
 l_p: 0.1004292294383049  l_d: -71.30480194091797  lagr: -71.20437622070312
====================================================================================================

training epoch:6
 l_p: 0.1015896424651146  l_d: -57.120906829833984  lagr: -57.019317626953125
====================================================================================================

training epoch:7
 l_p: 0.10533197224140167  l_d: -41.63340377807617  lagr: -41.528072357177734
====================================================================================================

training epoch:8
 l_p: 0.24908952414989471  l_d: -59.82841110229492  lagr: -59.579322814941406
====================================================================================================

training epoch:9
 l_p: 0.09992561489343643  l_d: -66.33698272705078  lagr: -66.237060546875
====================================================================================================

training epoch:10
 l_p: 0.09942614287137985  l_d: -58.023406982421875  lagr: -57.923980712890625
====================================================================================================

training epoch:11
 l_p: 0.19493968784809113  l_d: -48.97716522216797  lagr: -48.7822265625
====================================================================================================

training epoch:12
 l_p: 0.09577653557062149  l_d: -40.425384521484375  lagr: -40.32960891723633
====================================================================================================

training epoch:13
 l_p: 0.09647495299577713  l_d: -41.592628479003906  lagr: -41.49615478515625
====================================================================================================

training epoch:14
 l_p: 0.0973643809556961  l_d: -43.6673698425293  lagr: -43.57000732421875
====================================================================================================

training epoch:15
 l_p: 0.09590107947587967  l_d: -33.07392883300781  lagr: -32.97802734375
====================================================================================================

training epoch:16
 l_p: 0.09878789633512497  l_d: -36.1352424621582  lagr: -36.03645324707031
====================================================================================================

training epoch:17
 l_p: 0.03389422968029976  l_d: -29.264102935791016  lagr: -29.230209350585938
====================================================================================================

training epoch:18
 l_p: 0.08153057843446732  l_d: -31.423498153686523  lagr: -31.34196662902832
====================================================================================================

training epoch:19
 l_p: 0.09392523020505905  l_d: -28.272418975830078  lagr: -28.17849349975586
====================================================================================================

training epoch:20
 l_p: 0.0930442065000534  l_d: -20.63418197631836  lagr: -20.5411376953125
====================================================================================================

training epoch:21
 l_p: 0.09932200610637665  l_d: -16.644495010375977  lagr: -16.54517364501953
====================================================================================================

training epoch:22
 l_p: 0.0918097272515297  l_d: -16.19818878173828  lagr: -16.10637855529785
====================================================================================================

training epoch:23
 l_p: 0.09343446046113968  l_d: -13.683337211608887  lagr: -13.589902877807617
====================================================================================================

training epoch:24
 l_p: 0.09389089792966843  l_d: -9.880117416381836  lagr: -9.786226272583008
====================================================================================================

training epoch:25
 l_p: 0.09486114233732224  l_d: -6.313520908355713  lagr: -6.2186598777771
====================================================================================================

training epoch:26
 l_p: 0.10129107534885406  l_d: -4.014800071716309  lagr: -3.913508892059326
====================================================================================================

training epoch:27
 l_p: 0.09400159865617752  l_d: -1.1851494312286377  lagr: -1.091147780418396
====================================================================================================

training epoch:28
 l_p: 0.07886072993278503  l_d: 0.0  lagr: 0.07886072993278503
====================================================================================================

training epoch:29
 l_p: 0.09095705300569534  l_d: 0.0  lagr: 0.09095705300569534
====================================================================================================

training epoch:30
 l_p: 0.08736159652471542  l_d: 0.0  lagr: 0.08736159652471542
====================================================================================================

training epoch:31
 l_p: 0.08399411290884018  l_d: 0.0  lagr: 0.08399411290884018
====================================================================================================

training epoch:32
 l_p: 0.07971031218767166  l_d: 0.0  lagr: 0.07971031218767166
====================================================================================================

training epoch:33
 l_p: 0.08114075660705566  l_d: 0.0  lagr: 0.08114075660705566
====================================================================================================

training epoch:34
 l_p: 0.07783762365579605  l_d: 0.0  lagr: 0.07783762365579605
====================================================================================================

training epoch:35
 l_p: 0.1345309615135193  l_d: 0.0  lagr: 0.1345309615135193
====================================================================================================

training epoch:36
 l_p: 0.07533631473779678  l_d: 0.0  lagr: 0.07533631473779678
====================================================================================================

training epoch:37
 l_p: 0.07447796314954758  l_d: 0.0  lagr: 0.07447796314954758
====================================================================================================

training epoch:38
 l_p: -0.05647493898868561  l_d: 0.0  lagr: -0.05647493898868561
====================================================================================================

training epoch:39
 l_p: 0.07124648243188858  l_d: 0.0  lagr: 0.07124648243188858
====================================================================================================

training epoch:40
 l_p: 0.07277519255876541  l_d: 0.0  lagr: 0.07277519255876541
====================================================================================================

training epoch:41
 l_p: 0.07125989347696304  l_d: 0.0  lagr: 0.07125989347696304
====================================================================================================

training epoch:42
 l_p: 0.07359636574983597  l_d: 0.0  lagr: 0.07359636574983597
====================================================================================================

training epoch:43
 l_p: 0.07057251781225204  l_d: 0.0  lagr: 0.07057251781225204
====================================================================================================

training epoch:44
 l_p: 0.07050182670354843  l_d: 0.0  lagr: 0.07050182670354843
====================================================================================================

training epoch:45
 l_p: 0.06910401582717896  l_d: 0.0  lagr: 0.06910401582717896
====================================================================================================

training epoch:46
 l_p: 0.0690251812338829  l_d: 0.0  lagr: 0.0690251812338829
====================================================================================================

training epoch:47
 l_p: 0.06814751029014587  l_d: 0.0  lagr: 0.06814751029014587
====================================================================================================

training epoch:48
 l_p: 0.06901416927576065  l_d: 0.0  lagr: 0.06901416927576065
====================================================================================================

training epoch:49
 l_p: 0.06866126507520676  l_d: 0.0  lagr: 0.06866126507520676
====================================================================================================

training epoch:50
 l_p: 0.06849351525306702  l_d: 0.0  lagr: 0.06849351525306702
====================================================================================================

training epoch:51
 l_p: 0.06838446855545044  l_d: 0.0  lagr: 0.06838446855545044
====================================================================================================

training epoch:52
 l_p: 0.06936047971248627  l_d: 0.0  lagr: 0.06936047971248627
====================================================================================================

training epoch:53
 l_p: 0.06811267137527466  l_d: 0.0  lagr: 0.06811267137527466
====================================================================================================

training epoch:54
 l_p: 0.06888896971940994  l_d: 0.0  lagr: 0.06888896971940994
====================================================================================================

training epoch:55
 l_p: 0.06695429235696793  l_d: 0.0  lagr: 0.06695429235696793
====================================================================================================

training epoch:56
 l_p: 0.06836013495922089  l_d: 0.0  lagr: 0.06836013495922089
====================================================================================================

training epoch:57
 l_p: 0.06603357195854187  l_d: 0.0  lagr: 0.06603357195854187
====================================================================================================

training epoch:58
 l_p: 0.0699848011136055  l_d: 0.0  lagr: 0.0699848011136055
====================================================================================================

training epoch:59
 l_p: 0.06560613960027695  l_d: 0.0  lagr: 0.06560613960027695
====================================================================================================

training epoch:60
 l_p: 0.06656426191329956  l_d: 0.0  lagr: 0.06656426191329956
====================================================================================================

training epoch:61
 l_p: 0.06832277774810791  l_d: 0.0  lagr: 0.06832277774810791
====================================================================================================

training epoch:62
 l_p: 0.06715483218431473  l_d: 0.0  lagr: 0.06715483218431473
====================================================================================================

training epoch:63
 l_p: 0.06642577797174454  l_d: 0.0  lagr: 0.06642577797174454
====================================================================================================

training epoch:64
 l_p: 0.06557682156562805  l_d: 0.0  lagr: 0.06557682156562805
====================================================================================================

training epoch:65
 l_p: 0.0669180229306221  l_d: 0.0  lagr: 0.0669180229306221
====================================================================================================

training epoch:66
 l_p: 0.06757201999425888  l_d: 0.0  lagr: 0.06757201999425888
====================================================================================================

training epoch:67
 l_p: 0.06741103529930115  l_d: 0.0  lagr: 0.06741103529930115
====================================================================================================

training epoch:68
 l_p: 0.06625902652740479  l_d: 0.0  lagr: 0.06625902652740479
====================================================================================================

training epoch:69
 l_p: 0.06457489728927612  l_d: 0.0  lagr: 0.06457489728927612
====================================================================================================

training epoch:70
 l_p: 0.0656939446926117  l_d: 0.0  lagr: 0.0656939446926117
====================================================================================================

training epoch:71
 l_p: 0.06541695445775986  l_d: 0.0  lagr: 0.06541695445775986
====================================================================================================

training epoch:72
 l_p: 0.06417717784643173  l_d: 0.0  lagr: 0.06417717784643173
====================================================================================================

training epoch:73
 l_p: 0.06307704001665115  l_d: 0.0  lagr: 0.06307704001665115
====================================================================================================

training epoch:74
 l_p: 0.06633887439966202  l_d: 0.0  lagr: 0.06633887439966202
====================================================================================================

training epoch:75
 l_p: 0.06469250470399857  l_d: 0.0  lagr: 0.06469250470399857
====================================================================================================

training epoch:76
 l_p: 0.06496316194534302  l_d: 0.0  lagr: 0.06496316194534302
====================================================================================================

training epoch:77
 l_p: 0.06503252685070038  l_d: 0.0  lagr: 0.06503252685070038
====================================================================================================

training epoch:78
 l_p: 0.0633568987250328  l_d: 0.0  lagr: 0.0633568987250328
====================================================================================================

training epoch:79
 l_p: 0.06408423185348511  l_d: 0.0  lagr: 0.06408423185348511
====================================================================================================

training epoch:80
 l_p: 0.06476644426584244  l_d: 0.0  lagr: 0.06476644426584244
====================================================================================================

training epoch:81
 l_p: 0.06419600546360016  l_d: 0.0  lagr: 0.06419600546360016
====================================================================================================

training epoch:82
 l_p: 0.06362468749284744  l_d: 0.0  lagr: 0.06362468749284744
====================================================================================================

training epoch:83
 l_p: 0.06387920677661896  l_d: 0.0  lagr: 0.06387920677661896
====================================================================================================

training epoch:84
 l_p: 0.06535105407238007  l_d: 0.0  lagr: 0.06535105407238007
====================================================================================================

training epoch:85
 l_p: 0.06411920487880707  l_d: 0.0  lagr: 0.06411920487880707
====================================================================================================

training epoch:86
 l_p: 0.06347209215164185  l_d: 0.0  lagr: 0.06347209215164185
====================================================================================================

training epoch:87
 l_p: 0.06343229860067368  l_d: 0.0  lagr: 0.06343229860067368
====================================================================================================

training epoch:88
 l_p: 0.0642707422375679  l_d: 0.0  lagr: 0.0642707422375679
====================================================================================================

training epoch:89
 l_p: 0.06343366950750351  l_d: 0.0  lagr: 0.06343366950750351
====================================================================================================

training epoch:90
 l_p: 0.0630800873041153  l_d: 0.0  lagr: 0.0630800873041153
====================================================================================================

training epoch:91
 l_p: 0.06340836733579636  l_d: 0.0  lagr: 0.06340836733579636
====================================================================================================

training epoch:92
 l_p: 0.06135252118110657  l_d: 0.0  lagr: 0.06135252118110657
====================================================================================================

training epoch:93
 l_p: 0.06352096050977707  l_d: 0.0  lagr: 0.06352096050977707
====================================================================================================

training epoch:94
 l_p: 0.06307605654001236  l_d: 0.0  lagr: 0.06307605654001236
====================================================================================================

training epoch:95
 l_p: 0.063819020986557  l_d: 0.0  lagr: 0.063819020986557
====================================================================================================

training epoch:96
 l_p: 0.06183348596096039  l_d: 0.0  lagr: 0.06183348596096039
====================================================================================================

training epoch:97
 l_p: 0.06307365745306015  l_d: 0.0  lagr: 0.06307365745306015
====================================================================================================

training epoch:98
 l_p: 0.06187371164560318  l_d: 0.0  lagr: 0.06187371164560318
====================================================================================================

training epoch:99
 l_p: 0.061481598764657974  l_d: 0.0  lagr: 0.061481598764657974
====================================================================================================

training epoch:100
 l_p: 0.06274210661649704  l_d: 0.0  lagr: 0.06274210661649704
====================================================================================================

training epoch:101
 l_p: 0.061952754855155945  l_d: 0.0  lagr: 0.061952754855155945
====================================================================================================

training epoch:102
 l_p: 0.061808206140995026  l_d: 0.0  lagr: 0.061808206140995026
====================================================================================================

training epoch:103
 l_p: 0.061227113008499146  l_d: 0.0  lagr: 0.061227113008499146
====================================================================================================

training epoch:104
 l_p: 0.06104821339249611  l_d: 0.0  lagr: 0.06104821339249611
====================================================================================================

training epoch:105
 l_p: 0.06116776540875435  l_d: 0.0  lagr: 0.06116776540875435
====================================================================================================

training epoch:106
 l_p: 0.06095533072948456  l_d: 0.0  lagr: 0.06095533072948456
====================================================================================================

training epoch:107
 l_p: 0.061551038175821304  l_d: 0.0  lagr: 0.061551038175821304
====================================================================================================

training epoch:108
 l_p: 0.06209085136651993  l_d: 0.0  lagr: 0.06209085136651993
====================================================================================================

training epoch:109
 l_p: 0.061875976622104645  l_d: 0.0  lagr: 0.061875976622104645
====================================================================================================

training epoch:110
 l_p: 0.06145048141479492  l_d: 0.0  lagr: 0.06145048141479492
====================================================================================================

training epoch:111
 l_p: 0.06208985298871994  l_d: 0.0  lagr: 0.06208985298871994
====================================================================================================

training epoch:112
 l_p: 0.060680847615003586  l_d: 0.0  lagr: 0.060680847615003586
====================================================================================================

training epoch:113
 l_p: 0.06153811514377594  l_d: 0.0  lagr: 0.06153811514377594
====================================================================================================

training epoch:114
 l_p: 0.060329899191856384  l_d: 0.0  lagr: 0.060329899191856384
====================================================================================================

training epoch:115
 l_p: 0.062861368060112  l_d: 0.0  lagr: 0.062861368060112
====================================================================================================

training epoch:116
 l_p: 0.06242074444890022  l_d: 0.0  lagr: 0.06242074444890022
====================================================================================================

training epoch:117
 l_p: 0.06168362498283386  l_d: 0.0  lagr: 0.06168362498283386
====================================================================================================

training epoch:118
 l_p: 0.06384468823671341  l_d: 0.0  lagr: 0.06384468823671341
====================================================================================================

training epoch:119
 l_p: 0.061159439384937286  l_d: 0.0  lagr: 0.061159439384937286
====================================================================================================

training epoch:120
 l_p: 0.06085249036550522  l_d: 0.0  lagr: 0.06085249036550522
====================================================================================================

training epoch:121
 l_p: 0.060375336557626724  l_d: 0.0  lagr: 0.060375336557626724
====================================================================================================

training epoch:122
 l_p: 0.06030687689781189  l_d: 0.0  lagr: 0.06030687689781189
====================================================================================================

training epoch:123
 l_p: 0.06059305742383003  l_d: 0.0  lagr: 0.06059305742383003
====================================================================================================

training epoch:124
 l_p: 0.060162581503391266  l_d: 0.0  lagr: 0.060162581503391266
====================================================================================================

training epoch:125
 l_p: 0.0604533851146698  l_d: 0.0  lagr: 0.0604533851146698
====================================================================================================

training epoch:126
 l_p: 0.06012311577796936  l_d: 0.0  lagr: 0.06012311577796936
====================================================================================================

training epoch:127
 l_p: 0.06070416048169136  l_d: 0.0  lagr: 0.06070416048169136
====================================================================================================

training epoch:128
 l_p: 0.060166969895362854  l_d: 0.0  lagr: 0.060166969895362854
====================================================================================================

training epoch:129
 l_p: 0.059599727392196655  l_d: 0.0  lagr: 0.059599727392196655
====================================================================================================

training epoch:130
 l_p: 0.0603971965610981  l_d: 0.0  lagr: 0.0603971965610981
====================================================================================================

training epoch:131
 l_p: 0.06055806949734688  l_d: 0.0  lagr: 0.06055806949734688
====================================================================================================

training epoch:132
 l_p: 0.05822145566344261  l_d: 0.0  lagr: 0.05822145566344261
====================================================================================================

training epoch:133
 l_p: 0.0605015866458416  l_d: 0.0  lagr: 0.0605015866458416
====================================================================================================

training epoch:134
 l_p: 0.060290247201919556  l_d: 0.0  lagr: 0.060290247201919556
====================================================================================================

training epoch:135
 l_p: 0.06008921563625336  l_d: 0.0  lagr: 0.06008921563625336
====================================================================================================

training epoch:136
 l_p: 0.0613224133849144  l_d: 0.0  lagr: 0.0613224133849144
====================================================================================================

training epoch:137
 l_p: 0.05939757823944092  l_d: 0.0  lagr: 0.05939757823944092
====================================================================================================

training epoch:138
 l_p: 0.06028718873858452  l_d: 0.0  lagr: 0.06028718873858452
====================================================================================================

training epoch:139
 l_p: 0.05945099890232086  l_d: 0.0  lagr: 0.05945099890232086
====================================================================================================

training epoch:140
 l_p: 0.06064331531524658  l_d: 0.0  lagr: 0.06064331531524658
====================================================================================================

training epoch:141
 l_p: 0.05962149798870087  l_d: 0.0  lagr: 0.05962149798870087
====================================================================================================

training epoch:142
 l_p: 0.05986993759870529  l_d: 0.0  lagr: 0.05986993759870529
====================================================================================================

training epoch:143
 l_p: 0.05888720974326134  l_d: 0.0  lagr: 0.05888720974326134
====================================================================================================

training epoch:144
 l_p: 0.05859487131237984  l_d: 0.0  lagr: 0.05859487131237984
====================================================================================================

training epoch:145
 l_p: 0.05940587446093559  l_d: 0.0  lagr: 0.05940587446093559
====================================================================================================

training epoch:146
 l_p: 0.05942406505346298  l_d: 0.0  lagr: 0.05942406505346298
====================================================================================================

training epoch:147
 l_p: 0.05926444008946419  l_d: 0.0  lagr: 0.05926444008946419
====================================================================================================

training epoch:148
 l_p: 0.05977390706539154  l_d: 0.0  lagr: 0.05977390706539154
====================================================================================================

training epoch:149
 l_p: 0.05827831104397774  l_d: 0.0  lagr: 0.05827831104397774
====================================================================================================

training epoch:150
 l_p: 0.05933752655982971  l_d: 0.0  lagr: 0.05933752655982971
====================================================================================================

training epoch:151
 l_p: 0.05900520458817482  l_d: 0.0  lagr: 0.05900520458817482
====================================================================================================

training epoch:152
 l_p: 0.05931863188743591  l_d: 0.0  lagr: 0.05931863188743591
====================================================================================================

training epoch:153
 l_p: 0.058398809283971786  l_d: 0.0  lagr: 0.058398809283971786
====================================================================================================

training epoch:154
 l_p: 0.0593063123524189  l_d: 0.0  lagr: 0.0593063123524189
====================================================================================================

training epoch:155
 l_p: 0.05813341215252876  l_d: 0.0  lagr: 0.05813341215252876
====================================================================================================

training epoch:156
 l_p: 0.05894816294312477  l_d: 0.0  lagr: 0.05894816294312477
====================================================================================================

training epoch:157
 l_p: 0.05840729549527168  l_d: 0.0  lagr: 0.05840729549527168
====================================================================================================

training epoch:158
 l_p: 0.05844614654779434  l_d: 0.0  lagr: 0.05844614654779434
====================================================================================================

training epoch:159
 l_p: 0.05888750031590462  l_d: 0.0  lagr: 0.05888750031590462
====================================================================================================

training epoch:160
 l_p: 0.05852540582418442  l_d: 0.0  lagr: 0.05852540582418442
====================================================================================================

training epoch:161
 l_p: 0.05865376442670822  l_d: 0.0  lagr: 0.05865376442670822
====================================================================================================

training epoch:162
 l_p: 0.05749819427728653  l_d: 0.0  lagr: 0.05749819427728653
====================================================================================================

training epoch:163
 l_p: 0.05815235152840614  l_d: 0.0  lagr: 0.05815235152840614
====================================================================================================

training epoch:164
 l_p: 0.05820603296160698  l_d: 0.0  lagr: 0.05820603296160698
====================================================================================================

training epoch:165
 l_p: 0.05817374214529991  l_d: 0.0  lagr: 0.05817374214529991
====================================================================================================

training epoch:166
 l_p: 0.05830797180533409  l_d: 0.0  lagr: 0.05830797180533409
====================================================================================================

training epoch:167
 l_p: 0.058109067380428314  l_d: 0.0  lagr: 0.058109067380428314
====================================================================================================

training epoch:168
 l_p: 0.058323804289102554  l_d: 0.0  lagr: 0.058323804289102554
====================================================================================================

training epoch:169
 l_p: 0.05846432223916054  l_d: 0.0  lagr: 0.05846432223916054
====================================================================================================

training epoch:170
 l_p: 0.05836145579814911  l_d: 0.0  lagr: 0.05836145579814911
====================================================================================================

training epoch:171
 l_p: 0.05818749591708183  l_d: 0.0  lagr: 0.05818749591708183
====================================================================================================

training epoch:172
 l_p: 0.058324333280324936  l_d: 0.0  lagr: 0.058324333280324936
====================================================================================================

training epoch:173
 l_p: 0.05789131298661232  l_d: 0.0  lagr: 0.05789131298661232
====================================================================================================

training epoch:174
 l_p: 0.05891771614551544  l_d: 0.0  lagr: 0.05891771614551544
====================================================================================================

training epoch:175
 l_p: 0.05726350471377373  l_d: 0.0  lagr: 0.05726350471377373
====================================================================================================

training epoch:176
 l_p: 0.05839834362268448  l_d: 0.0  lagr: 0.05839834362268448
====================================================================================================

training epoch:177
 l_p: 0.05715267360210419  l_d: 0.0  lagr: 0.05715267360210419
====================================================================================================

training epoch:178
 l_p: 0.05892116203904152  l_d: 0.0  lagr: 0.05892116203904152
====================================================================================================

training epoch:179
 l_p: 0.058376245200634  l_d: 0.0  lagr: 0.058376245200634
====================================================================================================

training epoch:180
 l_p: 0.0570780374109745  l_d: 0.0  lagr: 0.0570780374109745
====================================================================================================

training epoch:181
 l_p: 0.05694258213043213  l_d: 0.0  lagr: 0.05694258213043213
====================================================================================================

training epoch:182
 l_p: 0.0578329935669899  l_d: 0.0  lagr: 0.0578329935669899
====================================================================================================

training epoch:183
 l_p: 0.057733163237571716  l_d: 0.0  lagr: 0.057733163237571716
====================================================================================================

training epoch:184
 l_p: 0.05721725523471832  l_d: 0.0  lagr: 0.05721725523471832
====================================================================================================

training epoch:185
 l_p: 0.057254742830991745  l_d: 0.0  lagr: 0.057254742830991745
====================================================================================================

training epoch:186
 l_p: 0.05694049224257469  l_d: 0.0  lagr: 0.05694049224257469
====================================================================================================

training epoch:187
 l_p: 0.057275522500276566  l_d: 0.0  lagr: 0.057275522500276566
====================================================================================================

training epoch:188
 l_p: 0.05697165057063103  l_d: 0.0  lagr: 0.05697165057063103
====================================================================================================

training epoch:189
 l_p: 0.058280982077121735  l_d: 0.0  lagr: 0.058280982077121735
====================================================================================================

training epoch:190
 l_p: 0.05751600116491318  l_d: 0.0  lagr: 0.05751600116491318
====================================================================================================

training epoch:191
 l_p: 0.0573565773665905  l_d: 0.0  lagr: 0.0573565773665905
====================================================================================================

training epoch:192
 l_p: 0.05695094168186188  l_d: 0.0  lagr: 0.05695094168186188
====================================================================================================

training epoch:193
 l_p: 0.05736628174781799  l_d: 0.0  lagr: 0.05736628174781799
====================================================================================================

training epoch:194
 l_p: 0.057885780930519104  l_d: 0.0  lagr: 0.057885780930519104
====================================================================================================

training epoch:195
 l_p: 0.05672276020050049  l_d: 0.0  lagr: 0.05672276020050049
====================================================================================================

training epoch:196
 l_p: 0.05630234628915787  l_d: 0.0  lagr: 0.05630234628915787
====================================================================================================

training epoch:197
 l_p: 0.05680045112967491  l_d: 0.0  lagr: 0.05680045112967491
====================================================================================================

training epoch:198
 l_p: 0.056335385888814926  l_d: 0.0  lagr: 0.056335385888814926
====================================================================================================

training epoch:199
 l_p: 0.056359559297561646  l_d: 0.0  lagr: 0.056359559297561646
中断概率数据已保存到: c:\Users\ghhg\Documents\CINT\Data_model_drive_direct--\train\models\HARQ-IR_NumK=5_pout_data_20250224_114956.csv
