
bounds:-1.0	db:[10, 12, 14, 16, 18, 20, 22, 24]	Pt_max:1.0
model init: 
lambdas:{'pout': tensor([1.]), 'power': tensor([1.])},
vars:{'pout': tensor([0.]), 'power': tensor([0.])}

====================================================================================================

training epoch:0
 l_p: 0.2980773448944092  l_d: -49.80824661254883  lagr: -49.510169982910156
====================================================================================================

training epoch:1
 l_p: 0.12751896679401398  l_d: -76.62455749511719  lagr: -76.49703979492188
====================================================================================================

training epoch:2
 l_p: 0.09759253263473511  l_d: -73.61347961425781  lagr: -73.51588439941406
====================================================================================================

training epoch:3
 l_p: 0.09644576907157898  l_d: -82.41634368896484  lagr: -82.31990051269531
====================================================================================================

training epoch:4
 l_p: 0.1035054624080658  l_d: -71.73981475830078  lagr: -71.63630676269531
====================================================================================================

training epoch:5
 l_p: 0.10768220573663712  l_d: -60.40324020385742  lagr: -60.29555892944336
====================================================================================================

training epoch:6
 l_p: 0.09259789437055588  l_d: -38.22184371948242  lagr: -38.12924575805664
====================================================================================================

training epoch:7
 l_p: 0.08974293619394302  l_d: -62.27305221557617  lagr: -62.18330764770508
====================================================================================================

training epoch:8
 l_p: 0.4350009560585022  l_d: -54.90214157104492  lagr: -54.467140197753906
====================================================================================================

training epoch:9
 l_p: 0.09949812293052673  l_d: -71.54119873046875  lagr: -71.44170379638672
====================================================================================================

training epoch:10
 l_p: 0.10127580910921097  l_d: -49.156681060791016  lagr: -49.05540466308594
====================================================================================================

training epoch:11
 l_p: 0.09077334403991699  l_d: -51.69944381713867  lagr: -51.60866928100586
====================================================================================================

training epoch:12
 l_p: 0.09482043981552124  l_d: -52.848182678222656  lagr: -52.753360748291016
====================================================================================================

training epoch:13
 l_p: 0.09852069616317749  l_d: -43.26097106933594  lagr: -43.16244888305664
====================================================================================================

training epoch:14
 l_p: 0.10171671211719513  l_d: -46.185821533203125  lagr: -46.0841064453125
====================================================================================================

training epoch:15
 l_p: 0.09144279360771179  l_d: -36.26607894897461  lagr: -36.17463684082031
====================================================================================================

training epoch:16
 l_p: 0.09716474264860153  l_d: -38.498470306396484  lagr: -38.40130615234375
====================================================================================================

training epoch:17
 l_p: 0.09421171247959137  l_d: -29.075332641601562  lagr: -28.981121063232422
====================================================================================================

training epoch:18
 l_p: 0.0980100929737091  l_d: -21.678720474243164  lagr: -21.58070945739746
====================================================================================================

training epoch:19
 l_p: 0.10071079432964325  l_d: -21.199047088623047  lagr: -21.098337173461914
====================================================================================================

training epoch:20
 l_p: 0.09822515398263931  l_d: -19.824575424194336  lagr: -19.726350784301758
====================================================================================================

training epoch:21
 l_p: 0.09295225143432617  l_d: -23.069250106811523  lagr: -22.97629737854004
====================================================================================================

training epoch:22
 l_p: 0.09507468342781067  l_d: -13.557829856872559  lagr: -13.46275520324707
====================================================================================================

training epoch:23
 l_p: 0.09371525794267654  l_d: -14.057485580444336  lagr: -13.963769912719727
====================================================================================================

training epoch:24
 l_p: 0.09091673046350479  l_d: -8.508360862731934  lagr: -8.417444229125977
====================================================================================================

training epoch:25
 l_p: 0.09360658377408981  l_d: -5.670531749725342  lagr: -5.576925277709961
====================================================================================================

training epoch:26
 l_p: 0.09084637463092804  l_d: -4.113008499145508  lagr: -4.022161960601807
====================================================================================================

training epoch:27
 l_p: 0.08938703685998917  l_d: -1.4751758575439453  lagr: -1.3857887983322144
====================================================================================================

training epoch:28
 l_p: 0.08534416556358337  l_d: 0.0  lagr: 0.08534416556358337
====================================================================================================

training epoch:29
 l_p: 0.08139147609472275  l_d: 0.0  lagr: 0.08139147609472275
====================================================================================================

training epoch:30
 l_p: 0.07837192714214325  l_d: 0.0  lagr: 0.07837192714214325
====================================================================================================

training epoch:31
 l_p: 0.07953520119190216  l_d: 0.0  lagr: 0.07953520119190216
====================================================================================================

training epoch:32
 l_p: 0.08141007274389267  l_d: 0.0  lagr: 0.08141007274389267
====================================================================================================

training epoch:33
 l_p: 0.08257704973220825  l_d: 0.0  lagr: 0.08257704973220825
====================================================================================================

training epoch:34
 l_p: 0.07724758982658386  l_d: 0.0  lagr: 0.07724758982658386
====================================================================================================

training epoch:35
 l_p: 0.07346300780773163  l_d: 0.0  lagr: 0.07346300780773163
====================================================================================================

training epoch:36
 l_p: 0.07209795713424683  l_d: 0.0  lagr: 0.07209795713424683
====================================================================================================

training epoch:37
 l_p: 0.07831181585788727  l_d: 0.0  lagr: 0.07831181585788727
====================================================================================================

training epoch:38
 l_p: 0.0748990848660469  l_d: 0.0  lagr: 0.0748990848660469
====================================================================================================

training epoch:39
 l_p: 0.07170427590608597  l_d: 0.0  lagr: 0.07170427590608597
====================================================================================================

training epoch:40
 l_p: 0.07023309916257858  l_d: 0.0  lagr: 0.07023309916257858
====================================================================================================

training epoch:41
 l_p: 0.07330272346735  l_d: 0.0  lagr: 0.07330272346735
====================================================================================================

training epoch:42
 l_p: 0.07523146271705627  l_d: 0.0  lagr: 0.07523146271705627
====================================================================================================

training epoch:43
 l_p: 0.07290136069059372  l_d: 0.0  lagr: 0.07290136069059372
====================================================================================================

training epoch:44
 l_p: 0.0703984722495079  l_d: 0.0  lagr: 0.0703984722495079
====================================================================================================

training epoch:45
 l_p: 0.07017606496810913  l_d: 0.0  lagr: 0.07017606496810913
====================================================================================================

training epoch:46
 l_p: 0.06998182833194733  l_d: 0.0  lagr: 0.06998182833194733
====================================================================================================

training epoch:47
 l_p: 0.06895110756158829  l_d: 0.0  lagr: 0.06895110756158829
====================================================================================================

training epoch:48
 l_p: 0.07077952474355698  l_d: 0.0  lagr: 0.07077952474355698
====================================================================================================

training epoch:49
 l_p: 0.06807475537061691  l_d: 0.0  lagr: 0.06807475537061691
====================================================================================================

training epoch:50
 l_p: 0.06797488033771515  l_d: 0.0  lagr: 0.06797488033771515
====================================================================================================

training epoch:51
 l_p: 0.06956172734498978  l_d: 0.0  lagr: 0.06956172734498978
====================================================================================================

training epoch:52
 l_p: 0.06875765323638916  l_d: 0.0  lagr: 0.06875765323638916
====================================================================================================

training epoch:53
 l_p: 0.06683935225009918  l_d: 0.0  lagr: 0.06683935225009918
====================================================================================================

training epoch:54
 l_p: 0.06704722344875336  l_d: 0.0  lagr: 0.06704722344875336
====================================================================================================

training epoch:55
 l_p: 0.0695585235953331  l_d: 0.0  lagr: 0.0695585235953331
====================================================================================================

training epoch:56
 l_p: 0.06548415124416351  l_d: 0.0  lagr: 0.06548415124416351
====================================================================================================

training epoch:57
 l_p: 0.06795039027929306  l_d: 0.0  lagr: 0.06795039027929306
====================================================================================================

training epoch:58
 l_p: 0.0670107901096344  l_d: 0.0  lagr: 0.0670107901096344
====================================================================================================

training epoch:59
 l_p: 0.06558628380298615  l_d: 0.0  lagr: 0.06558628380298615
====================================================================================================

training epoch:60
 l_p: 0.0679079219698906  l_d: 0.0  lagr: 0.0679079219698906
====================================================================================================

training epoch:61
 l_p: 0.0667184516787529  l_d: 0.0  lagr: 0.0667184516787529
====================================================================================================

training epoch:62
 l_p: 0.06687598675489426  l_d: 0.0  lagr: 0.06687598675489426
====================================================================================================

training epoch:63
 l_p: 0.06780494004487991  l_d: 0.0  lagr: 0.06780494004487991
====================================================================================================

training epoch:64
 l_p: 0.0658281147480011  l_d: 0.0  lagr: 0.0658281147480011
====================================================================================================

training epoch:65
 l_p: 0.06869049370288849  l_d: 0.0  lagr: 0.06869049370288849
====================================================================================================

training epoch:66
 l_p: 0.06543564051389694  l_d: 0.0  lagr: 0.06543564051389694
====================================================================================================

training epoch:67
 l_p: 0.06593367457389832  l_d: 0.0  lagr: 0.06593367457389832
====================================================================================================

training epoch:68
 l_p: 0.06597001850605011  l_d: 0.0  lagr: 0.06597001850605011
====================================================================================================

training epoch:69
 l_p: 0.06447795778512955  l_d: 0.0  lagr: 0.06447795778512955
====================================================================================================

training epoch:70
 l_p: 0.06568144261837006  l_d: 0.0  lagr: 0.06568144261837006
====================================================================================================

training epoch:71
 l_p: 0.06430289149284363  l_d: 0.0  lagr: 0.06430289149284363
====================================================================================================

training epoch:72
 l_p: 0.06508385390043259  l_d: 0.0  lagr: 0.06508385390043259
====================================================================================================

training epoch:73
 l_p: 0.06457842886447906  l_d: 0.0  lagr: 0.06457842886447906
====================================================================================================

training epoch:74
 l_p: 0.06457052379846573  l_d: 0.0  lagr: 0.06457052379846573
====================================================================================================

training epoch:75
 l_p: 0.06419550627470016  l_d: 0.0  lagr: 0.06419550627470016
====================================================================================================

training epoch:76
 l_p: 0.06442709267139435  l_d: 0.0  lagr: 0.06442709267139435
====================================================================================================

training epoch:77
 l_p: 0.06349748373031616  l_d: 0.0  lagr: 0.06349748373031616
====================================================================================================

training epoch:78
 l_p: 0.06397354602813721  l_d: 0.0  lagr: 0.06397354602813721
====================================================================================================

training epoch:79
 l_p: 0.06394568085670471  l_d: 0.0  lagr: 0.06394568085670471
====================================================================================================

training epoch:80
 l_p: 0.064573273062706  l_d: 0.0  lagr: 0.064573273062706
====================================================================================================

training epoch:81
 l_p: 0.06386302411556244  l_d: 0.0  lagr: 0.06386302411556244
====================================================================================================

training epoch:82
 l_p: 0.06512660533189774  l_d: 0.0  lagr: 0.06512660533189774
====================================================================================================

training epoch:83
 l_p: 0.0638422966003418  l_d: 0.0  lagr: 0.0638422966003418
====================================================================================================

training epoch:84
 l_p: 0.0645793229341507  l_d: 0.0  lagr: 0.0645793229341507
====================================================================================================

training epoch:85
 l_p: 0.06304118782281876  l_d: 0.0  lagr: 0.06304118782281876
====================================================================================================

training epoch:86
 l_p: 0.06342519819736481  l_d: 0.0  lagr: 0.06342519819736481
====================================================================================================

training epoch:87
 l_p: 0.0635579526424408  l_d: 0.0  lagr: 0.0635579526424408
====================================================================================================

training epoch:88
 l_p: 0.06504713743925095  l_d: 0.0  lagr: 0.06504713743925095
====================================================================================================

training epoch:89
 l_p: 0.06315871328115463  l_d: 0.0  lagr: 0.06315871328115463
====================================================================================================

training epoch:90
 l_p: 0.06343767046928406  l_d: 0.0  lagr: 0.06343767046928406
====================================================================================================

training epoch:91
 l_p: 0.06573385745286942  l_d: 0.0  lagr: 0.06573385745286942
====================================================================================================

training epoch:92
 l_p: 0.061767250299453735  l_d: 0.0  lagr: 0.061767250299453735
====================================================================================================

training epoch:93
 l_p: 0.06239722669124603  l_d: 0.0  lagr: 0.06239722669124603
====================================================================================================

training epoch:94
 l_p: 0.06257255375385284  l_d: 0.0  lagr: 0.06257255375385284
====================================================================================================

training epoch:95
 l_p: 0.06211492419242859  l_d: 0.0  lagr: 0.06211492419242859
====================================================================================================

training epoch:96
 l_p: 0.06323917210102081  l_d: 0.0  lagr: 0.06323917210102081
====================================================================================================

training epoch:97
 l_p: 0.06259887665510178  l_d: 0.0  lagr: 0.06259887665510178
====================================================================================================

training epoch:98
 l_p: 0.06235551834106445  l_d: 0.0  lagr: 0.06235551834106445
====================================================================================================

training epoch:99
 l_p: 0.062206946313381195  l_d: 0.0  lagr: 0.062206946313381195
====================================================================================================

training epoch:100
 l_p: 0.06377296894788742  l_d: 0.0  lagr: 0.06377296894788742
====================================================================================================

training epoch:101
 l_p: 0.06211469694972038  l_d: 0.0  lagr: 0.06211469694972038
====================================================================================================

training epoch:102
 l_p: 0.06156755983829498  l_d: 0.0  lagr: 0.06156755983829498
====================================================================================================

training epoch:103
 l_p: 0.0621035136282444  l_d: 0.0  lagr: 0.0621035136282444
====================================================================================================

training epoch:104
 l_p: 0.06223474442958832  l_d: 0.0  lagr: 0.06223474442958832
====================================================================================================

training epoch:105
 l_p: 0.06213286891579628  l_d: 0.0  lagr: 0.06213286891579628
====================================================================================================

training epoch:106
 l_p: 0.060874927788972855  l_d: 0.0  lagr: 0.060874927788972855
====================================================================================================

training epoch:107
 l_p: 0.06136484444141388  l_d: 0.0  lagr: 0.06136484444141388
====================================================================================================

training epoch:108
 l_p: 0.06305393576622009  l_d: 0.0  lagr: 0.06305393576622009
====================================================================================================

training epoch:109
 l_p: 0.06024567782878876  l_d: 0.0  lagr: 0.06024567782878876
====================================================================================================

training epoch:110
 l_p: 0.061058159917593  l_d: 0.0  lagr: 0.061058159917593
====================================================================================================

training epoch:111
 l_p: 0.061714619398117065  l_d: 0.0  lagr: 0.061714619398117065
====================================================================================================

training epoch:112
 l_p: 0.06060124933719635  l_d: 0.0  lagr: 0.06060124933719635
====================================================================================================

training epoch:113
 l_p: 0.061425358057022095  l_d: 0.0  lagr: 0.061425358057022095
====================================================================================================

training epoch:114
 l_p: 0.06196702644228935  l_d: 0.0  lagr: 0.06196702644228935
====================================================================================================

training epoch:115
 l_p: 0.06041201576590538  l_d: 0.0  lagr: 0.06041201576590538
====================================================================================================

training epoch:116
 l_p: 0.060141682624816895  l_d: 0.0  lagr: 0.060141682624816895
====================================================================================================

training epoch:117
 l_p: 0.06047980487346649  l_d: 0.0  lagr: 0.06047980487346649
====================================================================================================

training epoch:118
 l_p: 0.060455046594142914  l_d: 0.0  lagr: 0.060455046594142914
====================================================================================================

training epoch:119
 l_p: 0.06210467219352722  l_d: 0.0  lagr: 0.06210467219352722
====================================================================================================

training epoch:120
 l_p: 0.06008000671863556  l_d: 0.0  lagr: 0.06008000671863556
====================================================================================================

training epoch:121
 l_p: 0.06059350073337555  l_d: 0.0  lagr: 0.06059350073337555
====================================================================================================

training epoch:122
 l_p: 0.06143619492650032  l_d: 0.0  lagr: 0.06143619492650032
====================================================================================================

training epoch:123
 l_p: 0.060340285301208496  l_d: 0.0  lagr: 0.060340285301208496
====================================================================================================

training epoch:124
 l_p: 0.060937121510505676  l_d: 0.0  lagr: 0.060937121510505676
====================================================================================================

training epoch:125
 l_p: 0.0602172315120697  l_d: 0.0  lagr: 0.0602172315120697
====================================================================================================

training epoch:126
 l_p: 0.060686059296131134  l_d: 0.0  lagr: 0.060686059296131134
====================================================================================================

training epoch:127
 l_p: 0.06060730293393135  l_d: 0.0  lagr: 0.06060730293393135
====================================================================================================

training epoch:128
 l_p: 0.059634581208229065  l_d: 0.0  lagr: 0.059634581208229065
====================================================================================================

training epoch:129
 l_p: 0.059483908116817474  l_d: 0.0  lagr: 0.059483908116817474
====================================================================================================

training epoch:130
 l_p: 0.059325527399778366  l_d: 0.0  lagr: 0.059325527399778366
====================================================================================================

training epoch:131
 l_p: 0.06110342592000961  l_d: 0.0  lagr: 0.06110342592000961
====================================================================================================

training epoch:132
 l_p: 0.06095251441001892  l_d: 0.0  lagr: 0.06095251441001892
====================================================================================================

training epoch:133
 l_p: 0.05961349606513977  l_d: 0.0  lagr: 0.05961349606513977
====================================================================================================

training epoch:134
 l_p: 0.059316568076610565  l_d: 0.0  lagr: 0.059316568076610565
====================================================================================================

training epoch:135
 l_p: 0.059652503579854965  l_d: 0.0  lagr: 0.059652503579854965
====================================================================================================

training epoch:136
 l_p: 0.05956782400608063  l_d: 0.0  lagr: 0.05956782400608063
====================================================================================================

training epoch:137
 l_p: 0.059497907757759094  l_d: 0.0  lagr: 0.059497907757759094
====================================================================================================

training epoch:138
 l_p: 0.06028594449162483  l_d: 0.0  lagr: 0.06028594449162483
====================================================================================================

training epoch:139
 l_p: 0.05885539576411247  l_d: 0.0  lagr: 0.05885539576411247
====================================================================================================

training epoch:140
 l_p: 0.05913098156452179  l_d: 0.0  lagr: 0.05913098156452179
====================================================================================================

training epoch:141
 l_p: 0.05958717688918114  l_d: 0.0  lagr: 0.05958717688918114
====================================================================================================

training epoch:142
 l_p: 0.05995997413992882  l_d: 0.0  lagr: 0.05995997413992882
====================================================================================================

training epoch:143
 l_p: 0.05834111198782921  l_d: 0.0  lagr: 0.05834111198782921
====================================================================================================

training epoch:144
 l_p: 0.05933830887079239  l_d: 0.0  lagr: 0.05933830887079239
====================================================================================================

training epoch:145
 l_p: 0.05910273641347885  l_d: 0.0  lagr: 0.05910273641347885
====================================================================================================

training epoch:146
 l_p: 0.05894186347723007  l_d: 0.0  lagr: 0.05894186347723007
====================================================================================================

training epoch:147
 l_p: 0.05812694504857063  l_d: 0.0  lagr: 0.05812694504857063
====================================================================================================

training epoch:148
 l_p: 0.058329109102487564  l_d: 0.0  lagr: 0.058329109102487564
====================================================================================================

training epoch:149
 l_p: 0.05906324088573456  l_d: 0.0  lagr: 0.05906324088573456
====================================================================================================

training epoch:150
 l_p: 0.0588797852396965  l_d: 0.0  lagr: 0.0588797852396965
====================================================================================================

training epoch:151
 l_p: 0.057776402682065964  l_d: 0.0  lagr: 0.057776402682065964
====================================================================================================

training epoch:152
 l_p: 0.059641316533088684  l_d: 0.0  lagr: 0.059641316533088684
====================================================================================================

training epoch:153
 l_p: 0.058545634150505066  l_d: 0.0  lagr: 0.058545634150505066
====================================================================================================

training epoch:154
 l_p: 0.059460364282131195  l_d: 0.0  lagr: 0.059460364282131195
====================================================================================================

training epoch:155
 l_p: 0.05893790349364281  l_d: 0.0  lagr: 0.05893790349364281
====================================================================================================

training epoch:156
 l_p: 0.05877617001533508  l_d: 0.0  lagr: 0.05877617001533508
====================================================================================================

training epoch:157
 l_p: 0.058974504470825195  l_d: 0.0  lagr: 0.058974504470825195
====================================================================================================

training epoch:158
 l_p: 0.058185458183288574  l_d: 0.0  lagr: 0.058185458183288574
====================================================================================================

training epoch:159
 l_p: 0.05921954661607742  l_d: 0.0  lagr: 0.05921954661607742
====================================================================================================

training epoch:160
 l_p: 0.05843562260270119  l_d: 0.0  lagr: 0.05843562260270119
====================================================================================================

training epoch:161
 l_p: 0.05853261798620224  l_d: 0.0  lagr: 0.05853261798620224
====================================================================================================

training epoch:162
 l_p: 0.05740584060549736  l_d: 0.0  lagr: 0.05740584060549736
====================================================================================================

training epoch:163
 l_p: 0.05906762182712555  l_d: 0.0  lagr: 0.05906762182712555
====================================================================================================

training epoch:164
 l_p: 0.05858457088470459  l_d: 0.0  lagr: 0.05858457088470459
====================================================================================================

training epoch:165
 l_p: 0.058276377618312836  l_d: 0.0  lagr: 0.058276377618312836
====================================================================================================

training epoch:166
 l_p: 0.05840164050459862  l_d: 0.0  lagr: 0.05840164050459862
====================================================================================================

training epoch:167
 l_p: 0.058586206287145615  l_d: 0.0  lagr: 0.058586206287145615
====================================================================================================

training epoch:168
 l_p: 0.058450307697057724  l_d: 0.0  lagr: 0.058450307697057724
====================================================================================================

training epoch:169
 l_p: 0.05748671665787697  l_d: 0.0  lagr: 0.05748671665787697
====================================================================================================

training epoch:170
 l_p: 0.05865224823355675  l_d: 0.0  lagr: 0.05865224823355675
====================================================================================================

training epoch:171
 l_p: 0.05739550665020943  l_d: 0.0  lagr: 0.05739550665020943
====================================================================================================

training epoch:172
 l_p: 0.0579960010945797  l_d: 0.0  lagr: 0.0579960010945797
====================================================================================================

training epoch:173
 l_p: 0.057094283401966095  l_d: 0.0  lagr: 0.057094283401966095
====================================================================================================

training epoch:174
 l_p: 0.05709629878401756  l_d: 0.0  lagr: 0.05709629878401756
====================================================================================================

training epoch:175
 l_p: 0.057593394070863724  l_d: 0.0  lagr: 0.057593394070863724
====================================================================================================

training epoch:176
 l_p: 0.057462215423583984  l_d: 0.0  lagr: 0.057462215423583984
====================================================================================================

training epoch:177
 l_p: 0.05819283053278923  l_d: 0.0  lagr: 0.05819283053278923
====================================================================================================

training epoch:178
 l_p: 0.05702805146574974  l_d: 0.0  lagr: 0.05702805146574974
====================================================================================================

training epoch:179
 l_p: 0.05777912959456444  l_d: 0.0  lagr: 0.05777912959456444
====================================================================================================

training epoch:180
 l_p: 0.057589322328567505  l_d: 0.0  lagr: 0.057589322328567505
====================================================================================================

training epoch:181
 l_p: 0.057082708925008774  l_d: 0.0  lagr: 0.057082708925008774
====================================================================================================

training epoch:182
 l_p: 0.05729794129729271  l_d: 0.0  lagr: 0.05729794129729271
====================================================================================================

training epoch:183
 l_p: 0.05657809600234032  l_d: 0.0  lagr: 0.05657809600234032
====================================================================================================

training epoch:184
 l_p: 0.05792853236198425  l_d: 0.0  lagr: 0.05792853236198425
====================================================================================================

training epoch:185
 l_p: 0.057405609637498856  l_d: 0.0  lagr: 0.057405609637498856
====================================================================================================

training epoch:186
 l_p: 0.05717700347304344  l_d: 0.0  lagr: 0.05717700347304344
====================================================================================================

training epoch:187
 l_p: 0.056588925421237946  l_d: 0.0  lagr: 0.056588925421237946
====================================================================================================

training epoch:188
 l_p: 0.05705128610134125  l_d: 0.0  lagr: 0.05705128610134125
====================================================================================================

training epoch:189
 l_p: 0.05811450630426407  l_d: 0.0  lagr: 0.05811450630426407
====================================================================================================

training epoch:190
 l_p: 0.05780238285660744  l_d: 0.0  lagr: 0.05780238285660744
====================================================================================================

training epoch:191
 l_p: 0.05742008984088898  l_d: 0.0  lagr: 0.05742008984088898
====================================================================================================

training epoch:192
 l_p: 0.05767592787742615  l_d: 0.0  lagr: 0.05767592787742615
====================================================================================================

training epoch:193
 l_p: 0.05654832348227501  l_d: 0.0  lagr: 0.05654832348227501
====================================================================================================

training epoch:194
 l_p: 0.05763453617691994  l_d: 0.0  lagr: 0.05763453617691994
====================================================================================================

training epoch:195
 l_p: 0.05686909705400467  l_d: 0.0  lagr: 0.05686909705400467
====================================================================================================

training epoch:196
 l_p: 0.057147685438394547  l_d: 0.0  lagr: 0.057147685438394547
====================================================================================================

training epoch:197
 l_p: 0.056336674839258194  l_d: 0.0  lagr: 0.056336674839258194
====================================================================================================

training epoch:198
 l_p: 0.056537553668022156  l_d: 0.0  lagr: 0.056537553668022156
====================================================================================================

training epoch:199
 l_p: 0.056875843554735184  l_d: 0.0  lagr: 0.056875843554735184
中断概率数据已保存到: c:\Users\ghhg\Documents\CINT\Data_model_drive_direct--\train\models\HARQ-IR_NumK=5_pout_data_20250224_113031.csv
