
bounds:-1.0	db:[10, 12, 14, 16, 18, 20, 22, 24]	Pt_max:1.0
model init: 
lambdas:{'pout': tensor([1.], device='cuda:0'), 'power': tensor([1.], device='cuda:0')},
vars:{'pout': tensor([0.], device='cuda:0'), 'power': tensor([0.], device='cuda:0')}

====================================================================================================

training epoch:0
 l_p: -0.05370447039604187  l_d: 189.24290466308594  lagr: 189.18919372558594
====================================================================================================

training epoch:1
 l_p: -1.5535997152328491  l_d: -64.85340881347656  lagr: -66.4070053100586
====================================================================================================

training epoch:2
 l_p: 0.003186423797160387  l_d: 44.493629455566406  lagr: 44.4968147277832
====================================================================================================

training epoch:3
 l_p: 0.040807828307151794  l_d: -106.03016662597656  lagr: -105.9893569946289
====================================================================================================

training epoch:4
 l_p: 0.1662977784872055  l_d: -91.42572784423828  lagr: -91.25942993164062
====================================================================================================

training epoch:5
 l_p: 0.074772909283638  l_d: -19.04625129699707  lagr: -18.971477508544922
====================================================================================================

training epoch:6
 l_p: 0.09646919369697571  l_d: 267.30145263671875  lagr: 267.3979187011719
====================================================================================================

training epoch:7
 l_p: 0.10941921919584274  l_d: -87.0698013305664  lagr: -86.96038055419922
====================================================================================================

training epoch:8
 l_p: 0.006602661684155464  l_d: -58.312705993652344  lagr: -58.30610275268555
====================================================================================================

training epoch:9
 l_p: 0.06511781364679337  l_d: -108.94530487060547  lagr: -108.88018798828125
====================================================================================================

training epoch:10
 l_p: 0.0919812023639679  l_d: -76.29485321044922  lagr: -76.20287322998047
====================================================================================================

training epoch:11
 l_p: 0.07555046677589417  l_d: -77.43365478515625  lagr: -77.35810089111328
====================================================================================================

training epoch:12
 l_p: 0.09113824367523193  l_d: -90.28336334228516  lagr: -90.19222259521484
====================================================================================================

training epoch:13
 l_p: 0.07951444387435913  l_d: -76.4483642578125  lagr: -76.36885070800781
====================================================================================================

training epoch:14
 l_p: 0.07041705399751663  l_d: -85.4363021850586  lagr: -85.36588287353516
====================================================================================================

training epoch:15
 l_p: 0.08034282177686691  l_d: -30.612430572509766  lagr: -30.532087326049805
====================================================================================================

training epoch:16
 l_p: 0.07758431136608124  l_d: -77.20938873291016  lagr: -77.13180541992188
====================================================================================================

training epoch:17
 l_p: 0.09271196275949478  l_d: -63.067806243896484  lagr: -62.975093841552734
====================================================================================================

training epoch:18
 l_p: 0.08248525112867355  l_d: -49.82298278808594  lagr: -49.74049758911133
====================================================================================================

training epoch:19
 l_p: 0.06305694580078125  l_d: -51.657569885253906  lagr: -51.594512939453125
====================================================================================================

training epoch:20
 l_p: 0.07885938882827759  l_d: -51.796966552734375  lagr: -51.71810531616211
====================================================================================================

training epoch:21
 l_p: 0.07865035533905029  l_d: -73.87786865234375  lagr: -73.7992172241211
====================================================================================================

training epoch:22
 l_p: 0.08132945001125336  l_d: -47.76240158081055  lagr: -47.68107223510742
====================================================================================================

training epoch:23
 l_p: 0.09435714781284332  l_d: -58.91009521484375  lagr: -58.815738677978516
====================================================================================================

training epoch:24
 l_p: 0.09585810452699661  l_d: -43.52619934082031  lagr: -43.43033981323242
====================================================================================================

training epoch:25
 l_p: 0.0773024931550026  l_d: -37.051849365234375  lagr: -36.97454833984375
====================================================================================================

training epoch:26
 l_p: 0.08101910352706909  l_d: -46.93418502807617  lagr: -46.85316467285156
====================================================================================================

training epoch:27
 l_p: 0.0844099372625351  l_d: -49.41939163208008  lagr: -49.33498001098633
====================================================================================================

training epoch:28
 l_p: 0.08036817610263824  l_d: -40.54854202270508  lagr: -40.46817398071289
====================================================================================================

training epoch:29
 l_p: 0.08366578817367554  l_d: -50.759552001953125  lagr: -50.67588806152344
====================================================================================================

training epoch:30
 l_p: 0.0846860259771347  l_d: -34.57037353515625  lagr: -34.485687255859375
====================================================================================================

training epoch:31
 l_p: 0.08333360403776169  l_d: -39.37141799926758  lagr: -39.2880859375
====================================================================================================

training epoch:32
 l_p: 0.08212019503116608  l_d: -28.47508430480957  lagr: -28.392963409423828
====================================================================================================

training epoch:33
 l_p: 0.072860948741436  l_d: -17.579208374023438  lagr: -17.50634765625
====================================================================================================

training epoch:34
 l_p: 0.056404322385787964  l_d: -19.42155647277832  lagr: -19.36515235900879
====================================================================================================

training epoch:35
 l_p: 0.06862523406744003  l_d: -34.43660354614258  lagr: -34.367977142333984
====================================================================================================

training epoch:36
 l_p: 0.08094415813684464  l_d: -27.378164291381836  lagr: -27.29722023010254
====================================================================================================

training epoch:37
 l_p: 0.095486581325531  l_d: -16.454490661621094  lagr: -16.359004974365234
====================================================================================================

training epoch:38
 l_p: 0.07948827743530273  l_d: -8.793015480041504  lagr: -8.71352767944336
====================================================================================================

training epoch:39
 l_p: 0.07783003151416779  l_d: -16.345287322998047  lagr: -16.267457962036133
====================================================================================================

training epoch:40
 l_p: 0.07914175093173981  l_d: -18.803071975708008  lagr: -18.72393035888672
====================================================================================================

training epoch:41
 l_p: 0.07390817999839783  l_d: -12.551065444946289  lagr: -12.477157592773438
====================================================================================================

training epoch:42
 l_p: 0.0638481080532074  l_d: -7.352739334106445  lagr: -7.288891315460205
====================================================================================================

training epoch:43
 l_p: 0.07258626818656921  l_d: -6.275282382965088  lagr: -6.202696323394775
====================================================================================================

training epoch:44
 l_p: 0.08729293942451477  l_d: -7.076120376586914  lagr: -6.988827228546143
====================================================================================================

training epoch:45
 l_p: 0.100963294506073  l_d: -3.583566188812256  lagr: -3.482602834701538
====================================================================================================

training epoch:46
 l_p: 0.07387392222881317  l_d: -1.7947088479995728  lagr: -1.7208349704742432
====================================================================================================

training epoch:47
 l_p: 0.07217639684677124  l_d: 0.0  lagr: 0.07217639684677124
====================================================================================================

training epoch:48
 l_p: 0.07245839387178421  l_d: 0.0  lagr: 0.07245839387178421
====================================================================================================

training epoch:49
 l_p: 0.0752454623579979  l_d: 0.0  lagr: 0.0752454623579979
====================================================================================================

training epoch:50
 l_p: 0.06967382878065109  l_d: 0.0  lagr: 0.06967382878065109
====================================================================================================

training epoch:51
 l_p: 0.07047399878501892  l_d: 0.0  lagr: 0.07047399878501892
====================================================================================================

training epoch:52
 l_p: 0.06877383589744568  l_d: 0.0  lagr: 0.06877383589744568
====================================================================================================

training epoch:53
 l_p: 0.06698855012655258  l_d: 0.0  lagr: 0.06698855012655258
====================================================================================================

training epoch:54
 l_p: 0.07072329521179199  l_d: 0.0  lagr: 0.07072329521179199
====================================================================================================

training epoch:55
 l_p: 0.06513440608978271  l_d: 0.0  lagr: 0.06513440608978271
====================================================================================================

training epoch:56
 l_p: 0.0659419521689415  l_d: 0.0  lagr: 0.0659419521689415
====================================================================================================

training epoch:57
 l_p: 0.06781286746263504  l_d: 0.0  lagr: 0.06781286746263504
====================================================================================================

training epoch:58
 l_p: 0.06776030361652374  l_d: 0.0  lagr: 0.06776030361652374
====================================================================================================

training epoch:59
 l_p: 0.06588408350944519  l_d: 0.0  lagr: 0.06588408350944519
====================================================================================================

training epoch:60
 l_p: 0.06206299737095833  l_d: 0.0  lagr: 0.06206299737095833
====================================================================================================

training epoch:61
 l_p: 0.06495204567909241  l_d: 0.0  lagr: 0.06495204567909241
====================================================================================================

training epoch:62
 l_p: 0.06576036661863327  l_d: 0.0  lagr: 0.06576036661863327
====================================================================================================

training epoch:63
 l_p: 0.06374937295913696  l_d: 0.0  lagr: 0.06374937295913696
====================================================================================================

training epoch:64
 l_p: 0.06211419776082039  l_d: 0.0  lagr: 0.06211419776082039
====================================================================================================

training epoch:65
 l_p: 0.10457912087440491  l_d: 0.0  lagr: 0.10457912087440491
====================================================================================================

training epoch:66
 l_p: 0.060580987483263016  l_d: 0.0  lagr: 0.060580987483263016
====================================================================================================

training epoch:67
 l_p: 0.060201939195394516  l_d: 0.0  lagr: 0.060201939195394516
====================================================================================================

training epoch:68
 l_p: 0.06472059339284897  l_d: 0.0  lagr: 0.06472059339284897
====================================================================================================

training epoch:69
 l_p: 0.06251686066389084  l_d: 0.0  lagr: 0.06251686066389084
====================================================================================================

training epoch:70
 l_p: 0.0632135346531868  l_d: 0.0  lagr: 0.0632135346531868
====================================================================================================

training epoch:71
 l_p: 0.04340221360325813  l_d: 0.0  lagr: 0.04340221360325813
====================================================================================================

training epoch:72
 l_p: 0.06258596479892731  l_d: 0.0  lagr: 0.06258596479892731
====================================================================================================

training epoch:73
 l_p: 0.06210888549685478  l_d: 0.0  lagr: 0.06210888549685478
====================================================================================================

training epoch:74
 l_p: 0.058875177055597305  l_d: 0.0  lagr: 0.058875177055597305
====================================================================================================

training epoch:75
 l_p: 0.06180350109934807  l_d: 0.0  lagr: 0.06180350109934807
====================================================================================================

training epoch:76
 l_p: 0.0604022853076458  l_d: 0.0  lagr: 0.0604022853076458
====================================================================================================

training epoch:77
 l_p: 0.06118272617459297  l_d: 0.0  lagr: 0.06118272617459297
====================================================================================================

training epoch:78
 l_p: 0.06176448240876198  l_d: 0.0  lagr: 0.06176448240876198
====================================================================================================

training epoch:79
 l_p: 0.06196388974785805  l_d: 0.0  lagr: 0.06196388974785805
====================================================================================================

training epoch:80
 l_p: 0.06329560279846191  l_d: 0.0  lagr: 0.06329560279846191
====================================================================================================

training epoch:81
 l_p: 0.06286296993494034  l_d: 0.0  lagr: 0.06286296993494034
====================================================================================================

training epoch:82
 l_p: 0.04898391291499138  l_d: 0.0  lagr: 0.04898391291499138
====================================================================================================

training epoch:83
 l_p: 0.06505326926708221  l_d: 0.0  lagr: 0.06505326926708221
====================================================================================================

training epoch:84
 l_p: 0.062455397099256516  l_d: 0.0  lagr: 0.062455397099256516
====================================================================================================

training epoch:85
 l_p: 0.060321398079395294  l_d: 0.0  lagr: 0.060321398079395294
====================================================================================================

training epoch:86
 l_p: 0.061890315264463425  l_d: 0.0  lagr: 0.061890315264463425
====================================================================================================

training epoch:87
 l_p: 0.06024844944477081  l_d: 0.0  lagr: 0.06024844944477081
====================================================================================================

training epoch:88
 l_p: 0.05747178941965103  l_d: 0.0  lagr: 0.05747178941965103
====================================================================================================

training epoch:89
 l_p: 0.060270633548498154  l_d: 0.0  lagr: 0.060270633548498154
====================================================================================================

training epoch:90
 l_p: 0.06005352735519409  l_d: 0.0  lagr: 0.06005352735519409
====================================================================================================

training epoch:91
 l_p: 0.059349168092012405  l_d: 0.0  lagr: 0.059349168092012405
====================================================================================================

training epoch:92
 l_p: 0.05883593484759331  l_d: 0.0  lagr: 0.05883593484759331
====================================================================================================

training epoch:93
 l_p: 0.06090114638209343  l_d: 0.0  lagr: 0.06090114638209343
====================================================================================================

training epoch:94
 l_p: 0.05925827845931053  l_d: 0.0  lagr: 0.05925827845931053
====================================================================================================

training epoch:95
 l_p: 0.0529763288795948  l_d: 0.0  lagr: 0.0529763288795948
====================================================================================================

training epoch:96
 l_p: 0.055991172790527344  l_d: 0.0  lagr: 0.055991172790527344
====================================================================================================

training epoch:97
 l_p: 0.058985691517591476  l_d: 0.0  lagr: 0.058985691517591476
====================================================================================================

training epoch:98
 l_p: 0.0587962344288826  l_d: 0.0  lagr: 0.0587962344288826
====================================================================================================

training epoch:99
 l_p: 0.05931301787495613  l_d: 0.0  lagr: 0.05931301787495613
====================================================================================================

training epoch:100
 l_p: 0.055816758424043655  l_d: 0.0  lagr: 0.055816758424043655
====================================================================================================

training epoch:101
 l_p: 0.05904724821448326  l_d: 0.0  lagr: 0.05904724821448326
====================================================================================================

training epoch:102
 l_p: 0.05820499360561371  l_d: 0.0  lagr: 0.05820499360561371
====================================================================================================

training epoch:103
 l_p: 0.05850675329566002  l_d: 0.0  lagr: 0.05850675329566002
====================================================================================================

training epoch:104
 l_p: 0.058679454028606415  l_d: 0.0  lagr: 0.058679454028606415
====================================================================================================

training epoch:105
 l_p: 0.05846526846289635  l_d: 0.0  lagr: 0.05846526846289635
====================================================================================================

training epoch:106
 l_p: 0.05740176886320114  l_d: 0.0  lagr: 0.05740176886320114
====================================================================================================

training epoch:107
 l_p: 0.05785081908106804  l_d: 0.0  lagr: 0.05785081908106804
====================================================================================================

training epoch:108
 l_p: 0.07070856541395187  l_d: 0.0  lagr: 0.07070856541395187
====================================================================================================

training epoch:109
 l_p: 0.05698247626423836  l_d: 0.0  lagr: 0.05698247626423836
====================================================================================================

training epoch:110
 l_p: 0.0578811876475811  l_d: 0.0  lagr: 0.0578811876475811
====================================================================================================

training epoch:111
 l_p: 0.05835799127817154  l_d: 0.0  lagr: 0.05835799127817154
====================================================================================================

training epoch:112
 l_p: 0.05753902345895767  l_d: 0.0  lagr: 0.05753902345895767
====================================================================================================

training epoch:113
 l_p: 0.05806959047913551  l_d: 0.0  lagr: 0.05806959047913551
====================================================================================================

training epoch:114
 l_p: 0.05298905074596405  l_d: 0.0  lagr: 0.05298905074596405
====================================================================================================

training epoch:115
 l_p: 0.05712322145700455  l_d: 0.0  lagr: 0.05712322145700455
====================================================================================================

training epoch:116
 l_p: 0.05702268332242966  l_d: 0.0  lagr: 0.05702268332242966
====================================================================================================

training epoch:117
 l_p: 0.057226505130529404  l_d: 0.0  lagr: 0.057226505130529404
====================================================================================================

training epoch:118
 l_p: 0.05729608237743378  l_d: 0.0  lagr: 0.05729608237743378
====================================================================================================

training epoch:119
 l_p: 0.06280063837766647  l_d: 0.0  lagr: 0.06280063837766647
====================================================================================================

training epoch:120
 l_p: 0.05723606050014496  l_d: 0.0  lagr: 0.05723606050014496
====================================================================================================

training epoch:121
 l_p: 0.0587020181119442  l_d: 0.0  lagr: 0.0587020181119442
====================================================================================================

training epoch:122
 l_p: 0.057732075452804565  l_d: 0.0  lagr: 0.057732075452804565
====================================================================================================

training epoch:123
 l_p: 0.05762176960706711  l_d: 0.0  lagr: 0.05762176960706711
====================================================================================================

training epoch:124
 l_p: 0.05288953334093094  l_d: 0.0  lagr: 0.05288953334093094
====================================================================================================

training epoch:125
 l_p: 0.05686997249722481  l_d: 0.0  lagr: 0.05686997249722481
====================================================================================================

training epoch:126
 l_p: 0.05731351673603058  l_d: 0.0  lagr: 0.05731351673603058
====================================================================================================

training epoch:127
 l_p: 0.05678766220808029  l_d: 0.0  lagr: 0.05678766220808029
====================================================================================================

training epoch:128
 l_p: 0.05649064481258392  l_d: 0.0  lagr: 0.05649064481258392
====================================================================================================

training epoch:129
 l_p: 0.055971335619688034  l_d: 0.0  lagr: 0.055971335619688034
====================================================================================================

training epoch:130
 l_p: 0.055980537086725235  l_d: 0.0  lagr: 0.055980537086725235
====================================================================================================

training epoch:131
 l_p: 0.05756744369864464  l_d: 0.0  lagr: 0.05756744369864464
====================================================================================================

training epoch:132
 l_p: 0.0568474642932415  l_d: 0.0  lagr: 0.0568474642932415
====================================================================================================

training epoch:133
 l_p: 0.056078098714351654  l_d: 0.0  lagr: 0.056078098714351654
====================================================================================================

training epoch:134
 l_p: 0.05618215352296829  l_d: 0.0  lagr: 0.05618215352296829
====================================================================================================

training epoch:135
 l_p: 0.05760585516691208  l_d: 0.0  lagr: 0.05760585516691208
====================================================================================================

training epoch:136
 l_p: 0.05624710023403168  l_d: 0.0  lagr: 0.05624710023403168
====================================================================================================

training epoch:137
 l_p: 0.05617496743798256  l_d: 0.0  lagr: 0.05617496743798256
====================================================================================================

training epoch:138
 l_p: 0.05645577609539032  l_d: 0.0  lagr: 0.05645577609539032
====================================================================================================

training epoch:139
 l_p: 0.055783145129680634  l_d: 0.0  lagr: 0.055783145129680634
====================================================================================================

training epoch:140
 l_p: 0.05612470582127571  l_d: 0.0  lagr: 0.05612470582127571
====================================================================================================

training epoch:141
 l_p: 0.0561443567276001  l_d: 0.0  lagr: 0.0561443567276001
====================================================================================================

training epoch:142
 l_p: 0.056310929358005524  l_d: 0.0  lagr: 0.056310929358005524
====================================================================================================

training epoch:143
 l_p: 0.05546964704990387  l_d: 0.0  lagr: 0.05546964704990387
====================================================================================================

training epoch:144
 l_p: 0.05620231479406357  l_d: 0.0  lagr: 0.05620231479406357
====================================================================================================

training epoch:145
 l_p: 0.05602499470114708  l_d: 0.0  lagr: 0.05602499470114708
====================================================================================================

training epoch:146
 l_p: 0.05586159601807594  l_d: 0.0  lagr: 0.05586159601807594
====================================================================================================

training epoch:147
 l_p: 0.05534827709197998  l_d: 0.0  lagr: 0.05534827709197998
====================================================================================================

training epoch:148
 l_p: 0.05552249401807785  l_d: 0.0  lagr: 0.05552249401807785
====================================================================================================

training epoch:149
 l_p: 0.0560326911509037  l_d: 0.0  lagr: 0.0560326911509037
====================================================================================================

training epoch:150
 l_p: 0.055879343301057816  l_d: 0.0  lagr: 0.055879343301057816
====================================================================================================

training epoch:151
 l_p: 0.055263299494981766  l_d: 0.0  lagr: 0.055263299494981766
====================================================================================================

training epoch:152
 l_p: 0.05638737976551056  l_d: 0.0  lagr: 0.05638737976551056
====================================================================================================

training epoch:153
 l_p: 0.055468492209911346  l_d: 0.0  lagr: 0.055468492209911346
====================================================================================================

training epoch:154
 l_p: 0.056011054664850235  l_d: 0.0  lagr: 0.056011054664850235
====================================================================================================

training epoch:155
 l_p: 0.05559692159295082  l_d: 0.0  lagr: 0.05559692159295082
====================================================================================================

training epoch:156
 l_p: 0.055439870804548264  l_d: 0.0  lagr: 0.055439870804548264
====================================================================================================

training epoch:157
 l_p: 0.055552367120981216  l_d: 0.0  lagr: 0.055552367120981216
====================================================================================================

training epoch:158
 l_p: 0.05530432611703873  l_d: 0.0  lagr: 0.05530432611703873
====================================================================================================

training epoch:159
 l_p: 0.06168386712670326  l_d: 0.0  lagr: 0.06168386712670326
====================================================================================================

training epoch:160
 l_p: 0.05540488660335541  l_d: 0.0  lagr: 0.05540488660335541
====================================================================================================

training epoch:161
 l_p: 0.05534587800502777  l_d: 0.0  lagr: 0.05534587800502777
====================================================================================================

training epoch:162
 l_p: 0.054703596979379654  l_d: 0.0  lagr: 0.054703596979379654
====================================================================================================

training epoch:163
 l_p: 0.057309847325086594  l_d: 0.0  lagr: 0.057309847325086594
====================================================================================================

training epoch:164
 l_p: 0.05683545395731926  l_d: 0.0  lagr: 0.05683545395731926
====================================================================================================

training epoch:165
 l_p: 0.05519355833530426  l_d: 0.0  lagr: 0.05519355833530426
====================================================================================================

training epoch:166
 l_p: 0.055444974452257156  l_d: 0.0  lagr: 0.055444974452257156
====================================================================================================

training epoch:167
 l_p: 0.056112002581357956  l_d: 0.0  lagr: 0.056112002581357956
====================================================================================================

training epoch:168
 l_p: 0.056169383227825165  l_d: 0.0  lagr: 0.056169383227825165
====================================================================================================

training epoch:169
 l_p: 0.05529933422803879  l_d: 0.0  lagr: 0.05529933422803879
====================================================================================================

training epoch:170
 l_p: 0.05551295727491379  l_d: 0.0  lagr: 0.05551295727491379
====================================================================================================

training epoch:171
 l_p: 0.05493314564228058  l_d: 0.0  lagr: 0.05493314564228058
====================================================================================================

training epoch:172
 l_p: 0.055114343762397766  l_d: 0.0  lagr: 0.055114343762397766
====================================================================================================

training epoch:173
 l_p: 0.05488421395421028  l_d: 0.0  lagr: 0.05488421395421028
====================================================================================================

training epoch:174
 l_p: 0.054652269929647446  l_d: 0.0  lagr: 0.054652269929647446
====================================================================================================

training epoch:175
 l_p: 0.05492435395717621  l_d: 0.0  lagr: 0.05492435395717621
====================================================================================================

training epoch:176
 l_p: 0.05491532385349274  l_d: 0.0  lagr: 0.05491532385349274
====================================================================================================

training epoch:177
 l_p: 0.055572111159563065  l_d: 0.0  lagr: 0.055572111159563065
====================================================================================================

training epoch:178
 l_p: 0.054724935442209244  l_d: 0.0  lagr: 0.054724935442209244
====================================================================================================

training epoch:179
 l_p: 0.05508282408118248  l_d: 0.0  lagr: 0.05508282408118248
====================================================================================================

training epoch:180
 l_p: 0.055024273693561554  l_d: 0.0  lagr: 0.055024273693561554
====================================================================================================

training epoch:181
 l_p: 0.054738081991672516  l_d: 0.0  lagr: 0.054738081991672516
====================================================================================================

training epoch:182
 l_p: 0.05474479869008064  l_d: 0.0  lagr: 0.05474479869008064
====================================================================================================

training epoch:183
 l_p: 0.05457906424999237  l_d: 0.0  lagr: 0.05457906424999237
====================================================================================================

training epoch:184
 l_p: 0.05671260133385658  l_d: 0.0  lagr: 0.05671260133385658
====================================================================================================

training epoch:185
 l_p: 0.05529941990971565  l_d: 0.0  lagr: 0.05529941990971565
====================================================================================================

training epoch:186
 l_p: 0.05476619303226471  l_d: 0.0  lagr: 0.05476619303226471
====================================================================================================

training epoch:187
 l_p: 0.05429687723517418  l_d: 0.0  lagr: 0.05429687723517418
====================================================================================================

training epoch:188
 l_p: 0.054657407104969025  l_d: 0.0  lagr: 0.054657407104969025
====================================================================================================

training epoch:189
 l_p: 0.05501476302742958  l_d: 0.0  lagr: 0.05501476302742958
====================================================================================================

training epoch:190
 l_p: 0.06773187220096588  l_d: 0.0  lagr: 0.06773187220096588
====================================================================================================

training epoch:191
 l_p: 0.05466347187757492  l_d: 0.0  lagr: 0.05466347187757492
====================================================================================================

training epoch:192
 l_p: 0.05598141625523567  l_d: 0.0  lagr: 0.05598141625523567
====================================================================================================

training epoch:193
 l_p: 0.054234713315963745  l_d: 0.0  lagr: 0.054234713315963745
====================================================================================================

training epoch:194
 l_p: 0.05474955588579178  l_d: 0.0  lagr: 0.05474955588579178
====================================================================================================

training epoch:195
 l_p: 0.0545482337474823  l_d: 0.0  lagr: 0.0545482337474823
====================================================================================================

training epoch:196
 l_p: 0.0545133501291275  l_d: 0.0  lagr: 0.0545133501291275
====================================================================================================

training epoch:197
 l_p: 0.05435526371002197  l_d: 0.0  lagr: 0.05435526371002197
====================================================================================================

training epoch:198
 l_p: 0.05422217771410942  l_d: 0.0  lagr: 0.05422217771410942
====================================================================================================

training epoch:199
 l_p: 0.05592028796672821  l_d: 0.0  lagr: 0.05592028796672821
中断概率数据已保存到: g:\CINT\Data_model_drive_direct\HARQ_MSC\train\models\HARQ_NumK=5_pout_data_20250224_012155.csv
