
bounds:-1.0	db:[10, 12, 14, 16, 18, 20, 22, 24]	Pt_max:1.0
model init: 
lambdas:{'pout': tensor([1.]), 'power': tensor([1.])},
vars:{'pout': tensor([0.]), 'power': tensor([0.])}

====================================================================================================

training epoch:0
 l_p: -0.05370457097887993  l_d: 189.24295043945312  lagr: 189.18923950195312
====================================================================================================

training epoch:1
 l_p: -1.5535905361175537  l_d: -64.85340881347656  lagr: -66.40699768066406
====================================================================================================

training epoch:2
 l_p: 0.0031863925978541374  l_d: 44.49376678466797  lagr: 44.496952056884766
====================================================================================================

training epoch:3
 l_p: 0.04080763831734657  l_d: -106.0301742553711  lagr: -105.98936462402344
====================================================================================================

training epoch:4
 l_p: 0.1662977635860443  l_d: -91.42574310302734  lagr: -91.25944519042969
====================================================================================================

training epoch:5
 l_p: 0.074772909283638  l_d: -19.046268463134766  lagr: -18.971494674682617
====================================================================================================

training epoch:6
 l_p: 0.09646919369697571  l_d: 267.30145263671875  lagr: 267.3979187011719
====================================================================================================

training epoch:7
 l_p: 0.10941911488771439  l_d: -87.06980895996094  lagr: -86.96038818359375
====================================================================================================

training epoch:8
 l_p: 0.006602104753255844  l_d: -58.31270217895508  lagr: -58.30609893798828
====================================================================================================

training epoch:9
 l_p: 0.06511781364679337  l_d: -108.94529724121094  lagr: -108.88018035888672
====================================================================================================

training epoch:10
 l_p: 0.09198120981454849  l_d: -76.29485321044922  lagr: -76.20287322998047
====================================================================================================

training epoch:11
 l_p: 0.07555045932531357  l_d: -77.43367004394531  lagr: -77.35811614990234
====================================================================================================

training epoch:12
 l_p: 0.09113819897174835  l_d: -90.28335571289062  lagr: -90.19221496582031
====================================================================================================

training epoch:13
 l_p: 0.07951443642377853  l_d: -76.4483642578125  lagr: -76.36885070800781
====================================================================================================

training epoch:14
 l_p: 0.07041705399751663  l_d: -85.4363021850586  lagr: -85.36588287353516
====================================================================================================

training epoch:15
 l_p: 0.08034280687570572  l_d: -30.61243438720703  lagr: -30.53209114074707
====================================================================================================

training epoch:16
 l_p: 0.07758427411317825  l_d: -77.20939636230469  lagr: -77.1318130493164
====================================================================================================

training epoch:17
 l_p: 0.09271196275949478  l_d: -63.067806243896484  lagr: -62.975093841552734
====================================================================================================

training epoch:18
 l_p: 0.08248523622751236  l_d: -49.8229866027832  lagr: -49.740501403808594
====================================================================================================

training epoch:19
 l_p: 0.06305690854787827  l_d: -51.65756607055664  lagr: -51.59450912475586
====================================================================================================

training epoch:20
 l_p: 0.07885941863059998  l_d: -51.79696273803711  lagr: -51.718101501464844
