
bounds:-1.0	db:[10, 12, 14, 16, 18, 20, 22, 24]	Pt_max:1.0
model init: 
lambdas:{'pout': tensor([1.]), 'power': tensor([1.])},
vars:{'pout': tensor([0.]), 'power': tensor([0.])}

====================================================================================================

training epoch:0
 l_p: -0.05370457097887993  l_d: 189.24295043945312  lagr: 189.18923950195312
====================================================================================================

training epoch:1
 l_p: -1.5535905361175537  l_d: -64.85340881347656  lagr: -66.40699768066406
====================================================================================================

training epoch:2
 l_p: 0.0031863925978541374  l_d: 44.49376678466797  lagr: 44.496952056884766
====================================================================================================

training epoch:3
 l_p: 0.04080763831734657  l_d: -106.0301742553711  lagr: -105.98936462402344
====================================================================================================

training epoch:4
 l_p: 0.1662977635860443  l_d: -91.42574310302734  lagr: -91.25944519042969
====================================================================================================

training epoch:5
 l_p: 0.074772909283638  l_d: -19.046268463134766  lagr: -18.971494674682617
====================================================================================================

training epoch:6
 l_p: 0.09646919369697571  l_d: 267.30145263671875  lagr: 267.3979187011719
====================================================================================================

training epoch:7
 l_p: 0.10941911488771439  l_d: -87.06980895996094  lagr: -86.96038818359375
====================================================================================================

training epoch:8
 l_p: 0.006602104753255844  l_d: -58.31270217895508  lagr: -58.30609893798828
====================================================================================================

training epoch:9
 l_p: 0.06511781364679337  l_d: -108.94529724121094  lagr: -108.88018035888672
====================================================================================================

training epoch:10
 l_p: 0.09198120981454849  l_d: -76.29485321044922  lagr: -76.20287322998047
====================================================================================================

training epoch:11
 l_p: 0.07555045932531357  l_d: -77.43367004394531  lagr: -77.35811614990234
====================================================================================================

training epoch:12
 l_p: 0.09113819897174835  l_d: -90.28335571289062  lagr: -90.19221496582031
====================================================================================================

training epoch:13
 l_p: 0.07951443642377853  l_d: -76.4483642578125  lagr: -76.36885070800781
====================================================================================================

training epoch:14
 l_p: 0.07041705399751663  l_d: -85.4363021850586  lagr: -85.36588287353516
====================================================================================================

training epoch:15
 l_p: 0.08034280687570572  l_d: -30.61243438720703  lagr: -30.53209114074707
====================================================================================================

training epoch:16
 l_p: 0.07758427411317825  l_d: -77.20939636230469  lagr: -77.1318130493164
====================================================================================================

training epoch:17
 l_p: 0.09271196275949478  l_d: -63.067806243896484  lagr: -62.975093841552734
====================================================================================================

training epoch:18
 l_p: 0.08248523622751236  l_d: -49.8229866027832  lagr: -49.740501403808594
====================================================================================================

training epoch:19
 l_p: 0.06305690854787827  l_d: -51.65756607055664  lagr: -51.59450912475586
====================================================================================================

training epoch:20
 l_p: 0.07885941863059998  l_d: -51.79696273803711  lagr: -51.718101501464844
====================================================================================================

training epoch:21
 l_p: 0.07865038514137268  l_d: -73.87789154052734  lagr: -73.79924011230469
====================================================================================================

training epoch:22
 l_p: 0.08132947981357574  l_d: -47.76240158081055  lagr: -47.68107223510742
====================================================================================================

training epoch:23
 l_p: 0.09435712546110153  l_d: -58.91010284423828  lagr: -58.81574630737305
====================================================================================================

training epoch:24
 l_p: 0.09585802257061005  l_d: -43.52619552612305  lagr: -43.430335998535156
====================================================================================================

training epoch:25
 l_p: 0.0773024782538414  l_d: -37.051849365234375  lagr: -36.97454833984375
====================================================================================================

training epoch:26
 l_p: 0.0810190960764885  l_d: -46.93418502807617  lagr: -46.85316467285156
====================================================================================================

training epoch:27
 l_p: 0.0844099149107933  l_d: -49.419395446777344  lagr: -49.334983825683594
====================================================================================================

training epoch:28
 l_p: 0.08036816865205765  l_d: -40.54854202270508  lagr: -40.46817398071289
====================================================================================================

training epoch:29
 l_p: 0.08366578817367554  l_d: -50.759552001953125  lagr: -50.67588806152344
====================================================================================================

training epoch:30
 l_p: 0.08468599617481232  l_d: -34.57037353515625  lagr: -34.485687255859375
====================================================================================================

training epoch:31
 l_p: 0.08333361893892288  l_d: -39.371421813964844  lagr: -39.288089752197266
====================================================================================================

training epoch:32
 l_p: 0.08212023973464966  l_d: -28.47508430480957  lagr: -28.392963409423828
====================================================================================================

training epoch:33
 l_p: 0.0728609636425972  l_d: -17.579208374023438  lagr: -17.50634765625
====================================================================================================

training epoch:34
 l_p: 0.05640439689159393  l_d: -19.421554565429688  lagr: -19.365150451660156
====================================================================================================

training epoch:35
 l_p: 0.068625308573246  l_d: -34.436607360839844  lagr: -34.36798095703125
====================================================================================================

training epoch:36
 l_p: 0.0809442326426506  l_d: -27.378164291381836  lagr: -27.29722023010254
====================================================================================================

training epoch:37
 l_p: 0.0954875648021698  l_d: -16.454483032226562  lagr: -16.35899543762207
====================================================================================================

training epoch:38
 l_p: 0.07948831468820572  l_d: -8.793020248413086  lagr: -8.713531494140625
====================================================================================================

training epoch:39
 l_p: 0.07783004641532898  l_d: -16.345287322998047  lagr: -16.267457962036133
====================================================================================================

training epoch:40
 l_p: 0.0791417583823204  l_d: -18.803071975708008  lagr: -18.72393035888672
====================================================================================================

training epoch:41
 l_p: 0.07390820235013962  l_d: -12.551063537597656  lagr: -12.477155685424805
====================================================================================================

training epoch:42
 l_p: 0.063848115503788  l_d: -7.352736473083496  lagr: -7.288888454437256
====================================================================================================

training epoch:43
 l_p: 0.07258627563714981  l_d: -6.275280475616455  lagr: -6.202694416046143
====================================================================================================

training epoch:44
 l_p: 0.08729296922683716  l_d: -7.076121807098389  lagr: -6.988828659057617
====================================================================================================

training epoch:45
 l_p: 0.10096395760774612  l_d: -3.583566427230835  lagr: -3.48260235786438
====================================================================================================

training epoch:46
 l_p: 0.07387391477823257  l_d: -1.7947098016738892  lagr: -1.7208359241485596
====================================================================================================

training epoch:47
 l_p: 0.07217640429735184  l_d: 0.0  lagr: 0.07217640429735184
====================================================================================================

training epoch:48
 l_p: 0.07245840132236481  l_d: 0.0  lagr: 0.07245840132236481
====================================================================================================

training epoch:49
 l_p: 0.07524549961090088  l_d: 0.0  lagr: 0.07524549961090088
====================================================================================================

training epoch:50
 l_p: 0.0696738138794899  l_d: 0.0  lagr: 0.0696738138794899
====================================================================================================

training epoch:51
 l_p: 0.07047400623559952  l_d: 0.0  lagr: 0.07047400623559952
====================================================================================================

training epoch:52
 l_p: 0.06877385079860687  l_d: 0.0  lagr: 0.06877385079860687
====================================================================================================

training epoch:53
 l_p: 0.06698857247829437  l_d: 0.0  lagr: 0.06698857247829437
====================================================================================================

training epoch:54
 l_p: 0.07072335481643677  l_d: 0.0  lagr: 0.07072335481643677
====================================================================================================

training epoch:55
 l_p: 0.0651344284415245  l_d: 0.0  lagr: 0.0651344284415245
====================================================================================================

training epoch:56
 l_p: 0.06594197452068329  l_d: 0.0  lagr: 0.06594197452068329
====================================================================================================

training epoch:57
 l_p: 0.06781288981437683  l_d: 0.0  lagr: 0.06781288981437683
====================================================================================================

training epoch:58
 l_p: 0.06776033341884613  l_d: 0.0  lagr: 0.06776033341884613
====================================================================================================

training epoch:59
 l_p: 0.06588410586118698  l_d: 0.0  lagr: 0.06588410586118698
====================================================================================================

training epoch:60
 l_p: 0.062063030898571014  l_d: 0.0  lagr: 0.062063030898571014
====================================================================================================

training epoch:61
 l_p: 0.0649520680308342  l_d: 0.0  lagr: 0.0649520680308342
====================================================================================================

training epoch:62
 l_p: 0.06576043367385864  l_d: 0.0  lagr: 0.06576043367385864
====================================================================================================

training epoch:63
 l_p: 0.06374941021203995  l_d: 0.0  lagr: 0.06374941021203995
====================================================================================================

training epoch:64
 l_p: 0.06211422011256218  l_d: 0.0  lagr: 0.06211422011256218
====================================================================================================

training epoch:65
 l_p: 0.10458288341760635  l_d: 0.0  lagr: 0.10458288341760635
====================================================================================================

training epoch:66
 l_p: 0.0605810172855854  l_d: 0.0  lagr: 0.0605810172855854
====================================================================================================

training epoch:67
 l_p: 0.060201991349458694  l_d: 0.0  lagr: 0.060201991349458694
====================================================================================================

training epoch:68
 l_p: 0.06472062319517136  l_d: 0.0  lagr: 0.06472062319517136
====================================================================================================

training epoch:69
 l_p: 0.06251689046621323  l_d: 0.0  lagr: 0.06251689046621323
====================================================================================================

training epoch:70
 l_p: 0.06321357935667038  l_d: 0.0  lagr: 0.06321357935667038
====================================================================================================

training epoch:71
 l_p: 0.04340357333421707  l_d: 0.0  lagr: 0.04340357333421707
====================================================================================================

training epoch:72
 l_p: 0.06258600950241089  l_d: 0.0  lagr: 0.06258600950241089
====================================================================================================

training epoch:73
 l_p: 0.06210894137620926  l_d: 0.0  lagr: 0.06210894137620926
====================================================================================================

training epoch:74
 l_p: 0.05887524038553238  l_d: 0.0  lagr: 0.05887524038553238
====================================================================================================

training epoch:75
 l_p: 0.06180354580283165  l_d: 0.0  lagr: 0.06180354580283165
====================================================================================================

training epoch:76
 l_p: 0.060402389615774155  l_d: 0.0  lagr: 0.060402389615774155
====================================================================================================

training epoch:77
 l_p: 0.061182767152786255  l_d: 0.0  lagr: 0.061182767152786255
====================================================================================================

training epoch:78
 l_p: 0.06176452338695526  l_d: 0.0  lagr: 0.06176452338695526
====================================================================================================

training epoch:79
 l_p: 0.06196393445134163  l_d: 0.0  lagr: 0.06196393445134163
====================================================================================================

training epoch:80
 l_p: 0.06329572200775146  l_d: 0.0  lagr: 0.06329572200775146
====================================================================================================

training epoch:81
 l_p: 0.06286314129829407  l_d: 0.0  lagr: 0.06286314129829407
====================================================================================================

training epoch:82
 l_p: 0.04898602515459061  l_d: 0.0  lagr: 0.04898602515459061
====================================================================================================

training epoch:83
 l_p: 0.06505388021469116  l_d: 0.0  lagr: 0.06505388021469116
====================================================================================================

training epoch:84
 l_p: 0.062455568462610245  l_d: 0.0  lagr: 0.062455568462610245
====================================================================================================

training epoch:85
 l_p: 0.060321517288684845  l_d: 0.0  lagr: 0.060321517288684845
====================================================================================================

training epoch:86
 l_p: 0.061890341341495514  l_d: 0.0  lagr: 0.061890341341495514
====================================================================================================

training epoch:87
 l_p: 0.06024841219186783  l_d: 0.0  lagr: 0.06024841219186783
====================================================================================================

training epoch:88
 l_p: 0.05747175216674805  l_d: 0.0  lagr: 0.05747175216674805
====================================================================================================

training epoch:89
 l_p: 0.06027059629559517  l_d: 0.0  lagr: 0.06027059629559517
====================================================================================================

training epoch:90
 l_p: 0.060053501278162  l_d: 0.0  lagr: 0.060053501278162
====================================================================================================

training epoch:91
 l_p: 0.05934908986091614  l_d: 0.0  lagr: 0.05934908986091614
====================================================================================================

training epoch:92
 l_p: 0.05883590877056122  l_d: 0.0  lagr: 0.05883590877056122
====================================================================================================

training epoch:93
 l_p: 0.06090112030506134  l_d: 0.0  lagr: 0.06090112030506134
====================================================================================================

training epoch:94
 l_p: 0.05925825238227844  l_d: 0.0  lagr: 0.05925825238227844
====================================================================================================

training epoch:95
 l_p: 0.05297621339559555  l_d: 0.0  lagr: 0.05297621339559555
====================================================================================================

training epoch:96
 l_p: 0.055991120636463165  l_d: 0.0  lagr: 0.055991120636463165
====================================================================================================

training epoch:97
 l_p: 0.05898566544055939  l_d: 0.0  lagr: 0.05898566544055939
====================================================================================================

training epoch:98
 l_p: 0.058796197175979614  l_d: 0.0  lagr: 0.058796197175979614
====================================================================================================

training epoch:99
 l_p: 0.05931298807263374  l_d: 0.0  lagr: 0.05931298807263374
====================================================================================================

training epoch:100
 l_p: 0.05581670254468918  l_d: 0.0  lagr: 0.05581670254468918
====================================================================================================

training epoch:101
 l_p: 0.05904721841216087  l_d: 0.0  lagr: 0.05904721841216087
====================================================================================================

training epoch:102
 l_p: 0.05820496380329132  l_d: 0.0  lagr: 0.05820496380329132
====================================================================================================

training epoch:103
 l_p: 0.05850673094391823  l_d: 0.0  lagr: 0.05850673094391823
====================================================================================================

training epoch:104
 l_p: 0.058679427951574326  l_d: 0.0  lagr: 0.058679427951574326
====================================================================================================

training epoch:105
 l_p: 0.05846525356173515  l_d: 0.0  lagr: 0.05846525356173515
====================================================================================================

training epoch:106
 l_p: 0.05740175396203995  l_d: 0.0  lagr: 0.05740175396203995
====================================================================================================

training epoch:107
 l_p: 0.05785081535577774  l_d: 0.0  lagr: 0.05785081535577774
====================================================================================================

training epoch:108
 l_p: 0.07070871442556381  l_d: 0.0  lagr: 0.07070871442556381
====================================================================================================

training epoch:109
 l_p: 0.056982483714818954  l_d: 0.0  lagr: 0.056982483714818954
====================================================================================================

training epoch:110
 l_p: 0.0578811913728714  l_d: 0.0  lagr: 0.0578811913728714
====================================================================================================

training epoch:111
 l_p: 0.05835799127817154  l_d: 0.0  lagr: 0.05835799127817154
====================================================================================================

training epoch:112
 l_p: 0.057539038360118866  l_d: 0.0  lagr: 0.057539038360118866
====================================================================================================

training epoch:113
 l_p: 0.05806959047913551  l_d: 0.0  lagr: 0.05806959047913551
====================================================================================================

training epoch:114
 l_p: 0.05298905074596405  l_d: 0.0  lagr: 0.05298905074596405
====================================================================================================

training epoch:115
 l_p: 0.05712322145700455  l_d: 0.0  lagr: 0.05712322145700455
====================================================================================================

training epoch:116
 l_p: 0.057022687047719955  l_d: 0.0  lagr: 0.057022687047719955
====================================================================================================

training epoch:117
 l_p: 0.0572265088558197  l_d: 0.0  lagr: 0.0572265088558197
====================================================================================================

training epoch:118
 l_p: 0.057296086102724075  l_d: 0.0  lagr: 0.057296086102724075
====================================================================================================

training epoch:119
 l_p: 0.06280060112476349  l_d: 0.0  lagr: 0.06280060112476349
====================================================================================================

training epoch:120
 l_p: 0.05723606422543526  l_d: 0.0  lagr: 0.05723606422543526
====================================================================================================

training epoch:121
 l_p: 0.058702025562524796  l_d: 0.0  lagr: 0.058702025562524796
====================================================================================================

training epoch:122
 l_p: 0.05773208290338516  l_d: 0.0  lagr: 0.05773208290338516
====================================================================================================

training epoch:123
 l_p: 0.05762177333235741  l_d: 0.0  lagr: 0.05762177333235741
====================================================================================================

training epoch:124
 l_p: 0.052889540791511536  l_d: 0.0  lagr: 0.052889540791511536
====================================================================================================

training epoch:125
 l_p: 0.056869979947805405  l_d: 0.0  lagr: 0.056869979947805405
====================================================================================================

training epoch:126
 l_p: 0.057313524186611176  l_d: 0.0  lagr: 0.057313524186611176
====================================================================================================

training epoch:127
 l_p: 0.05678765848278999  l_d: 0.0  lagr: 0.05678765848278999
====================================================================================================

training epoch:128
 l_p: 0.05649064481258392  l_d: 0.0  lagr: 0.05649064481258392
====================================================================================================

training epoch:129
 l_p: 0.055971331894397736  l_d: 0.0  lagr: 0.055971331894397736
====================================================================================================

training epoch:130
 l_p: 0.05598054453730583  l_d: 0.0  lagr: 0.05598054453730583
====================================================================================================

training epoch:131
 l_p: 0.05756743252277374  l_d: 0.0  lagr: 0.05756743252277374
====================================================================================================

training epoch:132
 l_p: 0.0568474717438221  l_d: 0.0  lagr: 0.0568474717438221
====================================================================================================

training epoch:133
 l_p: 0.05607810616493225  l_d: 0.0  lagr: 0.05607810616493225
====================================================================================================

training epoch:134
 l_p: 0.056182149797677994  l_d: 0.0  lagr: 0.056182149797677994
====================================================================================================

training epoch:135
 l_p: 0.05760584771633148  l_d: 0.0  lagr: 0.05760584771633148
====================================================================================================

training epoch:136
 l_p: 0.05624709650874138  l_d: 0.0  lagr: 0.05624709650874138
====================================================================================================

training epoch:137
 l_p: 0.05617495998740196  l_d: 0.0  lagr: 0.05617495998740196
====================================================================================================

training epoch:138
 l_p: 0.056455761194229126  l_d: 0.0  lagr: 0.056455761194229126
====================================================================================================

training epoch:139
 l_p: 0.05578313767910004  l_d: 0.0  lagr: 0.05578313767910004
====================================================================================================

training epoch:140
 l_p: 0.056124698370695114  l_d: 0.0  lagr: 0.056124698370695114
====================================================================================================

training epoch:141
 l_p: 0.056144338101148605  l_d: 0.0  lagr: 0.056144338101148605
====================================================================================================

training epoch:142
 l_p: 0.05631091073155403  l_d: 0.0  lagr: 0.05631091073155403
====================================================================================================

training epoch:143
 l_p: 0.055469632148742676  l_d: 0.0  lagr: 0.055469632148742676
====================================================================================================

training epoch:144
 l_p: 0.056202296167612076  l_d: 0.0  lagr: 0.056202296167612076
====================================================================================================

training epoch:145
 l_p: 0.056024979799985886  l_d: 0.0  lagr: 0.056024979799985886
====================================================================================================

training epoch:146
 l_p: 0.055861588567495346  l_d: 0.0  lagr: 0.055861588567495346
====================================================================================================

training epoch:147
 l_p: 0.055348265916109085  l_d: 0.0  lagr: 0.055348265916109085
====================================================================================================

training epoch:148
 l_p: 0.055522479116916656  l_d: 0.0  lagr: 0.055522479116916656
====================================================================================================

training epoch:149
 l_p: 0.05603267624974251  l_d: 0.0  lagr: 0.05603267624974251
====================================================================================================

training epoch:150
 l_p: 0.05587932467460632  l_d: 0.0  lagr: 0.05587932467460632
====================================================================================================

training epoch:151
 l_p: 0.05526329204440117  l_d: 0.0  lagr: 0.05526329204440117
====================================================================================================

training epoch:152
 l_p: 0.05638736113905907  l_d: 0.0  lagr: 0.05638736113905907
====================================================================================================

training epoch:153
 l_p: 0.05546848848462105  l_d: 0.0  lagr: 0.05546848848462105
====================================================================================================

training epoch:154
 l_p: 0.05601106211543083  l_d: 0.0  lagr: 0.05601106211543083
====================================================================================================

training epoch:155
 l_p: 0.055596932768821716  l_d: 0.0  lagr: 0.055596932768821716
====================================================================================================

training epoch:156
 l_p: 0.05543988198041916  l_d: 0.0  lagr: 0.05543988198041916
====================================================================================================

training epoch:157
 l_p: 0.05555237457156181  l_d: 0.0  lagr: 0.05555237457156181
====================================================================================================

training epoch:158
 l_p: 0.055304333567619324  l_d: 0.0  lagr: 0.055304333567619324
====================================================================================================

training epoch:159
 l_p: 0.06168389692902565  l_d: 0.0  lagr: 0.06168389692902565
====================================================================================================

training epoch:160
 l_p: 0.055404890328645706  l_d: 0.0  lagr: 0.055404890328645706
====================================================================================================

training epoch:161
 l_p: 0.05534588173031807  l_d: 0.0  lagr: 0.05534588173031807
====================================================================================================

training epoch:162
 l_p: 0.054703596979379654  l_d: 0.0  lagr: 0.054703596979379654
====================================================================================================

training epoch:163
 l_p: 0.05730985477566719  l_d: 0.0  lagr: 0.05730985477566719
====================================================================================================

training epoch:164
 l_p: 0.056835468858480453  l_d: 0.0  lagr: 0.056835468858480453
====================================================================================================

training epoch:165
 l_p: 0.055193573236465454  l_d: 0.0  lagr: 0.055193573236465454
====================================================================================================

training epoch:166
 l_p: 0.05544498562812805  l_d: 0.0  lagr: 0.05544498562812805
====================================================================================================

training epoch:167
 l_p: 0.056112006306648254  l_d: 0.0  lagr: 0.056112006306648254
====================================================================================================

training epoch:168
 l_p: 0.05616939440369606  l_d: 0.0  lagr: 0.05616939440369606
====================================================================================================

training epoch:169
 l_p: 0.05529934912919998  l_d: 0.0  lagr: 0.05529934912919998
====================================================================================================

training epoch:170
 l_p: 0.055512961000204086  l_d: 0.0  lagr: 0.055512961000204086
====================================================================================================

training epoch:171
 l_p: 0.05493316054344177  l_d: 0.0  lagr: 0.05493316054344177
====================================================================================================

training epoch:172
 l_p: 0.05511435493826866  l_d: 0.0  lagr: 0.05511435493826866
====================================================================================================

training epoch:173
 l_p: 0.05488422513008118  l_d: 0.0  lagr: 0.05488422513008118
====================================================================================================

training epoch:174
 l_p: 0.05465227738022804  l_d: 0.0  lagr: 0.05465227738022804
====================================================================================================

training epoch:175
 l_p: 0.05492435768246651  l_d: 0.0  lagr: 0.05492435768246651
====================================================================================================

training epoch:176
 l_p: 0.054915331304073334  l_d: 0.0  lagr: 0.054915331304073334
====================================================================================================

training epoch:177
 l_p: 0.05557212233543396  l_d: 0.0  lagr: 0.05557212233543396
====================================================================================================

training epoch:178
 l_p: 0.05472494661808014  l_d: 0.0  lagr: 0.05472494661808014
====================================================================================================

training epoch:179
 l_p: 0.05508283153176308  l_d: 0.0  lagr: 0.05508283153176308
====================================================================================================

training epoch:180
 l_p: 0.05502428486943245  l_d: 0.0  lagr: 0.05502428486943245
====================================================================================================

training epoch:181
 l_p: 0.05473809316754341  l_d: 0.0  lagr: 0.05473809316754341
====================================================================================================

training epoch:182
 l_p: 0.05474480986595154  l_d: 0.0  lagr: 0.05474480986595154
====================================================================================================

training epoch:183
 l_p: 0.054579075425863266  l_d: 0.0  lagr: 0.054579075425863266
====================================================================================================

training epoch:184
 l_p: 0.056712616235017776  l_d: 0.0  lagr: 0.056712616235017776
====================================================================================================

training epoch:185
 l_p: 0.05529943108558655  l_d: 0.0  lagr: 0.05529943108558655
====================================================================================================

training epoch:186
 l_p: 0.05476619303226471  l_d: 0.0  lagr: 0.05476619303226471
====================================================================================================

training epoch:187
 l_p: 0.054296884685754776  l_d: 0.0  lagr: 0.054296884685754776
====================================================================================================

training epoch:188
 l_p: 0.054657407104969025  l_d: 0.0  lagr: 0.054657407104969025
====================================================================================================

training epoch:189
 l_p: 0.05501476302742958  l_d: 0.0  lagr: 0.05501476302742958
====================================================================================================

training epoch:190
 l_p: 0.06773194670677185  l_d: 0.0  lagr: 0.06773194670677185
====================================================================================================

training epoch:191
 l_p: 0.05466347560286522  l_d: 0.0  lagr: 0.05466347560286522
====================================================================================================

training epoch:192
 l_p: 0.05598142743110657  l_d: 0.0  lagr: 0.05598142743110657
====================================================================================================

training epoch:193
 l_p: 0.05423472076654434  l_d: 0.0  lagr: 0.05423472076654434
====================================================================================================

training epoch:194
 l_p: 0.05474955961108208  l_d: 0.0  lagr: 0.05474955961108208
====================================================================================================

training epoch:195
 l_p: 0.0545482411980629  l_d: 0.0  lagr: 0.0545482411980629
====================================================================================================

training epoch:196
 l_p: 0.054513365030288696  l_d: 0.0  lagr: 0.054513365030288696
====================================================================================================

training epoch:197
 l_p: 0.05435527488589287  l_d: 0.0  lagr: 0.05435527488589287
====================================================================================================

training epoch:198
 l_p: 0.054222188889980316  l_d: 0.0  lagr: 0.054222188889980316
====================================================================================================

training epoch:199
 l_p: 0.05592029541730881  l_d: 0.0  lagr: 0.05592029541730881
中断概率数据已保存到: c:\Users\ghhg\Documents\CINT\Data_model_drive_direct--\train\models\HARQ_NumK=5_pout_data_20250224_112700.csv
