
bounds:-1.0	db:[10, 12, 14, 16, 18, 20, 22, 24]	Pt_max:1.0
model init: 
lambdas:{'pout': tensor([1.]), 'power': tensor([1.])},
vars:{'pout': tensor([0.]), 'power': tensor([0.])}

====================================================================================================

training epoch:0
 l_p: -3.3259644508361816  l_d: -48.61522674560547  lagr: -51.941192626953125
====================================================================================================

training epoch:1
 l_p: 0.1399468630552292  l_d: -72.4231185913086  lagr: -72.28317260742188
====================================================================================================

training epoch:2
 l_p: 0.1478300243616104  l_d: -71.1662826538086  lagr: -71.0184555053711
====================================================================================================

training epoch:3
 l_p: 0.10788491368293762  l_d: -79.14213562011719  lagr: -79.03424835205078
====================================================================================================

training epoch:4
 l_p: 0.10784284770488739  l_d: -68.94438934326172  lagr: -68.8365478515625
====================================================================================================

training epoch:5
 l_p: 0.11806531250476837  l_d: -60.60775375366211  lagr: -60.489688873291016
====================================================================================================

training epoch:6
 l_p: 0.11927762627601624  l_d: -42.13645935058594  lagr: -42.017181396484375
====================================================================================================

training epoch:7
 l_p: 0.14183244109153748  l_d: -61.030765533447266  lagr: -60.88893127441406
====================================================================================================

training epoch:8
 l_p: 0.13840115070343018  l_d: -53.715065002441406  lagr: -53.576663970947266
====================================================================================================

training epoch:9
 l_p: 0.12075063586235046  l_d: -69.5407485961914  lagr: -69.41999816894531
====================================================================================================

training epoch:10
 l_p: 0.11546047031879425  l_d: -47.326663970947266  lagr: -47.211204528808594
====================================================================================================

training epoch:11
 l_p: 0.11183785647153854  l_d: -51.68448257446289  lagr: -51.5726432800293
====================================================================================================

training epoch:12
 l_p: 0.11009702831506729  l_d: -51.360260009765625  lagr: -51.25016403198242
====================================================================================================

training epoch:13
 l_p: 0.10773737728595734  l_d: -41.864013671875  lagr: -41.75627517700195
====================================================================================================

training epoch:14
 l_p: 0.10885671526193619  l_d: -44.95774459838867  lagr: -44.8488883972168
====================================================================================================

training epoch:15
 l_p: 0.12603378295898438  l_d: -35.967124938964844  lagr: -35.84109115600586
====================================================================================================

training epoch:16
 l_p: 0.10959403961896896  l_d: -37.59178161621094  lagr: -37.4821891784668
====================================================================================================

training epoch:17
 l_p: 0.0012531375978142023  l_d: -28.365690231323242  lagr: -28.364437103271484
====================================================================================================

training epoch:18
 l_p: 0.09905853122472763  l_d: -21.12630271911621  lagr: -21.027244567871094
====================================================================================================

training epoch:19
 l_p: 0.05733522027730942  l_d: -20.820484161376953  lagr: -20.76314926147461
====================================================================================================

training epoch:20
 l_p: 0.08556339144706726  l_d: -19.660228729248047  lagr: -19.574665069580078
====================================================================================================

training epoch:21
 l_p: 0.0867866575717926  l_d: -23.061573028564453  lagr: -22.97478675842285
====================================================================================================

training epoch:22
 l_p: 0.08735187351703644  l_d: -13.777334213256836  lagr: -13.689982414245605
====================================================================================================

training epoch:23
 l_p: 0.08431384712457657  l_d: -14.537266731262207  lagr: -14.452953338623047
====================================================================================================

training epoch:24
 l_p: 0.0811937227845192  l_d: -9.271074295043945  lagr: -9.18988037109375
====================================================================================================

training epoch:25
 l_p: 0.07813307642936707  l_d: -6.722619533538818  lagr: -6.644486427307129
====================================================================================================

training epoch:26
 l_p: 0.07197894901037216  l_d: -5.5838623046875  lagr: -5.51188325881958
====================================================================================================

training epoch:27
 l_p: 0.06750523298978806  l_d: -3.400707244873047  lagr: -3.3332021236419678
====================================================================================================

training epoch:28
 l_p: 0.06423576176166534  l_d: -1.6732840538024902  lagr: -1.6090482473373413
====================================================================================================

training epoch:29
 l_p: 0.05970117449760437  l_d: -1.852850317955017  lagr: -1.7931491136550903
====================================================================================================

training epoch:30
 l_p: 0.05836945399641991  l_d: -1.849609613418579  lagr: -1.7912402153015137
====================================================================================================

training epoch:31
 l_p: 0.0571201853454113  l_d: -1.8540054559707642  lagr: -1.7968852519989014
====================================================================================================

training epoch:32
 l_p: 0.05723142996430397  l_d: -1.7306475639343262  lagr: -1.6734161376953125
====================================================================================================

training epoch:33
 l_p: 0.05520406737923622  l_d: -1.7361490726470947  lagr: -1.6809450387954712
====================================================================================================

training epoch:34
 l_p: 0.055237218737602234  l_d: -1.5485317707061768  lagr: -1.493294596672058
====================================================================================================

training epoch:35
 l_p: 0.05411006882786751  l_d: -1.516053318977356  lagr: -1.46194326877594
====================================================================================================

training epoch:36
 l_p: 0.05374271795153618  l_d: -1.33548104763031  lagr: -1.28173828125
====================================================================================================

training epoch:37
 l_p: 0.05376094952225685  l_d: -1.1254926919937134  lagr: -1.071731686592102
====================================================================================================

training epoch:38
 l_p: 0.05358091741800308  l_d: -0.9435014128684998  lagr: -0.8899204730987549
====================================================================================================

training epoch:39
 l_p: 0.053471922874450684  l_d: -0.7335885763168335  lagr: -0.6801166534423828
====================================================================================================

training epoch:40
 l_p: 0.0527367889881134  l_d: -0.5548338890075684  lagr: -0.5020971298217773
====================================================================================================

training epoch:41
 l_p: 0.052846454083919525  l_d: -0.32152101397514343  lagr: -0.2686745524406433
====================================================================================================

training epoch:42
 l_p: 0.05330494046211243  l_d: -0.07931310683488846  lagr: -0.02600816637277603
====================================================================================================

training epoch:43
 l_p: 0.05289985612034798  l_d: 0.001977012027055025  lagr: 0.054876867681741714
====================================================================================================

training epoch:44
 l_p: 0.0530431792140007  l_d: -0.0031040767207741737  lagr: 0.0499391034245491
====================================================================================================

training epoch:45
 l_p: 0.05295911803841591  l_d: -0.0013664759462699294  lagr: 0.051592640578746796
====================================================================================================

training epoch:46
 l_p: 0.053291138261556625  l_d: 0.0  lagr: 0.053291138261556625
====================================================================================================

training epoch:47
 l_p: 0.05292554199695587  l_d: 0.0  lagr: 0.05292554199695587
====================================================================================================

training epoch:48
 l_p: 0.05366251617670059  l_d: 0.0  lagr: 0.05366251617670059
====================================================================================================

training epoch:49
 l_p: 0.05289585888385773  l_d: -0.0010908585973083973  lagr: 0.05180500075221062
====================================================================================================

training epoch:50
 l_p: 0.05283381789922714  l_d: 0.0  lagr: 0.05283381789922714
====================================================================================================

training epoch:51
 l_p: 0.05377399921417236  l_d: 0.0  lagr: 0.05377399921417236
====================================================================================================

training epoch:52
 l_p: 0.05359547212719917  l_d: 0.0  lagr: 0.05359547212719917
====================================================================================================

training epoch:53
 l_p: 0.05302201583981514  l_d: 0.0  lagr: 0.05302201583981514
====================================================================================================

training epoch:54
 l_p: 0.0531141459941864  l_d: 0.0  lagr: 0.0531141459941864
====================================================================================================

training epoch:55
 l_p: 0.0532846637070179  l_d: 0.0  lagr: 0.0532846637070179
====================================================================================================

training epoch:56
 l_p: 0.05273103341460228  l_d: 0.0  lagr: 0.05273103341460228
====================================================================================================

training epoch:57
 l_p: 0.05367101728916168  l_d: 0.0  lagr: 0.05367101728916168
====================================================================================================

training epoch:58
 l_p: 0.053255338221788406  l_d: 0.0  lagr: 0.053255338221788406
====================================================================================================

training epoch:59
 l_p: 0.052786685526371  l_d: -0.001414286787621677  lagr: 0.05137239769101143
====================================================================================================

training epoch:60
 l_p: 0.053535785526037216  l_d: 0.0  lagr: 0.053535785526037216
====================================================================================================

training epoch:61
 l_p: 0.053519561886787415  l_d: 0.0  lagr: 0.053519561886787415
====================================================================================================

training epoch:62
 l_p: 0.05328910052776337  l_d: 3.879444921039976e-05  lagr: 0.05332789570093155
====================================================================================================

training epoch:63
 l_p: 0.053331322968006134  l_d: 0.0  lagr: 0.053331322968006134
====================================================================================================

training epoch:64
 l_p: 0.05306779965758324  l_d: 0.0  lagr: 0.05306779965758324
====================================================================================================

training epoch:65
 l_p: 0.05358552560210228  l_d: 0.0  lagr: 0.05358552560210228
====================================================================================================

training epoch:66
 l_p: 0.052945513278245926  l_d: 0.0  lagr: 0.052945513278245926
====================================================================================================

training epoch:67
 l_p: 0.053206752985715866  l_d: 0.0  lagr: 0.053206752985715866
====================================================================================================

training epoch:68
 l_p: 0.05347755551338196  l_d: -2.6972038540407084e-05  lagr: 0.053450584411621094
====================================================================================================

training epoch:69
 l_p: 0.052947498857975006  l_d: -0.00024740290245972574  lagr: 0.05270009487867355
====================================================================================================

training epoch:70
 l_p: 0.05346248298883438  l_d: 0.0  lagr: 0.05346248298883438
====================================================================================================

training epoch:71
 l_p: 0.0529068224132061  l_d: 0.0  lagr: 0.0529068224132061
====================================================================================================

training epoch:72
 l_p: 0.05330913886427879  l_d: -8.9362780272495e-05  lagr: 0.05321977660059929
====================================================================================================

training epoch:73
 l_p: 0.05318736657500267  l_d: 0.0  lagr: 0.05318736657500267
====================================================================================================

training epoch:74
 l_p: 0.05289533734321594  l_d: 0.0  lagr: 0.05289533734321594
====================================================================================================

training epoch:75
 l_p: 0.05316322296857834  l_d: -0.0008178787538781762  lagr: 0.05234534293413162
====================================================================================================

training epoch:76
 l_p: 0.05289711430668831  l_d: 0.0  lagr: 0.05289711430668831
====================================================================================================

training epoch:77
 l_p: 0.052945900708436966  l_d: 0.0  lagr: 0.052945900708436966
====================================================================================================

training epoch:78
 l_p: 0.05316271260380745  l_d: 0.0  lagr: 0.05316271260380745
====================================================================================================

training epoch:79
 l_p: 0.05313583463430405  l_d: 0.0  lagr: 0.05313583463430405
====================================================================================================

training epoch:80
 l_p: 0.05336945876479149  l_d: 0.00018301804084330797  lagr: 0.053552478551864624
====================================================================================================

training epoch:81
 l_p: 0.05317152664065361  l_d: -0.000357597105903551  lagr: 0.052813928574323654
====================================================================================================

training epoch:82
 l_p: 0.05357884243130684  l_d: 0.0002486475568730384  lagr: 0.05382749065756798
====================================================================================================

training epoch:83
 l_p: 0.053212717175483704  l_d: -0.00023278944718185812  lagr: 0.05297992751002312
====================================================================================================

training epoch:84
 l_p: 0.053545013070106506  l_d: 0.0  lagr: 0.053545013070106506
====================================================================================================

training epoch:85
 l_p: 0.05303043872117996  l_d: 0.0  lagr: 0.05303043872117996
====================================================================================================

training epoch:86
 l_p: 0.05318563058972359  l_d: 0.0  lagr: 0.05318563058972359
====================================================================================================

training epoch:87
 l_p: 0.053315792232751846  l_d: -1.724658432067372e-05  lagr: 0.05329854413866997
====================================================================================================

training epoch:88
 l_p: 0.05345109477639198  l_d: -0.000729270454030484  lagr: 0.05272182449698448
====================================================================================================

training epoch:89
 l_p: 0.05322636663913727  l_d: 0.0  lagr: 0.05322636663913727
====================================================================================================

training epoch:90
 l_p: 0.05343038961291313  l_d: 0.0  lagr: 0.05343038961291313
====================================================================================================

training epoch:91
 l_p: 0.053958699107170105  l_d: 0.0  lagr: 0.053958699107170105
====================================================================================================

training epoch:92
 l_p: 0.052819978445768356  l_d: 0.0  lagr: 0.052819978445768356
====================================================================================================

training epoch:93
 l_p: 0.05308392643928528  l_d: 0.0  lagr: 0.05308392643928528
====================================================================================================

training epoch:94
 l_p: 0.053267136216163635  l_d: 0.0  lagr: 0.053267136216163635
====================================================================================================

training epoch:95
 l_p: 0.05287763103842735  l_d: -0.0009893078822642565  lagr: 0.051888324320316315
====================================================================================================

training epoch:96
 l_p: 0.053282517939805984  l_d: 0.0  lagr: 0.053282517939805984
====================================================================================================

training epoch:97
 l_p: 0.053351230919361115  l_d: 0.0  lagr: 0.053351230919361115
====================================================================================================

training epoch:98
 l_p: 0.05324733629822731  l_d: 0.0  lagr: 0.05324733629822731
====================================================================================================

training epoch:99
 l_p: 0.053218379616737366  l_d: 0.0  lagr: 0.053218379616737366
====================================================================================================

training epoch:100
 l_p: 0.053537044674158096  l_d: 0.0  lagr: 0.053537044674158096
====================================================================================================

training epoch:101
 l_p: 0.053258057683706284  l_d: -0.00014341346104629338  lagr: 0.053114645183086395
====================================================================================================

training epoch:102
 l_p: 0.05304558575153351  l_d: 0.0  lagr: 0.05304558575153351
====================================================================================================

training epoch:103
 l_p: 0.05334382876753807  l_d: 0.0  lagr: 0.05334382876753807
====================================================================================================

training epoch:104
 l_p: 0.05336534604430199  l_d: 0.0  lagr: 0.05336534604430199
====================================================================================================

training epoch:105
 l_p: 0.05343333259224892  l_d: 0.0  lagr: 0.05343333259224892
====================================================================================================

training epoch:106
 l_p: 0.05293477699160576  l_d: 0.0  lagr: 0.05293477699160576
====================================================================================================

training epoch:107
 l_p: 0.05312652513384819  l_d: 0.0  lagr: 0.05312652513384819
====================================================================================================

training epoch:108
 l_p: 0.053731419146060944  l_d: 0.0016352598322555423  lagr: 0.05536668002605438
====================================================================================================

training epoch:109
 l_p: 0.0527350939810276  l_d: 0.0  lagr: 0.0527350939810276
====================================================================================================

training epoch:110
 l_p: 0.05305274575948715  l_d: 0.0  lagr: 0.05305274575948715
====================================================================================================

training epoch:111
 l_p: 0.05337173119187355  l_d: 0.0  lagr: 0.05337173119187355
====================================================================================================

training epoch:112
 l_p: 0.05295882374048233  l_d: -0.00016480385966133326  lagr: 0.052794020622968674
====================================================================================================

training epoch:113
 l_p: 0.05332507938146591  l_d: 0.0  lagr: 0.05332507938146591
====================================================================================================

training epoch:114
 l_p: 0.05338035523891449  l_d: 0.0  lagr: 0.05338035523891449
====================================================================================================

training epoch:115
 l_p: 0.05302821099758148  l_d: 0.0  lagr: 0.05302821099758148
====================================================================================================

training epoch:116
 l_p: 0.05290282890200615  l_d: 0.0  lagr: 0.05290282890200615
====================================================================================================

training epoch:117
 l_p: 0.05311337485909462  l_d: 0.0  lagr: 0.05311337485909462
====================================================================================================

training epoch:118
 l_p: 0.053132299333810806  l_d: -0.0017612749943509698  lagr: 0.051371023058891296
====================================================================================================

training epoch:119
 l_p: 0.05379588529467583  l_d: 0.0  lagr: 0.05379588529467583
====================================================================================================

training epoch:120
 l_p: 0.05296340957283974  l_d: -0.0008770289132371545  lagr: 0.05208637937903404
====================================================================================================

training epoch:121
 l_p: 0.053160328418016434  l_d: 0.0  lagr: 0.053160328418016434
====================================================================================================

training epoch:122
 l_p: 0.05367583408951759  l_d: 0.0  lagr: 0.05367583408951759
====================================================================================================

training epoch:123
 l_p: 0.053187236189842224  l_d: 0.0  lagr: 0.053187236189842224
====================================================================================================

training epoch:124
 l_p: 0.05324941501021385  l_d: 0.0  lagr: 0.05324941501021385
====================================================================================================

training epoch:125
 l_p: 0.05320334434509277  l_d: -0.0001195109507534653  lagr: 0.05308383330702782
====================================================================================================

training epoch:126
 l_p: 0.0534018836915493  l_d: 0.0  lagr: 0.0534018836915493
====================================================================================================

training epoch:127
 l_p: 0.05338400974869728  l_d: 0.0  lagr: 0.05338400974869728
====================================================================================================

training epoch:128
 l_p: 0.05299507454037666  l_d: 0.0  lagr: 0.05299507454037666
====================================================================================================

training epoch:129
 l_p: 0.05295486003160477  l_d: -0.00024145872157532722  lagr: 0.05271340161561966
====================================================================================================

training epoch:130
 l_p: 0.052895449101924896  l_d: 0.0  lagr: 0.052895449101924896
====================================================================================================

training epoch:131
 l_p: 0.053721342235803604  l_d: 0.0  lagr: 0.053721342235803604
====================================================================================================

training epoch:132
 l_p: 0.05374493449926376  l_d: 0.0  lagr: 0.05374493449926376
====================================================================================================

training epoch:133
 l_p: 0.0531318224966526  l_d: 0.0  lagr: 0.0531318224966526
====================================================================================================

training epoch:134
 l_p: 0.052974820137023926  l_d: 0.0  lagr: 0.052974820137023926
====================================================================================================

training epoch:135
 l_p: 0.05314991995692253  l_d: 0.0  lagr: 0.05314991995692253
====================================================================================================

training epoch:136
 l_p: 0.05317120626568794  l_d: 0.0  lagr: 0.05317120626568794
====================================================================================================

training epoch:137
 l_p: 0.05317811667919159  l_d: -7.831352559151128e-05  lagr: 0.05309980362653732
====================================================================================================

training epoch:138
 l_p: 0.05362449958920479  l_d: 0.0  lagr: 0.05362449958920479
====================================================================================================

training epoch:139
 l_p: 0.05291980877518654  l_d: 0.0  lagr: 0.05291980877518654
====================================================================================================

training epoch:140
 l_p: 0.053058721125125885  l_d: 0.0  lagr: 0.053058721125125885
====================================================================================================

training epoch:141
 l_p: 0.05329542234539986  l_d: 0.0  lagr: 0.05329542234539986
====================================================================================================

training epoch:142
 l_p: 0.05353035032749176  l_d: 0.0  lagr: 0.05353035032749176
====================================================================================================

training epoch:143
 l_p: 0.05281068757176399  l_d: 0.0  lagr: 0.05281068757176399
====================================================================================================

training epoch:144
 l_p: 0.05325612053275108  l_d: 0.0  lagr: 0.05325612053275108
====================================================================================================

training epoch:145
 l_p: 0.05318771302700043  l_d: 0.0  lagr: 0.05318771302700043
====================================================================================================

training epoch:146
 l_p: 0.053151533007621765  l_d: 0.0  lagr: 0.053151533007621765
====================================================================================================

training epoch:147
 l_p: 0.052797574549913406  l_d: -0.00021422551071736962  lagr: 0.052583348006010056
====================================================================================================

training epoch:148
 l_p: 0.052868641912937164  l_d: 0.0  lagr: 0.052868641912937164
====================================================================================================

training epoch:149
 l_p: 0.05325816944241524  l_d: -2.7322766982251778e-05  lagr: 0.05323084816336632
====================================================================================================

training epoch:150
 l_p: 0.05319112166762352  l_d: 0.0  lagr: 0.05319112166762352
====================================================================================================

training epoch:151
 l_p: 0.05265862122178078  l_d: 0.0  lagr: 0.05265862122178078
====================================================================================================

training epoch:152
 l_p: 0.053613439202308655  l_d: 0.0  lagr: 0.053613439202308655
====================================================================================================

training epoch:153
 l_p: 0.053108908236026764  l_d: 0.0  lagr: 0.053108908236026764
====================================================================================================

training epoch:154
 l_p: 0.05359325930476189  l_d: 5.0809099775506184e-05  lagr: 0.05364406853914261
====================================================================================================

training epoch:155
 l_p: 0.053356483578681946  l_d: 0.0  lagr: 0.053356483578681946
====================================================================================================

training epoch:156
 l_p: 0.05336158350110054  l_d: -0.000963837665040046  lagr: 0.052397746592760086
====================================================================================================

training epoch:157
 l_p: 0.05345362797379494  l_d: 0.0  lagr: 0.05345362797379494
====================================================================================================

training epoch:158
 l_p: 0.05304823815822601  l_d: 0.0  lagr: 0.05304823815822601
====================================================================================================

training epoch:159
 l_p: 0.05345746502280235  l_d: 0.0  lagr: 0.05345746502280235
====================================================================================================

training epoch:160
 l_p: 0.05321639031171799  l_d: 0.0  lagr: 0.05321639031171799
====================================================================================================

training epoch:161
 l_p: 0.053329914808273315  l_d: 0.0  lagr: 0.053329914808273315
====================================================================================================

training epoch:162
 l_p: 0.052765730768442154  l_d: 0.0  lagr: 0.052765730768442154
====================================================================================================

training epoch:163
 l_p: 0.05356660857796669  l_d: 0.0  lagr: 0.05356660857796669
====================================================================================================

training epoch:164
 l_p: 0.053309086710214615  l_d: 0.0  lagr: 0.053309086710214615
====================================================================================================

training epoch:165
 l_p: 0.05329273268580437  l_d: 0.0  lagr: 0.05329273268580437
====================================================================================================

training epoch:166
 l_p: 0.05333144590258598  l_d: 0.0  lagr: 0.05333144590258598
====================================================================================================

training epoch:167
 l_p: 0.053426336497068405  l_d: -6.044883411959745e-05  lagr: 0.053365886211395264
====================================================================================================

training epoch:168
 l_p: 0.05337700992822647  l_d: 0.0  lagr: 0.05337700992822647
====================================================================================================

training epoch:169
 l_p: 0.0529487282037735  l_d: 0.0  lagr: 0.0529487282037735
====================================================================================================

training epoch:170
 l_p: 0.05357448011636734  l_d: 0.0  lagr: 0.05357448011636734
====================================================================================================

training epoch:171
 l_p: 0.05293671041727066  l_d: 0.0  lagr: 0.05293671041727066
====================================================================================================

training epoch:172
 l_p: 0.05331099033355713  l_d: -0.0006606370443478227  lagr: 0.05265035480260849
====================================================================================================

training epoch:173
 l_p: 0.05280091613531113  l_d: 0.0  lagr: 0.05280091613531113
====================================================================================================

training epoch:174
 l_p: 0.052863650023937225  l_d: 0.0  lagr: 0.052863650023937225
====================================================================================================

training epoch:175
 l_p: 0.053189944475889206  l_d: 0.0  lagr: 0.053189944475889206
====================================================================================================

training epoch:176
 l_p: 0.05307817459106445  l_d: 0.0  lagr: 0.05307817459106445
====================================================================================================

training epoch:177
 l_p: 0.05349474400281906  l_d: 0.0  lagr: 0.05349474400281906
====================================================================================================

training epoch:178
 l_p: 0.05289986729621887  l_d: 0.0  lagr: 0.05289986729621887
====================================================================================================

training epoch:179
 l_p: 0.05333344638347626  l_d: 2.8043143174727447e-05  lagr: 0.05336149036884308
====================================================================================================

training epoch:180
 l_p: 0.05328190699219704  l_d: 0.0  lagr: 0.05328190699219704
====================================================================================================

training epoch:181
 l_p: 0.05299016088247299  l_d: 0.0  lagr: 0.05299016088247299
====================================================================================================

training epoch:182
 l_p: 0.05316999554634094  l_d: 0.0  lagr: 0.05316999554634094
====================================================================================================

training epoch:183
 l_p: 0.05277140066027641  l_d: 0.0  lagr: 0.05277140066027641
====================================================================================================

training epoch:184
 l_p: 0.05350247025489807  l_d: 0.0  lagr: 0.05350247025489807
====================================================================================================

training epoch:185
 l_p: 0.05323030427098274  l_d: 0.0  lagr: 0.05323030427098274
====================================================================================================

training epoch:186
 l_p: 0.053135376423597336  l_d: 0.0  lagr: 0.053135376423597336
====================================================================================================

training epoch:187
 l_p: 0.05288822203874588  l_d: -0.0012021692236885428  lagr: 0.05168605223298073
====================================================================================================

training epoch:188
 l_p: 0.053146228194236755  l_d: 0.0  lagr: 0.053146228194236755
====================================================================================================

training epoch:189
 l_p: 0.053801003843545914  l_d: 0.0  lagr: 0.053801003843545914
====================================================================================================

training epoch:190
 l_p: 0.05359675735235214  l_d: -0.0002784435055218637  lagr: 0.053318314254283905
====================================================================================================

training epoch:191
 l_p: 0.053469449281692505  l_d: 0.0  lagr: 0.053469449281692505
====================================================================================================

training epoch:192
 l_p: 0.05354302003979683  l_d: 0.0  lagr: 0.05354302003979683
====================================================================================================

training epoch:193
 l_p: 0.052986759692430496  l_d: 0.0  lagr: 0.052986759692430496
====================================================================================================

training epoch:194
 l_p: 0.05364837497472763  l_d: 0.0  lagr: 0.05364837497472763
====================================================================================================

training epoch:195
 l_p: 0.05318674445152283  l_d: 0.0  lagr: 0.05318674445152283
====================================================================================================

training epoch:196
 l_p: 0.053406693041324615  l_d: 0.0  lagr: 0.053406693041324615
====================================================================================================

training epoch:197
 l_p: 0.052862945944070816  l_d: 0.0  lagr: 0.052862945944070816
====================================================================================================

training epoch:198
 l_p: 0.05305615812540054  l_d: -0.0006638005143031478  lagr: 0.05239235609769821
====================================================================================================

training epoch:199
 l_p: 0.0532681941986084  l_d: 0.0  lagr: 0.0532681941986084
